#
# A fatal error has been detected by the Java Runtime Environment:
#
#  EXCEPTION_ACCESS_VIOLATION (0xc0000005) at pc=0x00007ff8ac07df0d, pid=1932, tid=5320
#
# JRE version: OpenJDK Runtime Environment Temurin-22.0.1+8 (22.0.1+8) (build 22.0.1+8)
# Java VM: OpenJDK 64-Bit Server VM Temurin-22.0.1+8 (22.0.1+8, mixed mode, tiered, compressed oops, compressed class ptrs, g1 gc, windows-amd64)
# Problematic frame:
# C  [lwjgl_opengl.dll+0xdf0d]
#
# No core dump will be written. Minidumps are not enabled by default on client versions of Windows
#
# If you would like to submit a bug report, please visit:
#   https://github.com/adoptium/adoptium-support/issues
# The crash happened outside the Java Virtual Machine in native code.
# See problematic frame for where to report the bug.
#

---------------  S U M M A R Y ------------

Command Line: -Dfile.encoding=UTF-8 -Dstdout.encoding=UTF-8 -Dstderr.encoding=UTF-8 -XX:+ShowCodeDetailsInExceptionMessages Main3D

Host: Intel(R) Core(TM) i5-4210U CPU @ 1.70GHz, 4 cores, 7G,  Windows 10 , 64 bit Build 19041 (10.0.19041.3636)
Time: Sun Jun 30 19:23:40 2024 Hora oficial do Brasil elapsed time: 1.908037 seconds (0d 0h 0m 1s)

---------------  T H R E A D  ---------------

Current thread (0x0000013f018dc630):  JavaThread "main"             [_thread_in_native, id=5320, stack(0x0000003093700000,0x0000003093800000) (1024K)]

Stack: [0x0000003093700000,0x0000003093800000],  sp=0x00000030937fecf8,  free space=1019k
Native frames: (J=compiled Java code, j=interpreted, Vv=VM code, C=native code)
C  [lwjgl_opengl.dll+0xdf0d]  (no source info available)

Java frames: (J=compiled Java code, j=interpreted, Vv=VM code)
j  org.lwjgl.opengl.GL15C.nglGenBuffers(IJ)V+0
j  org.lwjgl.opengl.GL15C.glGenBuffers()I+20
j  org.lwjgl.opengl.GL15.glGenBuffers()I+0
j  obj.ObjModel.load()V+1376
j  Main3D.createEnemies()V+16
j  Main3D.init()V+230
j  Main3D.run()V+15
j  Main3D.main([Ljava/lang/String;)V+7
v  ~StubRoutines::call_stub 0x0000013f0e9f100d

siginfo: EXCEPTION_ACCESS_VIOLATION (0xc0000005), reading address 0x0000000000000d98


Registers:
RAX=0x0000013f1b9788e0, RBX=0x0000013f1c8ffee8, RCX=0x0000000000000001, RDX=0x0000013f1b96608c
RSP=0x00000030937fecf8, RBP=0x00000030937fed80, RSI=0x0000013f1c955040, RDI=0x0000000000000001
R8 =0x0000000000000001, R9 =0x0000013f1b96608c, R10=0x0000000000000000, R11=0x00000000886f98e0
R12=0x0000000000000000, R13=0x0000013f1c8ffee8, R14=0x00000030937fedb0, R15=0x0000013f018dc630
RIP=0x00007ff8ac07df0d, EFLAGS=0x0000000000010206


Register to memory mapping:

RAX=0x0000013f1b9788e0 points into unknown readable memory: 0x0000000000000000 | 00 00 00 00 00 00 00 00
RBX={method} {0x0000013f1c8ffef0} 'nglGenBuffers' '(IJ)V' in 'org/lwjgl/opengl/GL15C'
RCX=0x0000000000000001 is an unknown value
RDX=0x0000013f1b96608c points into unknown readable memory: 00 00 00 00
RSP=0x00000030937fecf8 is pointing into the stack for thread: 0x0000013f018dc630
RBP=0x00000030937fed80 is pointing into the stack for thread: 0x0000013f018dc630
RSI=0x0000013f1c955040 is pointing into metadata
RDI=0x0000000000000001 is an unknown value
R8 =0x0000000000000001 is an unknown value
R9 =0x0000013f1b96608c points into unknown readable memory: 00 00 00 00
R10=0x0 is null
R11=0x00000000886f98e0 is an oop: java.lang.Class 
{0x00000000886f98e0} - klass: 'java/lang/Class'
 - ---- fields (total size 28 words):
 - private volatile transient 'classRedefinedCount' 'I' @12  0 (0x00000000)
 - injected 'klass' 'J' @16  973991888 (0x000000003a0defd0)
 - injected 'array_klass' 'J' @24  0 (0x0000000000000000)
 - injected 'oop_size' 'I' @32  28 (0x0000001c)
 - injected 'static_oop_field_count' 'I' @36  0 (0x00000000)
 - private volatile transient 'cachedConstructor' 'Ljava/lang/reflect/Constructor;' @40  null (0x00000000)
 - private transient 'name' 'Ljava/lang/String;' @44  "org.lwjgl.opengl.GL15C"{0x00000000886f99c0} (0x886f99c0)
 - private transient 'module' 'Ljava/lang/Module;' @48  a 'java/lang/Module'{0x000000008107fa90} (0x8107fa90)
 - private final 'classLoader' 'Ljava/lang/ClassLoader;' @52  a 'jdk/internal/loader/ClassLoaders$AppClassLoader'{0x00000000810001b8} (0x810001b8)
 - private transient 'classData' 'Ljava/lang/Object;' @56  null (0x00000000)
 - private transient 'packageName' 'Ljava/lang/String;' @60  "org.lwjgl.opengl"{0x0000000088603778} (0x88603778)
 - private final 'componentType' 'Ljava/lang/Class;' @64  null (0x00000000)
 - private volatile transient 'reflectionData' 'Ljava/lang/ref/SoftReference;' @68  null (0x00000000)
 - private volatile transient 'genericInfo' 'Lsun/reflect/generics/repository/ClassRepository;' @72  null (0x00000000)
 - private volatile transient 'enumConstants' '[Ljava/lang/Object;' @76  null (0x00000000)
 - private volatile transient 'enumConstantDirectory' 'Ljava/util/Map;' @80  null (0x00000000)
 - private volatile transient 'annotationData' 'Ljava/lang/Class$AnnotationData;' @84  null (0x00000000)
 - private volatile transient 'annotationType' 'Lsun/reflect/annotation/AnnotationType;' @88  null (0x00000000)
 - transient 'classValueMap' 'Ljava/lang/ClassValue$ClassValueMap;' @92  null (0x00000000)
 - injected 'protection_domain' 'Ljava/lang/Object;' @96  a 'java/security/ProtectionDomain'{0x0000000088610ab8} (0x88610ab8)
 - injected 'signers_name' 'Ljava/lang/Object;' @100  null (0x00000000)
 - injected 'source_file' 'Ljava/lang/Object;' @104  null (0x00000000)
 - signature: Lorg/lwjgl/opengl/GL15C;
 - ---- static fields (0):
 - public static final 'GL_SRC1_ALPHA' 'I' @112  34185 (0x00008589)
 - public static final 'GL_ARRAY_BUFFER' 'I' @116  34962 (0x00008892)
 - public static final 'GL_ELEMENT_ARRAY_BUFFER' 'I' @120  34963 (0x00008893)
 - public static final 'GL_ARRAY_BUFFER_BINDING' 'I' @124  34964 (0x00008894)
 - public static final 'GL_ELEMENT_ARRAY_BUFFER_BINDING' 'I' @128  34965 (0x00008895)
 - public static final 'GL_VERTEX_ATTRIB_ARRAY_BUFFER_BINDING' 'I' @132  34975 (0x0000889f)
 - public static final 'GL_STREAM_DRAW' 'I' @136  35040 (0x000088e0)
 - public static final 'GL_STREAM_READ' 'I' @140  35041 (0x000088e1)
 - public static final 'GL_STREAM_COPY' 'I' @144  35042 (0x000088e2)
 - public static final 'GL_STATIC_DRAW' 'I' @148  35044 (0x000088e4)
 - public static final 'GL_STATIC_READ' 'I' @152  35045 (0x000088e5)
 - public static final 'GL_STATIC_COPY' 'I' @156  35046 (0x000088e6)
 - public static final 'GL_DYNAMIC_DRAW' 'I' @160  35048 (0x000088e8)
 - public static final 'GL_DYNAMIC_READ' 'I' @164  35049 (0x000088e9)
 - public static final 'GL_DYNAMIC_COPY' 'I' @168  35050 (0x000088ea)
 - public static final 'GL_READ_ONLY' 'I' @172  35000 (0x000088b8)
 - public static final 'GL_WRITE_ONLY' 'I' @176  35001 (0x000088b9)
 - public static final 'GL_READ_WRITE' 'I' @180  35002 (0x000088ba)
 - public static final 'GL_BUFFER_SIZE' 'I' @184  34660 (0x00008764)
 - public static final 'GL_BUFFER_USAGE' 'I' @188  34661 (0x00008765)
 - public static final 'GL_BUFFER_ACCESS' 'I' @192  35003 (0x000088bb)
 - public static final 'GL_BUFFER_MAPPED' 'I' @196  35004 (0x000088bc)
 - public static final 'GL_BUFFER_MAP_POINTER' 'I' @200  35005 (0x000088bd)
 - public static final 'GL_SAMPLES_PASSED' 'I' @204  35092 (0x00008914)
 - public static final 'GL_QUERY_COUNTER_BITS' 'I' @208  34916 (0x00008864)
 - public static final 'GL_CURRENT_QUERY' 'I' @212  34917 (0x00008865)
 - public static final 'GL_QUERY_RESULT' 'I' @216  34918 (0x00008866)
 - public static final 'GL_QUERY_RESULT_AVAILABLE' 'I' @220  34919 (0x00008867)
R12=0x0 is null
R13={method} {0x0000013f1c8ffef0} 'nglGenBuffers' '(IJ)V' in 'org/lwjgl/opengl/GL15C'
R14=0x00000030937fedb0 is pointing into the stack for thread: 0x0000013f018dc630
R15=0x0000013f018dc630 is a thread

Top of Stack: (sp=0x00000030937fecf8)
0x00000030937fecf8:   0000013f0e9fcf87 0000000000000001
0x00000030937fed08:   0000013f0e9fcc73 0000013f1c8ffee8
0x00000030937fed18:   0000013f1c955040 00000030937fed98
0x00000030937fed28:   0000013f0e9f899c 0000013f0e9fcc1b
0x00000030937fed38:   fffffffffffffff7 0000013f1c8ffee8
0x00000030937fed48:   0000000000000006 0000013f1ca1d470
0x00000030937fed58:   0000000000000000 00000000886f98e0
0x00000030937fed68:   0000013f1c8ffee8 0000000000000000
0x00000030937fed78:   00000030937feda0 00000030937fee00
0x00000030937fed88:   0000013f0e9f88a6 00000000886f98e0
0x00000030937fed98:   0000013f0e9fa4d7 0000013f1b96608c
0x00000030937feda8:   0000000000000000 0000000000000001
0x00000030937fedb8:   fffffffffffffff7 0000013f1ca040a4
0x00000030937fedc8:   0000000000000006 0000013f1ca1d470
0x00000030937fedd8:   0000000000000000 00000000886f98e0
0x00000030937fede8:   0000013f1ca04110 fffffffffffffff4
0x00000030937fedf8:   00000030937fee38 00000030937fee80
0x00000030937fee08:   0000013f0e9f89ee 0000000000000000
0x00000030937fee18:   0000000000000000 00000000885029e8
0x00000030937fee28:   0000000000010000 0000000081001378
0x00000030937fee38:   fffffffffffffff7 0000013f1c8a6038
0x00000030937fee48:   0000000000000001 0000013f1c8f62c8
0x00000030937fee58:   0000000000000000 0000000088659918
0x00000030937fee68:   0000013f1c8a6050 fffffffffffffff7
0x00000030937fee78:   00000030937fee90 00000030937feee0
0x00000030937fee88:   0000013f0e9f89ee 0000000081001178
0x00000030937fee98:   fffffffffffffff7 0000013f1c405948
0x00000030937feea8:   000000000000001f 0000013f1c894cb8
0x00000030937feeb8:   0000000000000000 00000000810011b8
0x00000030937feec8:   0000013f1c405c88 fffffffffffffff6
0x00000030937feed8:   00000030937fefd8 00000030937ff028
0x00000030937feee8:   0000013f0e9f88a6 0000000000000000 

Instructions: (pc=0x00007ff8ac07df0d)
0x00007ff8ac07de0d:   cc cc cc 48 8b 01 0f 28 cb 41 8b c8 48 8b 50 18
0x00007ff8ac07de1d:   48 ff a2 58 0c 00 00 cc cc cc cc cc cc cc cc cc
0x00007ff8ac07de2d:   cc cc cc 48 8b 01 41 8b d1 41 8b c8 4c 8b 50 18
0x00007ff8ac07de3d:   49 ff a2 60 0c 00 00 cc cc cc cc cc cc cc cc cc
0x00007ff8ac07de4d:   cc cc cc 48 8b 01 49 8b d1 41 8b c8 4c 8b 50 18
0x00007ff8ac07de5d:   49 ff a2 68 0c 00 00 cc cc cc cc cc cc cc cc cc
0x00007ff8ac07de6d:   cc cc cc 48 8b 01 49 8b d1 41 8b c8 4c 8b 50 18
0x00007ff8ac07de7d:   49 ff a2 70 0c 00 00 cc cc cc cc cc cc cc cc cc
0x00007ff8ac07de8d:   cc cc cc 40 53 48 8b 01 41 8b d8 44 8b 44 24 30
0x00007ff8ac07de9d:   41 8b d1 44 8b 4c 24 38 8b cb 4c 8b 50 18 5b 49
0x00007ff8ac07dead:   ff a2 00 0d 00 00 cc cc cc cc cc cc cc cc cc cc
0x00007ff8ac07debd:   cc cc cc 48 8b 01 41 8b d1 41 8b c8 4c 8b 50 18
0x00007ff8ac07decd:   49 ff a2 88 0d 00 00 cc cc cc cc cc cc cc cc cc
0x00007ff8ac07dedd:   cc cc cc 48 8b 01 49 8b d1 41 8b c8 4c 8b 50 18
0x00007ff8ac07deed:   49 ff a2 90 0d 00 00 cc cc cc cc cc cc cc cc cc
0x00007ff8ac07defd:   cc cc cc 48 8b 01 49 8b d1 41 8b c8 4c 8b 50 18
0x00007ff8ac07df0d:   49 ff a2 98 0d 00 00 cc cc cc cc cc cc cc cc cc
0x00007ff8ac07df1d:   cc cc cc 48 8b 01 48 8b 48 18 48 8b 81 a0 0d 00
0x00007ff8ac07df2d:   00 41 8b c8 48 ff e0 cc cc cc cc cc cc cc cc cc
0x00007ff8ac07df3d:   cc cc cc 40 53 48 8b 01 41 8b d8 4c 8b 44 24 30
0x00007ff8ac07df4d:   49 8b d1 44 8b 4c 24 38 8b cb 4c 8b 50 18 5b 49
0x00007ff8ac07df5d:   ff a2 a8 0d 00 00 cc cc cc cc cc cc cc cc cc cc
0x00007ff8ac07df6d:   cc cc cc 40 53 48 8b 01 41 8b d8 4c 8b 44 24 30
0x00007ff8ac07df7d:   49 8b d1 4c 8b 4c 24 38 8b cb 4c 8b 50 18 5b 49
0x00007ff8ac07df8d:   ff a2 b0 0d 00 00 cc cc cc cc cc cc cc cc cc cc
0x00007ff8ac07df9d:   cc cc cc 40 53 48 8b 01 41 8b d8 4c 8b 44 24 30
0x00007ff8ac07dfad:   49 8b d1 4c 8b 4c 24 38 8b cb 4c 8b 50 18 5b 49
0x00007ff8ac07dfbd:   ff a2 b8 0d 00 00 cc cc cc cc cc cc cc cc cc cc
0x00007ff8ac07dfcd:   cc cc cc 48 8b 01 41 8b d1 48 8b 48 18 48 8b 81
0x00007ff8ac07dfdd:   c0 0d 00 00 41 8b c8 48 ff e0 cc cc cc cc cc cc
0x00007ff8ac07dfed:   cc cc cc 48 8b 01 48 8b 48 18 48 8b 81 c8 0d 00
0x00007ff8ac07dffd:   00 41 8b c8 48 ff e0 cc cc cc cc cc cc cc cc cc 


Stack slot to memory mapping:

stack at sp + 0 slots: 0x0000013f0e9fcf87 is at code_begin+1063 in an Interpreter codelet
native method entry point (kind = native)  [0x0000013f0e9fcb60, 0x0000013f0e9fd680]  2848 bytes
stack at sp + 1 slots: 0x0000000000000001 is an unknown value
stack at sp + 2 slots: 0x0000013f0e9fcc73 is at code_begin+275 in an Interpreter codelet
native method entry point (kind = native)  [0x0000013f0e9fcb60, 0x0000013f0e9fd680]  2848 bytes
stack at sp + 3 slots: {method} {0x0000013f1c8ffef0} 'nglGenBuffers' '(IJ)V' in 'org/lwjgl/opengl/GL15C'
stack at sp + 4 slots: 0x0000013f1c955040 is pointing into metadata
stack at sp + 5 slots: 0x00000030937fed98 is pointing into the stack for thread: 0x0000013f018dc630
stack at sp + 6 slots: 0x0000013f0e9f899c is at code_begin+1500 in an Interpreter codelet
return entry points  [0x0000013f0e9f83c0, 0x0000013f0e9f9008]  3144 bytes
stack at sp + 7 slots: 0x0000013f0e9fcc1b is at code_begin+187 in an Interpreter codelet
native method entry point (kind = native)  [0x0000013f0e9fcb60, 0x0000013f0e9fd680]  2848 bytes


---------------  P R O C E S S  ---------------

Threads class SMR info:
_java_thread_list=0x0000013f1bc19aa0, length=12, elements={
0x0000013f018dc630, 0x0000013f1b1f9ef0, 0x0000013f1b1fbec0, 0x0000013f1b207430,
0x0000013f1b208040, 0x0000013f1b208c50, 0x0000013f1b209860, 0x0000013f1b231580,
0x0000013f1b2327f0, 0x0000013f1b3d3a20, 0x0000013f1b3da8c0, 0x0000013f245f31a0
}

Java Threads: ( => current thread )
=>0x0000013f018dc630 JavaThread "main"                              [_thread_in_native, id=5320, stack(0x0000003093700000,0x0000003093800000) (1024K)]
  0x0000013f1b1f9ef0 JavaThread "Reference Handler"          daemon [_thread_blocked, id=5760, stack(0x0000003094000000,0x0000003094100000) (1024K)]
  0x0000013f1b1fbec0 JavaThread "Finalizer"                  daemon [_thread_blocked, id=11052, stack(0x0000003094100000,0x0000003094200000) (1024K)]
  0x0000013f1b207430 JavaThread "Signal Dispatcher"          daemon [_thread_blocked, id=10188, stack(0x0000003094200000,0x0000003094300000) (1024K)]
  0x0000013f1b208040 JavaThread "Attach Listener"            daemon [_thread_blocked, id=2648, stack(0x0000003094300000,0x0000003094400000) (1024K)]
  0x0000013f1b208c50 JavaThread "Service Thread"             daemon [_thread_blocked, id=8740, stack(0x0000003094400000,0x0000003094500000) (1024K)]
  0x0000013f1b209860 JavaThread "Monitor Deflation Thread"   daemon [_thread_blocked, id=8068, stack(0x0000003094500000,0x0000003094600000) (1024K)]
  0x0000013f1b231580 JavaThread "C2 CompilerThread0"         daemon [_thread_blocked, id=5524, stack(0x0000003094600000,0x0000003094700000) (1024K)]
  0x0000013f1b2327f0 JavaThread "C1 CompilerThread0"         daemon [_thread_blocked, id=10888, stack(0x0000003094700000,0x0000003094800000) (1024K)]
  0x0000013f1b3d3a20 JavaThread "Notification Thread"        daemon [_thread_blocked, id=5804, stack(0x0000003094800000,0x0000003094900000) (1024K)]
  0x0000013f1b3da8c0 JavaThread "Common-Cleaner"             daemon [_thread_blocked, id=10808, stack(0x0000003094900000,0x0000003094a00000) (1024K)]
  0x0000013f245f31a0 JavaThread "C2 CompilerThread1"         daemon [_thread_blocked, id=8236, stack(0x0000003095300000,0x0000003095400000) (1024K)]
Total: 12

Other Threads:
  0x0000013f1b192240 VMThread "VM Thread"                           [id=5472, stack(0x0000003093f00000,0x0000003094000000) (1024K)]
  0x0000013f1b10dd10 WatcherThread "VM Periodic Task Thread"        [id=2572, stack(0x0000003093e00000,0x0000003093f00000) (1024K)]
  0x0000013f03a13c00 WorkerThread "GC Thread#0"                     [id=7196, stack(0x0000003093900000,0x0000003093a00000) (1024K)]
  0x0000013f2464eba0 WorkerThread "GC Thread#1"                     [id=6400, stack(0x0000003095400000,0x0000003095500000) (1024K)]
  0x0000013f1b9940c0 WorkerThread "GC Thread#2"                     [id=3448, stack(0x0000003095500000,0x0000003095600000) (1024K)]
  0x0000013f1b994470 WorkerThread "GC Thread#3"                     [id=2244, stack(0x0000003095600000,0x0000003095700000) (1024K)]
  0x0000013f03a249f0 ConcurrentGCThread "G1 Main Marker"            [id=2096, stack(0x0000003093a00000,0x0000003093b00000) (1024K)]
  0x0000013f03a25500 WorkerThread "G1 Conc#0"                       [id=8948, stack(0x0000003093b00000,0x0000003093c00000) (1024K)]
  0x0000013f1afd20c0 ConcurrentGCThread "G1 Refine#0"               [id=10312, stack(0x0000003093c00000,0x0000003093d00000) (1024K)]
  0x0000013f03a8d280 ConcurrentGCThread "G1 Service"                [id=932, stack(0x0000003093d00000,0x0000003093e00000) (1024K)]
Total: 10

Threads with active compile tasks:
Total: 0

VM state: not at safepoint (normal execution)

VM Mutex/Monitor currently owned by a thread: None

Heap address: 0x0000000081000000, size: 2032 MB, Compressed Oops mode: 32-bit

CDS archive(s) not mapped
Compressed class space mapped at: 0x000000003a000000-0x000000007a000000, reserved size: 1073741824
Narrow klass base: 0x0000000000000000, Narrow klass shift: 0, Narrow klass range: 0x7a000000

GC Precious Log:
 CardTable entry size: 512
 Card Set container configuration: InlinePtr #cards 5 size 8 Array Of Cards #cards 12 size 40 Howl #buckets 4 coarsen threshold 1843 Howl Bitmap #cards 512 size 80 coarsen threshold 460 Card regions per heap region 1 cards per card region 2048
 CPUs: 4 total, 4 available
 Memory: 8122M
 Large Page Support: Disabled
 NUMA Support: Disabled
 Compressed Oops: Enabled (32-bit)
 Heap Region Size: 1M
 Heap Min Capacity: 8M
 Heap Initial Capacity: 128M
 Heap Max Capacity: 2032M
 Pre-touch: Disabled
 Parallel Workers: 4
 Concurrent Workers: 1
 Concurrent Refinement Workers: 4
 Periodic GC: Disabled

Heap:
 garbage-first heap   total reserved 2080768K, committed 131072K, used 13047K [0x0000000081000000, 0x0000000100000000)
  region size 1024K, 12 young (12288K), 1 survivors (1024K)
 Metaspace       used 10478K, committed 10688K, reserved 1114112K
  class space    used 818K, committed 896K, reserved 1048576K

Heap Regions: E=young(eden), S=young(survivor), O=old, HS=humongous(starts), HC=humongous(continues), CS=collection set, F=free, TAMS=top-at-mark-start, PB=parsable bottom
|   0|0x0000000081000000, 0x0000000081100000, 0x0000000081100000|100%| O|  |TAMS 0x0000000081000000| PB 0x0000000081000000| Untracked |  0
|   1|0x0000000081100000, 0x00000000811e1c00, 0x0000000081200000| 88%| O|  |TAMS 0x0000000081100000| PB 0x0000000081100000| Untracked |  0
|   2|0x0000000081200000, 0x0000000081200000, 0x0000000081300000|  0%| F|  |TAMS 0x0000000081200000| PB 0x0000000081200000| Untracked |  0
|   3|0x0000000081300000, 0x0000000081300000, 0x0000000081400000|  0%| F|  |TAMS 0x0000000081300000| PB 0x0000000081300000| Untracked |  0
|   4|0x0000000081400000, 0x0000000081400000, 0x0000000081500000|  0%| F|  |TAMS 0x0000000081400000| PB 0x0000000081400000| Untracked |  0
|   5|0x0000000081500000, 0x0000000081500000, 0x0000000081600000|  0%| F|  |TAMS 0x0000000081500000| PB 0x0000000081500000| Untracked |  0
|   6|0x0000000081600000, 0x0000000081600000, 0x0000000081700000|  0%| F|  |TAMS 0x0000000081600000| PB 0x0000000081600000| Untracked |  0
|   7|0x0000000081700000, 0x0000000081700000, 0x0000000081800000|  0%| F|  |TAMS 0x0000000081700000| PB 0x0000000081700000| Untracked |  0
|   8|0x0000000081800000, 0x0000000081800000, 0x0000000081900000|  0%| F|  |TAMS 0x0000000081800000| PB 0x0000000081800000| Untracked |  0
|   9|0x0000000081900000, 0x0000000081900000, 0x0000000081a00000|  0%| F|  |TAMS 0x0000000081900000| PB 0x0000000081900000| Untracked |  0
|  10|0x0000000081a00000, 0x0000000081a00000, 0x0000000081b00000|  0%| F|  |TAMS 0x0000000081a00000| PB 0x0000000081a00000| Untracked |  0
|  11|0x0000000081b00000, 0x0000000081b00000, 0x0000000081c00000|  0%| F|  |TAMS 0x0000000081b00000| PB 0x0000000081b00000| Untracked |  0
|  12|0x0000000081c00000, 0x0000000081c00000, 0x0000000081d00000|  0%| F|  |TAMS 0x0000000081c00000| PB 0x0000000081c00000| Untracked |  0
|  13|0x0000000081d00000, 0x0000000081d00000, 0x0000000081e00000|  0%| F|  |TAMS 0x0000000081d00000| PB 0x0000000081d00000| Untracked |  0
|  14|0x0000000081e00000, 0x0000000081e00000, 0x0000000081f00000|  0%| F|  |TAMS 0x0000000081e00000| PB 0x0000000081e00000| Untracked |  0
|  15|0x0000000081f00000, 0x0000000081f00000, 0x0000000082000000|  0%| F|  |TAMS 0x0000000081f00000| PB 0x0000000081f00000| Untracked |  0
|  16|0x0000000082000000, 0x0000000082000000, 0x0000000082100000|  0%| F|  |TAMS 0x0000000082000000| PB 0x0000000082000000| Untracked |  0
|  17|0x0000000082100000, 0x0000000082100000, 0x0000000082200000|  0%| F|  |TAMS 0x0000000082100000| PB 0x0000000082100000| Untracked |  0
|  18|0x0000000082200000, 0x0000000082200000, 0x0000000082300000|  0%| F|  |TAMS 0x0000000082200000| PB 0x0000000082200000| Untracked |  0
|  19|0x0000000082300000, 0x0000000082300000, 0x0000000082400000|  0%| F|  |TAMS 0x0000000082300000| PB 0x0000000082300000| Untracked |  0
|  20|0x0000000082400000, 0x0000000082400000, 0x0000000082500000|  0%| F|  |TAMS 0x0000000082400000| PB 0x0000000082400000| Untracked |  0
|  21|0x0000000082500000, 0x0000000082500000, 0x0000000082600000|  0%| F|  |TAMS 0x0000000082500000| PB 0x0000000082500000| Untracked |  0
|  22|0x0000000082600000, 0x0000000082600000, 0x0000000082700000|  0%| F|  |TAMS 0x0000000082600000| PB 0x0000000082600000| Untracked |  0
|  23|0x0000000082700000, 0x0000000082700000, 0x0000000082800000|  0%| F|  |TAMS 0x0000000082700000| PB 0x0000000082700000| Untracked |  0
|  24|0x0000000082800000, 0x0000000082800000, 0x0000000082900000|  0%| F|  |TAMS 0x0000000082800000| PB 0x0000000082800000| Untracked |  0
|  25|0x0000000082900000, 0x0000000082900000, 0x0000000082a00000|  0%| F|  |TAMS 0x0000000082900000| PB 0x0000000082900000| Untracked |  0
|  26|0x0000000082a00000, 0x0000000082a00000, 0x0000000082b00000|  0%| F|  |TAMS 0x0000000082a00000| PB 0x0000000082a00000| Untracked |  0
|  27|0x0000000082b00000, 0x0000000082b00000, 0x0000000082c00000|  0%| F|  |TAMS 0x0000000082b00000| PB 0x0000000082b00000| Untracked |  0
|  28|0x0000000082c00000, 0x0000000082c00000, 0x0000000082d00000|  0%| F|  |TAMS 0x0000000082c00000| PB 0x0000000082c00000| Untracked |  0
|  29|0x0000000082d00000, 0x0000000082d00000, 0x0000000082e00000|  0%| F|  |TAMS 0x0000000082d00000| PB 0x0000000082d00000| Untracked |  0
|  30|0x0000000082e00000, 0x0000000082e00000, 0x0000000082f00000|  0%| F|  |TAMS 0x0000000082e00000| PB 0x0000000082e00000| Untracked |  0
|  31|0x0000000082f00000, 0x0000000082f00000, 0x0000000083000000|  0%| F|  |TAMS 0x0000000082f00000| PB 0x0000000082f00000| Untracked |  0
|  32|0x0000000083000000, 0x0000000083000000, 0x0000000083100000|  0%| F|  |TAMS 0x0000000083000000| PB 0x0000000083000000| Untracked |  0
|  33|0x0000000083100000, 0x0000000083100000, 0x0000000083200000|  0%| F|  |TAMS 0x0000000083100000| PB 0x0000000083100000| Untracked |  0
|  34|0x0000000083200000, 0x0000000083200000, 0x0000000083300000|  0%| F|  |TAMS 0x0000000083200000| PB 0x0000000083200000| Untracked |  0
|  35|0x0000000083300000, 0x0000000083300000, 0x0000000083400000|  0%| F|  |TAMS 0x0000000083300000| PB 0x0000000083300000| Untracked |  0
|  36|0x0000000083400000, 0x0000000083400000, 0x0000000083500000|  0%| F|  |TAMS 0x0000000083400000| PB 0x0000000083400000| Untracked |  0
|  37|0x0000000083500000, 0x0000000083500000, 0x0000000083600000|  0%| F|  |TAMS 0x0000000083500000| PB 0x0000000083500000| Untracked |  0
|  38|0x0000000083600000, 0x0000000083600000, 0x0000000083700000|  0%| F|  |TAMS 0x0000000083600000| PB 0x0000000083600000| Untracked |  0
|  39|0x0000000083700000, 0x0000000083700000, 0x0000000083800000|  0%| F|  |TAMS 0x0000000083700000| PB 0x0000000083700000| Untracked |  0
|  40|0x0000000083800000, 0x0000000083800000, 0x0000000083900000|  0%| F|  |TAMS 0x0000000083800000| PB 0x0000000083800000| Untracked |  0
|  41|0x0000000083900000, 0x0000000083900000, 0x0000000083a00000|  0%| F|  |TAMS 0x0000000083900000| PB 0x0000000083900000| Untracked |  0
|  42|0x0000000083a00000, 0x0000000083a00000, 0x0000000083b00000|  0%| F|  |TAMS 0x0000000083a00000| PB 0x0000000083a00000| Untracked |  0
|  43|0x0000000083b00000, 0x0000000083b00000, 0x0000000083c00000|  0%| F|  |TAMS 0x0000000083b00000| PB 0x0000000083b00000| Untracked |  0
|  44|0x0000000083c00000, 0x0000000083c00000, 0x0000000083d00000|  0%| F|  |TAMS 0x0000000083c00000| PB 0x0000000083c00000| Untracked |  0
|  45|0x0000000083d00000, 0x0000000083d00000, 0x0000000083e00000|  0%| F|  |TAMS 0x0000000083d00000| PB 0x0000000083d00000| Untracked |  0
|  46|0x0000000083e00000, 0x0000000083e00000, 0x0000000083f00000|  0%| F|  |TAMS 0x0000000083e00000| PB 0x0000000083e00000| Untracked |  0
|  47|0x0000000083f00000, 0x0000000083f00000, 0x0000000084000000|  0%| F|  |TAMS 0x0000000083f00000| PB 0x0000000083f00000| Untracked |  0
|  48|0x0000000084000000, 0x0000000084000000, 0x0000000084100000|  0%| F|  |TAMS 0x0000000084000000| PB 0x0000000084000000| Untracked |  0
|  49|0x0000000084100000, 0x0000000084100000, 0x0000000084200000|  0%| F|  |TAMS 0x0000000084100000| PB 0x0000000084100000| Untracked |  0
|  50|0x0000000084200000, 0x0000000084200000, 0x0000000084300000|  0%| F|  |TAMS 0x0000000084200000| PB 0x0000000084200000| Untracked |  0
|  51|0x0000000084300000, 0x0000000084300000, 0x0000000084400000|  0%| F|  |TAMS 0x0000000084300000| PB 0x0000000084300000| Untracked |  0
|  52|0x0000000084400000, 0x0000000084400000, 0x0000000084500000|  0%| F|  |TAMS 0x0000000084400000| PB 0x0000000084400000| Untracked |  0
|  53|0x0000000084500000, 0x0000000084500000, 0x0000000084600000|  0%| F|  |TAMS 0x0000000084500000| PB 0x0000000084500000| Untracked |  0
|  54|0x0000000084600000, 0x0000000084600000, 0x0000000084700000|  0%| F|  |TAMS 0x0000000084600000| PB 0x0000000084600000| Untracked |  0
|  55|0x0000000084700000, 0x0000000084700000, 0x0000000084800000|  0%| F|  |TAMS 0x0000000084700000| PB 0x0000000084700000| Untracked |  0
|  56|0x0000000084800000, 0x0000000084800000, 0x0000000084900000|  0%| F|  |TAMS 0x0000000084800000| PB 0x0000000084800000| Untracked |  0
|  57|0x0000000084900000, 0x0000000084900000, 0x0000000084a00000|  0%| F|  |TAMS 0x0000000084900000| PB 0x0000000084900000| Untracked |  0
|  58|0x0000000084a00000, 0x0000000084a00000, 0x0000000084b00000|  0%| F|  |TAMS 0x0000000084a00000| PB 0x0000000084a00000| Untracked |  0
|  59|0x0000000084b00000, 0x0000000084b00000, 0x0000000084c00000|  0%| F|  |TAMS 0x0000000084b00000| PB 0x0000000084b00000| Untracked |  0
|  60|0x0000000084c00000, 0x0000000084c00000, 0x0000000084d00000|  0%| F|  |TAMS 0x0000000084c00000| PB 0x0000000084c00000| Untracked |  0
|  61|0x0000000084d00000, 0x0000000084d00000, 0x0000000084e00000|  0%| F|  |TAMS 0x0000000084d00000| PB 0x0000000084d00000| Untracked |  0
|  62|0x0000000084e00000, 0x0000000084e00000, 0x0000000084f00000|  0%| F|  |TAMS 0x0000000084e00000| PB 0x0000000084e00000| Untracked |  0
|  63|0x0000000084f00000, 0x0000000084f00000, 0x0000000085000000|  0%| F|  |TAMS 0x0000000084f00000| PB 0x0000000084f00000| Untracked |  0
|  64|0x0000000085000000, 0x0000000085000000, 0x0000000085100000|  0%| F|  |TAMS 0x0000000085000000| PB 0x0000000085000000| Untracked |  0
|  65|0x0000000085100000, 0x0000000085100000, 0x0000000085200000|  0%| F|  |TAMS 0x0000000085100000| PB 0x0000000085100000| Untracked |  0
|  66|0x0000000085200000, 0x0000000085200000, 0x0000000085300000|  0%| F|  |TAMS 0x0000000085200000| PB 0x0000000085200000| Untracked |  0
|  67|0x0000000085300000, 0x0000000085300000, 0x0000000085400000|  0%| F|  |TAMS 0x0000000085300000| PB 0x0000000085300000| Untracked |  0
|  68|0x0000000085400000, 0x0000000085400000, 0x0000000085500000|  0%| F|  |TAMS 0x0000000085400000| PB 0x0000000085400000| Untracked |  0
|  69|0x0000000085500000, 0x0000000085500000, 0x0000000085600000|  0%| F|  |TAMS 0x0000000085500000| PB 0x0000000085500000| Untracked |  0
|  70|0x0000000085600000, 0x0000000085600000, 0x0000000085700000|  0%| F|  |TAMS 0x0000000085600000| PB 0x0000000085600000| Untracked |  0
|  71|0x0000000085700000, 0x0000000085700000, 0x0000000085800000|  0%| F|  |TAMS 0x0000000085700000| PB 0x0000000085700000| Untracked |  0
|  72|0x0000000085800000, 0x0000000085800000, 0x0000000085900000|  0%| F|  |TAMS 0x0000000085800000| PB 0x0000000085800000| Untracked |  0
|  73|0x0000000085900000, 0x0000000085900000, 0x0000000085a00000|  0%| F|  |TAMS 0x0000000085900000| PB 0x0000000085900000| Untracked |  0
|  74|0x0000000085a00000, 0x0000000085a00000, 0x0000000085b00000|  0%| F|  |TAMS 0x0000000085a00000| PB 0x0000000085a00000| Untracked |  0
|  75|0x0000000085b00000, 0x0000000085b00000, 0x0000000085c00000|  0%| F|  |TAMS 0x0000000085b00000| PB 0x0000000085b00000| Untracked |  0
|  76|0x0000000085c00000, 0x0000000085c00000, 0x0000000085d00000|  0%| F|  |TAMS 0x0000000085c00000| PB 0x0000000085c00000| Untracked |  0
|  77|0x0000000085d00000, 0x0000000085d00000, 0x0000000085e00000|  0%| F|  |TAMS 0x0000000085d00000| PB 0x0000000085d00000| Untracked |  0
|  78|0x0000000085e00000, 0x0000000085e00000, 0x0000000085f00000|  0%| F|  |TAMS 0x0000000085e00000| PB 0x0000000085e00000| Untracked |  0
|  79|0x0000000085f00000, 0x0000000085f00000, 0x0000000086000000|  0%| F|  |TAMS 0x0000000085f00000| PB 0x0000000085f00000| Untracked |  0
|  80|0x0000000086000000, 0x0000000086000000, 0x0000000086100000|  0%| F|  |TAMS 0x0000000086000000| PB 0x0000000086000000| Untracked |  0
|  81|0x0000000086100000, 0x0000000086100000, 0x0000000086200000|  0%| F|  |TAMS 0x0000000086100000| PB 0x0000000086100000| Untracked |  0
|  82|0x0000000086200000, 0x0000000086200000, 0x0000000086300000|  0%| F|  |TAMS 0x0000000086200000| PB 0x0000000086200000| Untracked |  0
|  83|0x0000000086300000, 0x0000000086300000, 0x0000000086400000|  0%| F|  |TAMS 0x0000000086300000| PB 0x0000000086300000| Untracked |  0
|  84|0x0000000086400000, 0x0000000086400000, 0x0000000086500000|  0%| F|  |TAMS 0x0000000086400000| PB 0x0000000086400000| Untracked |  0
|  85|0x0000000086500000, 0x0000000086500000, 0x0000000086600000|  0%| F|  |TAMS 0x0000000086500000| PB 0x0000000086500000| Untracked |  0
|  86|0x0000000086600000, 0x0000000086600000, 0x0000000086700000|  0%| F|  |TAMS 0x0000000086600000| PB 0x0000000086600000| Untracked |  0
|  87|0x0000000086700000, 0x0000000086700000, 0x0000000086800000|  0%| F|  |TAMS 0x0000000086700000| PB 0x0000000086700000| Untracked |  0
|  88|0x0000000086800000, 0x0000000086800000, 0x0000000086900000|  0%| F|  |TAMS 0x0000000086800000| PB 0x0000000086800000| Untracked |  0
|  89|0x0000000086900000, 0x0000000086900000, 0x0000000086a00000|  0%| F|  |TAMS 0x0000000086900000| PB 0x0000000086900000| Untracked |  0
|  90|0x0000000086a00000, 0x0000000086a00000, 0x0000000086b00000|  0%| F|  |TAMS 0x0000000086a00000| PB 0x0000000086a00000| Untracked |  0
|  91|0x0000000086b00000, 0x0000000086b00000, 0x0000000086c00000|  0%| F|  |TAMS 0x0000000086b00000| PB 0x0000000086b00000| Untracked |  0
|  92|0x0000000086c00000, 0x0000000086c00000, 0x0000000086d00000|  0%| F|  |TAMS 0x0000000086c00000| PB 0x0000000086c00000| Untracked |  0
|  93|0x0000000086d00000, 0x0000000086d00000, 0x0000000086e00000|  0%| F|  |TAMS 0x0000000086d00000| PB 0x0000000086d00000| Untracked |  0
|  94|0x0000000086e00000, 0x0000000086e00000, 0x0000000086f00000|  0%| F|  |TAMS 0x0000000086e00000| PB 0x0000000086e00000| Untracked |  0
|  95|0x0000000086f00000, 0x0000000086f00000, 0x0000000087000000|  0%| F|  |TAMS 0x0000000086f00000| PB 0x0000000086f00000| Untracked |  0
|  96|0x0000000087000000, 0x0000000087000000, 0x0000000087100000|  0%| F|  |TAMS 0x0000000087000000| PB 0x0000000087000000| Untracked |  0
|  97|0x0000000087100000, 0x0000000087100000, 0x0000000087200000|  0%| F|  |TAMS 0x0000000087100000| PB 0x0000000087100000| Untracked |  0
|  98|0x0000000087200000, 0x0000000087200000, 0x0000000087300000|  0%| F|  |TAMS 0x0000000087200000| PB 0x0000000087200000| Untracked |  0
|  99|0x0000000087300000, 0x0000000087300000, 0x0000000087400000|  0%| F|  |TAMS 0x0000000087300000| PB 0x0000000087300000| Untracked |  0
| 100|0x0000000087400000, 0x0000000087400000, 0x0000000087500000|  0%| F|  |TAMS 0x0000000087400000| PB 0x0000000087400000| Untracked |  0
| 101|0x0000000087500000, 0x0000000087500000, 0x0000000087600000|  0%| F|  |TAMS 0x0000000087500000| PB 0x0000000087500000| Untracked |  0
| 102|0x0000000087600000, 0x0000000087600000, 0x0000000087700000|  0%| F|  |TAMS 0x0000000087600000| PB 0x0000000087600000| Untracked |  0
| 103|0x0000000087700000, 0x00000000877dc0c0, 0x0000000087800000| 85%| S|CS|TAMS 0x0000000087700000| PB 0x0000000087700000| Complete |  0
| 104|0x0000000087800000, 0x0000000087800000, 0x0000000087900000|  0%| F|  |TAMS 0x0000000087800000| PB 0x0000000087800000| Untracked |  0
| 105|0x0000000087900000, 0x0000000087900000, 0x0000000087a00000|  0%| F|  |TAMS 0x0000000087900000| PB 0x0000000087900000| Untracked |  0
| 106|0x0000000087a00000, 0x0000000087a00000, 0x0000000087b00000|  0%| F|  |TAMS 0x0000000087a00000| PB 0x0000000087a00000| Untracked |  0
| 107|0x0000000087b00000, 0x0000000087b00000, 0x0000000087c00000|  0%| F|  |TAMS 0x0000000087b00000| PB 0x0000000087b00000| Untracked |  0
| 108|0x0000000087c00000, 0x0000000087c00000, 0x0000000087d00000|  0%| F|  |TAMS 0x0000000087c00000| PB 0x0000000087c00000| Untracked |  0
| 109|0x0000000087d00000, 0x0000000087d00000, 0x0000000087e00000|  0%| F|  |TAMS 0x0000000087d00000| PB 0x0000000087d00000| Untracked |  0
| 110|0x0000000087e00000, 0x0000000087e00000, 0x0000000087f00000|  0%| F|  |TAMS 0x0000000087e00000| PB 0x0000000087e00000| Untracked |  0
| 111|0x0000000087f00000, 0x0000000087f00000, 0x0000000088000000|  0%| F|  |TAMS 0x0000000087f00000| PB 0x0000000087f00000| Untracked |  0
| 112|0x0000000088000000, 0x0000000088000000, 0x0000000088100000|  0%| F|  |TAMS 0x0000000088000000| PB 0x0000000088000000| Untracked |  0
| 113|0x0000000088100000, 0x0000000088100000, 0x0000000088200000|  0%| F|  |TAMS 0x0000000088100000| PB 0x0000000088100000| Untracked |  0
| 114|0x0000000088200000, 0x0000000088200000, 0x0000000088300000|  0%| F|  |TAMS 0x0000000088200000| PB 0x0000000088200000| Untracked |  0
| 115|0x0000000088300000, 0x0000000088300000, 0x0000000088400000|  0%| F|  |TAMS 0x0000000088300000| PB 0x0000000088300000| Untracked |  0
| 116|0x0000000088400000, 0x0000000088400000, 0x0000000088500000|  0%| F|  |TAMS 0x0000000088400000| PB 0x0000000088400000| Untracked |  0
| 117|0x0000000088500000, 0x0000000088574e50, 0x0000000088600000| 45%| E|  |TAMS 0x0000000088500000| PB 0x0000000088500000| Complete |  0
| 118|0x0000000088600000, 0x0000000088700000, 0x0000000088700000|100%| E|CS|TAMS 0x0000000088600000| PB 0x0000000088600000| Complete |  0
| 119|0x0000000088700000, 0x0000000088800000, 0x0000000088800000|100%| E|CS|TAMS 0x0000000088700000| PB 0x0000000088700000| Complete |  0
| 120|0x0000000088800000, 0x0000000088900000, 0x0000000088900000|100%| E|CS|TAMS 0x0000000088800000| PB 0x0000000088800000| Complete |  0
| 121|0x0000000088900000, 0x0000000088a00000, 0x0000000088a00000|100%| E|CS|TAMS 0x0000000088900000| PB 0x0000000088900000| Complete |  0
| 122|0x0000000088a00000, 0x0000000088b00000, 0x0000000088b00000|100%| E|CS|TAMS 0x0000000088a00000| PB 0x0000000088a00000| Complete |  0
| 123|0x0000000088b00000, 0x0000000088c00000, 0x0000000088c00000|100%| E|CS|TAMS 0x0000000088b00000| PB 0x0000000088b00000| Complete |  0
| 124|0x0000000088c00000, 0x0000000088d00000, 0x0000000088d00000|100%| E|CS|TAMS 0x0000000088c00000| PB 0x0000000088c00000| Complete |  0
| 125|0x0000000088d00000, 0x0000000088e00000, 0x0000000088e00000|100%| E|CS|TAMS 0x0000000088d00000| PB 0x0000000088d00000| Complete |  0
| 126|0x0000000088e00000, 0x0000000088f00000, 0x0000000088f00000|100%| E|CS|TAMS 0x0000000088e00000| PB 0x0000000088e00000| Complete |  0
| 127|0x0000000088f00000, 0x0000000089000000, 0x0000000089000000|100%| E|CS|TAMS 0x0000000088f00000| PB 0x0000000088f00000| Complete |  0

Card table byte_map: [0x0000013f168c0000,0x0000013f16cc0000] _byte_map_base: 0x0000013f164b8000

Marking Bits: (CMBitMap*) 0x0000013f03a14310
 Bits: [0x0000013f16cc0000, 0x0000013f18c80000)

Polling page: 0x0000013f019d0000

Metaspace:

Usage:
  Non-class:      9.43 MB used.
      Class:    818.90 KB used.
       Both:     10.23 MB used.

Virtual space:
  Non-class space:       64.00 MB reserved,       9.56 MB ( 15%) committed,  1 nodes.
      Class space:        1.00 GB reserved,     896.00 KB ( <1%) committed,  1 nodes.
             Both:        1.06 GB reserved,      10.44 MB ( <1%) committed. 

Chunk freelists:
   Non-Class:  5.86 MB
       Class:  15.13 MB
        Both:  20.99 MB

MaxMetaspaceSize: unlimited
CompressedClassSpaceSize: 1.00 GB
Initial GC threshold: 21.00 MB
Current GC threshold: 21.00 MB
CDS: off
 - commit_granule_bytes: 65536.
 - commit_granule_words: 8192.
 - virtual_space_node_default_size: 8388608.
 - enlarge_chunks_in_place: 1.
 - use_allocation_guard: 0.


Internal statistics:

num_allocs_failed_limit: 0.
num_arena_births: 120.
num_arena_deaths: 0.
num_vsnodes_births: 2.
num_vsnodes_deaths: 0.
num_space_committed: 167.
num_space_uncommitted: 0.
num_chunks_returned_to_freelist: 0.
num_chunks_taken_from_freelist: 240.
num_chunk_merges: 0.
num_chunk_splits: 137.
num_chunks_enlarged: 74.
num_inconsistent_stats: 0.

CodeHeap 'non-profiled nmethods': size=120000Kb used=440Kb max_used=440Kb free=119559Kb
 bounds [0x0000013f0ef90000, 0x0000013f0f200000, 0x0000013f164c0000]
CodeHeap 'profiled nmethods': size=120000Kb used=1604Kb max_used=1604Kb free=118395Kb
 bounds [0x0000013f074c0000, 0x0000013f07730000, 0x0000013f0e9f0000]
CodeHeap 'non-nmethods': size=5760Kb used=2090Kb max_used=2103Kb free=3669Kb
 bounds [0x0000013f0e9f0000, 0x0000013f0ec60000, 0x0000013f0ef90000]
 total_blobs=2102 nmethods=1037 adapters=970
 compilation: enabled
              stopped_count=0, restarted_count=0
 full_count=0

Compilation events (20 events):
Event: 1.877 Thread 0x0000013f1b2327f0 nmethod 1027 0x0000013f0764c910 code [0x0000013f0764cac0, 0x0000013f0764cca8]
Event: 1.877 Thread 0x0000013f1b2327f0 1024       3       sun.misc.Unsafe::putInt (11 bytes)
Event: 1.877 Thread 0x0000013f1b2327f0 nmethod 1024 0x0000013f0764cd90 code [0x0000013f0764cf20, 0x0000013f0764d030]
Event: 1.877 Thread 0x0000013f1b231580 nmethod 1029 0x0000013f0effda10 code [0x0000013f0effdb80, 0x0000013f0effdc20]
Event: 1.877 Thread 0x0000013f1b2327f0 1030       3       java.util.Arrays::rangeCheck (74 bytes)
Event: 1.878 Thread 0x0000013f1b2327f0 nmethod 1030 0x0000013f0764d110 code [0x0000013f0764d3c0, 0x0000013f0764dce0]
Event: 1.879 Thread 0x0000013f1b2327f0 1031       3       java.net.URL::isBuiltinStreamHandler (32 bytes)
Event: 1.880 Thread 0x0000013f1b2327f0 nmethod 1031 0x0000013f0764e110 code [0x0000013f0764e340, 0x0000013f0764eb68]
Event: 1.880 Thread 0x0000013f1b2327f0 1033       3       java.util.WeakHashMap::hash (28 bytes)
Event: 1.881 Thread 0x0000013f1b2327f0 nmethod 1033 0x0000013f0764ee90 code [0x0000013f0764f040, 0x0000013f0764f230]
Event: 1.881 Thread 0x0000013f1b2327f0 1034       3       java.util.WeakHashMap::getTable (9 bytes)
Event: 1.881 Thread 0x0000013f1b2327f0 nmethod 1034 0x0000013f0764f310 code [0x0000013f0764f4c0, 0x0000013f0764f610]
Event: 1.881 Thread 0x0000013f1b2327f0 1035   !   3       java.util.WeakHashMap::expungeStaleEntries (139 bytes)
Event: 1.882 Thread 0x0000013f1b2327f0 nmethod 1035 0x0000013f0764f690 code [0x0000013f0764f880, 0x0000013f07650060]
Event: 1.882 Thread 0x0000013f1b2327f0 1036       3       java.util.WeakHashMap::indexFor (6 bytes)
Event: 1.882 Thread 0x0000013f1b2327f0 nmethod 1036 0x0000013f07650490 code [0x0000013f07650620, 0x0000013f07650718]
Event: 1.882 Thread 0x0000013f1b2327f0 1032       3       java.net.URL::isBuiltinStreamHandler (8 bytes)
Event: 1.882 Thread 0x0000013f1b2327f0 nmethod 1032 0x0000013f07650790 code [0x0000013f07650940, 0x0000013f07650b08]
Event: 1.882 Thread 0x0000013f1b2327f0 1037   !   3       java.io.RandomAccessFile::seek (42 bytes)
Event: 1.882 Thread 0x0000013f1b2327f0 nmethod 1037 0x0000013f07650c10 code [0x0000013f07650e00, 0x0000013f07651128]

GC Heap History (4 events):
Event: 1.273 GC heap before
{Heap before GC invocations=0 (full 0):
 garbage-first heap   total reserved 2080768K, committed 131072K, used 14336K [0x0000000081000000, 0x0000000100000000)
  region size 1024K, 14 young (14336K), 0 survivors (0K)
 Metaspace       used 9715K, committed 9920K, reserved 1114112K
  class space    used 793K, committed 896K, reserved 1048576K
}
Event: 1.278 GC heap after
{Heap after GC invocations=1 (full 0):
 garbage-first heap   total reserved 2080768K, committed 131072K, used 2005K [0x0000000081000000, 0x0000000100000000)
  region size 1024K, 2 young (2048K), 2 survivors (2048K)
 Metaspace       used 9715K, committed 9920K, reserved 1114112K
  class space    used 793K, committed 896K, reserved 1048576K
}
Event: 1.426 GC heap before
{Heap before GC invocations=1 (full 0):
 garbage-first heap   total reserved 2080768K, committed 131072K, used 24533K [0x0000000081000000, 0x0000000100000000)
  region size 1024K, 24 young (24576K), 2 survivors (2048K)
 Metaspace       used 9719K, committed 9920K, reserved 1114112K
  class space    used 793K, committed 896K, reserved 1048576K
}
Event: 1.432 GC heap after
{Heap after GC invocations=2 (full 0):
 garbage-first heap   total reserved 2080768K, committed 131072K, used 2807K [0x0000000081000000, 0x0000000100000000)
  region size 1024K, 1 young (1024K), 1 survivors (1024K)
 Metaspace       used 9719K, committed 9920K, reserved 1114112K
  class space    used 793K, committed 896K, reserved 1048576K
}

Dll operation events (9 events):
Event: 0.013 Loaded shared library C:\Users\USUARIO\.p2\pool\plugins\org.eclipse.justj.openjdk.hotspot.jre.full.win32.x86_64_22.0.1.v20240426-1149\jre\bin\java.dll
Event: 0.021 Loaded shared library C:\Users\USUARIO\.p2\pool\plugins\org.eclipse.justj.openjdk.hotspot.jre.full.win32.x86_64_22.0.1.v20240426-1149\jre\bin\zip.dll
Event: 0.262 Loaded shared library C:\Users\USUARIO\.p2\pool\plugins\org.eclipse.justj.openjdk.hotspot.jre.full.win32.x86_64_22.0.1.v20240426-1149\jre\bin\net.dll
Event: 0.265 Loaded shared library C:\Users\USUARIO\.p2\pool\plugins\org.eclipse.justj.openjdk.hotspot.jre.full.win32.x86_64_22.0.1.v20240426-1149\jre\bin\nio.dll
Event: 0.304 Loaded shared library C:\Users\USUARIO\.p2\pool\plugins\org.eclipse.justj.openjdk.hotspot.jre.full.win32.x86_64_22.0.1.v20240426-1149\jre\bin\zip.dll
Event: 0.330 Loaded shared library C:\Users\USUARIO\.p2\pool\plugins\org.eclipse.justj.openjdk.hotspot.jre.full.win32.x86_64_22.0.1.v20240426-1149\jre\bin\verify.dll
Event: 0.411 Loaded shared library C:\Users\USUARIO\.p2\pool\plugins\org.eclipse.justj.openjdk.hotspot.jre.full.win32.x86_64_22.0.1.v20240426-1149\jre\bin\jimage.dll
Event: 0.441 Loaded shared library C:\Users\USUARIO\AppData\Local\Temp\lwjgl_USUARIO\3.3.3+5\x64\lwjgl.dll
Event: 1.864 Loaded shared library C:\Users\USUARIO\AppData\Local\Temp\lwjgl_USUARIO\3.3.3+5\x64\lwjgl_opengl.dll

Deoptimization events (20 events):
Event: 1.672 Thread 0x0000013f018dc630 Uncommon trap: trap_request=0xffffffde fr.pc=0x0000013f0efe751c relative=0x00000000000000fc
Event: 1.672 Thread 0x0000013f018dc630 Uncommon trap: reason=class_check action=maybe_recompile pc=0x0000013f0efe751c method=jdk.internal.misc.Unsafe.allocateUninitializedArray(Ljava/lang/Class;I)Ljava/lang/Object; @ 51 c2
Event: 1.672 Thread 0x0000013f018dc630 DEOPT PACKING pc=0x0000013f0efe751c sp=0x00000030937fecb0
Event: 1.672 Thread 0x0000013f018dc630 DEOPT UNPACKING pc=0x0000013f0ea446a2 sp=0x00000030937fec28 mode 2
Event: 1.791 Thread 0x0000013f018dc630 Uncommon trap: trap_request=0xffffff45 fr.pc=0x0000013f0efe9968 relative=0x0000000000000668
Event: 1.791 Thread 0x0000013f018dc630 Uncommon trap: reason=unstable_if action=reinterpret pc=0x0000013f0efe9968 method=jdk.internal.math.FloatToDecimal.toDecimal(F)I @ 45 c2
Event: 1.791 Thread 0x0000013f018dc630 DEOPT PACKING pc=0x0000013f0efe9968 sp=0x00000030937febd0
Event: 1.791 Thread 0x0000013f018dc630 DEOPT UNPACKING pc=0x0000013f0ea446a2 sp=0x00000030937feb18 mode 2
Event: 1.816 Thread 0x0000013f018dc630 Uncommon trap: trap_request=0xffffff45 fr.pc=0x0000013f0efeb3f8 relative=0x00000000000004f8
Event: 1.817 Thread 0x0000013f018dc630 Uncommon trap: reason=unstable_if action=reinterpret pc=0x0000013f0efeb3f8 method=jdk.internal.math.FloatToDecimal.toChars(II)I @ 62 c2
Event: 1.817 Thread 0x0000013f018dc630 DEOPT PACKING pc=0x0000013f0efeb3f8 sp=0x00000030937feb60
Event: 1.817 Thread 0x0000013f018dc630 DEOPT UNPACKING pc=0x0000013f0ea446a2 sp=0x00000030937fead8 mode 2
Event: 1.817 Thread 0x0000013f018dc630 Uncommon trap: trap_request=0xffffff45 fr.pc=0x0000013f0efe8cb0 relative=0x0000000000000110
Event: 1.817 Thread 0x0000013f018dc630 Uncommon trap: reason=unstable_if action=reinterpret pc=0x0000013f0efe8cb0 method=jdk.internal.math.FloatToDecimal.removeTrailingZeroes()V @ 38 c2
Event: 1.817 Thread 0x0000013f018dc630 DEOPT PACKING pc=0x0000013f0efe8cb0 sp=0x00000030937fea50
Event: 1.817 Thread 0x0000013f018dc630 DEOPT UNPACKING pc=0x0000013f0ea446a2 sp=0x00000030937fe9e8 mode 2
Event: 1.887 Thread 0x0000013f018dc630 Uncommon trap: trap_request=0xffffff54 fr.pc=0x0000013f0effdbe0 relative=0x0000000000000060
Event: 1.887 Thread 0x0000013f018dc630 Uncommon trap: reason=speculate_null_assert action=make_not_entrant pc=0x0000013f0effdbe0 method=sun.misc.Unsafe.putLong(Ljava/lang/Object;JJ)V @ 7 c2
Event: 1.887 Thread 0x0000013f018dc630 DEOPT PACKING pc=0x0000013f0effdbe0 sp=0x00000030937fec50
Event: 1.887 Thread 0x0000013f018dc630 DEOPT UNPACKING pc=0x0000013f0ea446a2 sp=0x00000030937febc8 mode 2

Classes loaded (20 events):
Event: 1.129 Loading class java/lang/StringIndexOutOfBoundsException
Event: 1.129 Loading class java/lang/StringIndexOutOfBoundsException done
Event: 1.129 Loading class jdk/internal/math/FDBigInteger
Event: 1.130 Loading class jdk/internal/math/FDBigInteger done
Event: 1.485 Loading class java/lang/invoke/BoundMethodHandle$Species_LLLJ
Event: 1.485 Loading class java/lang/invoke/BoundMethodHandle$Species_LLLJ done
Event: 1.487 Loading class java/lang/invoke/LambdaFormEditor$1
Event: 1.487 Loading class java/lang/invoke/LambdaFormEditor$1 done
Event: 1.488 Loading class java/util/TreeMap$EntrySet
Event: 1.488 Loading class java/util/TreeMap$EntrySet done
Event: 1.488 Loading class java/util/TreeMap$EntryIterator
Event: 1.488 Loading class java/util/TreeMap$EntryIterator done
Event: 1.492 Loading class jdk/internal/math/FloatToDecimal
Event: 1.492 Loading class jdk/internal/math/FloatToDecimal done
Event: 1.492 Loading class jdk/internal/math/MathUtils
Event: 1.493 Loading class jdk/internal/math/MathUtils done
Event: 1.636 Loading class jdk/internal/foreign/MemorySessionImpl
Event: 1.637 Loading class java/lang/foreign/MemorySegment$Scope
Event: 1.637 Loading class java/lang/foreign/MemorySegment$Scope done
Event: 1.637 Loading class jdk/internal/foreign/MemorySessionImpl done

Classes unloaded (0 events):
No events

Classes redefined (0 events):
No events

Internal exceptions (20 events):
Event: 0.399 Thread 0x0000013f018dc630 Exception <a 'java/lang/NoSuchMethodError'{0x0000000088dfcfd0}: 'void java.lang.invoke.DelegatingMethodHandle$Holder.delegate(java.lang.Object, java.lang.Object, int, java.lang.Object)'> (0x0000000088dfcfd0) 
thrown [s\src\hotspot\share\interpreter\linkResolver.cpp, line 774]
Event: 0.399 Thread 0x0000013f018dc630 Exception <a 'java/lang/NoSuchMethodError'{0x0000000088c01250}: 'int java.lang.invoke.DirectMethodHandle$Holder.invokeSpecial(java.lang.Object, java.lang.Object, java.lang.Object)'> (0x0000000088c01250) 
thrown [s\src\hotspot\share\interpreter\linkResolver.cpp, line 774]
Event: 0.405 Thread 0x0000013f018dc630 Exception <a 'java/lang/NoSuchMethodError'{0x0000000088c1bc90}: 'void java.lang.System.loadLibrary(java.lang.String, java.lang.Class)'> (0x0000000088c1bc90) 
thrown [s\src\hotspot\share\interpreter\linkResolver.cpp, line 774]
Event: 0.439 Thread 0x0000013f018dc630 Exception <a 'sun/nio/fs/WindowsException'{0x0000000088c49c80}> (0x0000000088c49c80) 
thrown [s\src\hotspot\share\prims\jni.cpp, line 520]
Event: 0.440 Thread 0x0000013f018dc630 Exception <a 'sun/nio/fs/WindowsException'{0x0000000088c4a1c0}> (0x0000000088c4a1c0) 
thrown [s\src\hotspot\share\prims\jni.cpp, line 520]
Event: 0.559 Thread 0x0000013f018dc630 Exception <a 'java/lang/NoSuchMethodError'{0x0000000088b04398}: 'int java.lang.invoke.DirectMethodHandle$Holder.invokeStaticInit(java.lang.Object, java.lang.Object, int, long)'> (0x0000000088b04398) 
thrown [s\src\hotspot\share\interpreter\linkResolver.cpp, line 774]
Event: 0.560 Thread 0x0000013f018dc630 Exception <a 'java/lang/NoSuchMethodError'{0x0000000088b094a0}: 'java.lang.Object java.lang.invoke.DirectMethodHandle$Holder.newInvokeSpecial(java.lang.Object, java.lang.Object, int)'> (0x0000000088b094a0) 
thrown [s\src\hotspot\share\interpreter\linkResolver.cpp, line 774]
Event: 0.564 Thread 0x0000013f018dc630 Exception <a 'java/lang/NoSuchMethodError'{0x0000000088b179f0}: 'int java.lang.invoke.DirectMethodHandle$Holder.invokeStaticInit(java.lang.Object, java.lang.Object, long, long)'> (0x0000000088b179f0) 
thrown [s\src\hotspot\share\interpreter\linkResolver.cpp, line 774]
Event: 0.564 Thread 0x0000013f018dc630 Exception <a 'java/lang/NoSuchMethodError'{0x0000000088b1d4b0}: 'java.lang.Object java.lang.invoke.DirectMethodHandle$Holder.newInvokeSpecial(java.lang.Object, java.lang.Object, long)'> (0x0000000088b1d4b0) 
thrown [s\src\hotspot\share\interpreter\linkResolver.cpp, line 774]
Event: 0.565 Thread 0x0000013f018dc630 Exception <a 'java/lang/NoSuchMethodError'{0x0000000088b21358}: 'java.lang.Object java.lang.invoke.Invokers$Holder.linkToTargetMethod(java.lang.Object, long, java.lang.Object)'> (0x0000000088b21358) 
thrown [s\src\hotspot\share\interpreter\linkResolver.cpp, line 774]
Event: 0.567 Thread 0x0000013f018dc630 Exception <a 'java/lang/NoSuchMethodError'{0x0000000088b28580}: 'int java.lang.invoke.DirectMethodHandle$Holder.invokeStaticInit(java.lang.Object, java.lang.Object, java.lang.Object, long)'> (0x0000000088b28580) 
thrown [s\src\hotspot\share\interpreter\linkResolver.cpp, line 774]
Event: 0.623 Thread 0x0000013f018dc630 Exception <a 'sun/nio/fs/WindowsException'{0x0000000088a1b6b8}> (0x0000000088a1b6b8) 
thrown [s\src\hotspot\share\prims\jni.cpp, line 520]
Event: 0.624 Thread 0x0000013f018dc630 Exception <a 'sun/nio/fs/WindowsException'{0x0000000088a1ba38}> (0x0000000088a1ba38) 
thrown [s\src\hotspot\share\prims\jni.cpp, line 520]
Event: 0.650 Thread 0x0000013f018dc630 Exception <a 'java/lang/NoSuchMethodError'{0x0000000088a31750}: 'int java.lang.invoke.Invokers$Holder.invokeExact_MT(java.lang.Object, java.lang.Object)'> (0x0000000088a31750) 
thrown [s\src\hotspot\share\interpreter\linkResolver.cpp, line 774]
Event: 1.851 Thread 0x0000013f018dc630 Exception <a 'java/lang/NoSuchMethodError'{0x000000008866f258}: 'void java.lang.System.load(java.lang.String, java.lang.Class)'> (0x000000008866f258) 
thrown [s\src\hotspot\share\interpreter\linkResolver.cpp, line 774]
Event: 1.853 Thread 0x0000013f018dc630 Exception <a 'java/lang/NoSuchMethodError'{0x0000000088671d20}: 'void java.lang.System.loadLibrary(java.lang.String, java.lang.Class)'> (0x0000000088671d20) 
thrown [s\src\hotspot\share\interpreter\linkResolver.cpp, line 774]
Event: 1.861 Thread 0x0000013f018dc630 Exception <a 'sun/nio/fs/WindowsException'{0x000000008869d9c8}> (0x000000008869d9c8) 
thrown [s\src\hotspot\share\prims\jni.cpp, line 520]
Event: 1.861 Thread 0x0000013f018dc630 Exception <a 'sun/nio/fs/WindowsException'{0x000000008869dd80}> (0x000000008869dd80) 
thrown [s\src\hotspot\share\prims\jni.cpp, line 520]
Event: 1.874 Thread 0x0000013f018dc630 Exception <a 'sun/nio/fs/WindowsException'{0x00000000886a6990}> (0x00000000886a6990) 
thrown [s\src\hotspot\share\prims\jni.cpp, line 520]
Event: 1.874 Thread 0x0000013f018dc630 Exception <a 'sun/nio/fs/WindowsException'{0x00000000886a6c80}> (0x00000000886a6c80) 
thrown [s\src\hotspot\share\prims\jni.cpp, line 520]

ZGC Phase Switch (0 events):
No events

VM Operations (6 events):
Event: 0.306 Executing VM operation: HandshakeAllThreads (Deoptimize)
Event: 0.306 Executing VM operation: HandshakeAllThreads (Deoptimize) done
Event: 1.273 Executing VM operation: G1CollectForAllocation (G1 Evacuation Pause)
Event: 1.278 Executing VM operation: G1CollectForAllocation (G1 Evacuation Pause) done
Event: 1.426 Executing VM operation: G1CollectForAllocation (G1 Evacuation Pause)
Event: 1.432 Executing VM operation: G1CollectForAllocation (G1 Evacuation Pause) done

Events (12 events):
Event: 0.020 Thread 0x0000013f018dc630 Thread added: 0x0000013f018dc630
Event: 0.110 Thread 0x0000013f1b1f9ef0 Thread added: 0x0000013f1b1f9ef0
Event: 0.110 Thread 0x0000013f1b1fbec0 Thread added: 0x0000013f1b1fbec0
Event: 0.113 Thread 0x0000013f1b207430 Thread added: 0x0000013f1b207430
Event: 0.113 Thread 0x0000013f1b208040 Thread added: 0x0000013f1b208040
Event: 0.113 Thread 0x0000013f1b208c50 Thread added: 0x0000013f1b208c50
Event: 0.113 Thread 0x0000013f1b209860 Thread added: 0x0000013f1b209860
Event: 0.114 Thread 0x0000013f1b231580 Thread added: 0x0000013f1b231580
Event: 0.114 Thread 0x0000013f1b2327f0 Thread added: 0x0000013f1b2327f0
Event: 0.200 Thread 0x0000013f1b3d3a20 Thread added: 0x0000013f1b3d3a20
Event: 0.232 Thread 0x0000013f1b3da8c0 Thread added: 0x0000013f1b3da8c0
Event: 1.211 Thread 0x0000013f245f31a0 Thread added: 0x0000013f245f31a0


Dynamic libraries:
0x00007ff73c180000 - 0x00007ff73c18e000 	C:\Users\USUARIO\.p2\pool\plugins\org.eclipse.justj.openjdk.hotspot.jre.full.win32.x86_64_22.0.1.v20240426-1149\jre\bin\javaw.exe
0x00007ff8b4450000 - 0x00007ff8b4648000 	C:\WINDOWS\SYSTEM32\ntdll.dll
0x00007ff8b3230000 - 0x00007ff8b32ed000 	C:\WINDOWS\System32\KERNEL32.DLL
0x00007ff8b2190000 - 0x00007ff8b2486000 	C:\WINDOWS\System32\KERNELBASE.dll
0x00007ff8b1e90000 - 0x00007ff8b1f90000 	C:\WINDOWS\System32\ucrtbase.dll
0x00007ff8af190000 - 0x00007ff8af1a7000 	C:\Users\USUARIO\.p2\pool\plugins\org.eclipse.justj.openjdk.hotspot.jre.full.win32.x86_64_22.0.1.v20240426-1149\jre\bin\jli.dll
0x00007ff8b2790000 - 0x00007ff8b292f000 	C:\WINDOWS\System32\USER32.dll
0x00007ff8b1b10000 - 0x00007ff8b1b32000 	C:\WINDOWS\System32\win32u.dll
0x00007ff8b4260000 - 0x00007ff8b428b000 	C:\WINDOWS\System32\GDI32.dll
0x00007ff8b2070000 - 0x00007ff8b2187000 	C:\WINDOWS\System32\gdi32full.dll
0x00007ff8b1b40000 - 0x00007ff8b1bdd000 	C:\WINDOWS\System32\msvcp_win.dll
0x00007ff8af170000 - 0x00007ff8af18b000 	C:\Users\USUARIO\.p2\pool\plugins\org.eclipse.justj.openjdk.hotspot.jre.full.win32.x86_64_22.0.1.v20240426-1149\jre\bin\VCRUNTIME140.dll
0x00007ff8a0420000 - 0x00007ff8a06ba000 	C:\WINDOWS\WinSxS\amd64_microsoft.windows.common-controls_6595b64144ccf1df_6.0.19041.4355_none_60b8b9eb71f62e16\COMCTL32.dll
0x00007ff8b2490000 - 0x00007ff8b252e000 	C:\WINDOWS\System32\msvcrt.dll
0x00007ff8b32f0000 - 0x00007ff8b331f000 	C:\WINDOWS\System32\IMM32.DLL
0x00007ff8ae250000 - 0x00007ff8ae25c000 	C:\Users\USUARIO\.p2\pool\plugins\org.eclipse.justj.openjdk.hotspot.jre.full.win32.x86_64_22.0.1.v20240426-1149\jre\bin\vcruntime140_1.dll
0x00007ff8ac230000 - 0x00007ff8ac2be000 	C:\Users\USUARIO\.p2\pool\plugins\org.eclipse.justj.openjdk.hotspot.jre.full.win32.x86_64_22.0.1.v20240426-1149\jre\bin\msvcp140.dll
0x00007ff87adf0000 - 0x00007ff87bbb2000 	C:\Users\USUARIO\.p2\pool\plugins\org.eclipse.justj.openjdk.hotspot.jre.full.win32.x86_64_22.0.1.v20240426-1149\jre\bin\server\jvm.dll
0x00007ff8b3180000 - 0x00007ff8b3230000 	C:\WINDOWS\System32\ADVAPI32.dll
0x00007ff8b2530000 - 0x00007ff8b25d0000 	C:\WINDOWS\System32\sechost.dll
0x00007ff8b3ba0000 - 0x00007ff8b3cc3000 	C:\WINDOWS\System32\RPCRT4.dll
0x00007ff8b1e60000 - 0x00007ff8b1e87000 	C:\WINDOWS\System32\bcrypt.dll
0x00007ff8b3980000 - 0x00007ff8b39eb000 	C:\WINDOWS\System32\WS2_32.dll
0x00007ff8b1040000 - 0x00007ff8b108b000 	C:\WINDOWS\SYSTEM32\POWRPROF.dll
0x00007ff8a67f0000 - 0x00007ff8a6817000 	C:\WINDOWS\SYSTEM32\WINMM.dll
0x00007ff8a9e60000 - 0x00007ff8a9e6a000 	C:\WINDOWS\SYSTEM32\VERSION.dll
0x00007ff8b0f00000 - 0x00007ff8b0f12000 	C:\WINDOWS\SYSTEM32\UMPDC.dll
0x00007ff8af990000 - 0x00007ff8af9a2000 	C:\WINDOWS\SYSTEM32\kernel.appcore.dll
0x00007ff8ad980000 - 0x00007ff8ad98a000 	C:\Users\USUARIO\.p2\pool\plugins\org.eclipse.justj.openjdk.hotspot.jre.full.win32.x86_64_22.0.1.v20240426-1149\jre\bin\jimage.dll
0x00007ff8a3ca0000 - 0x00007ff8a3e84000 	C:\WINDOWS\SYSTEM32\DBGHELP.DLL
0x00007ff8949a0000 - 0x00007ff8949d4000 	C:\WINDOWS\SYSTEM32\dbgcore.DLL
0x00007ff8b1f90000 - 0x00007ff8b2012000 	C:\WINDOWS\System32\bcryptPrimitives.dll
0x00007ff8ab030000 - 0x00007ff8ab04e000 	C:\Users\USUARIO\.p2\pool\plugins\org.eclipse.justj.openjdk.hotspot.jre.full.win32.x86_64_22.0.1.v20240426-1149\jre\bin\java.dll
0x00007ff8b2a00000 - 0x00007ff8b316c000 	C:\WINDOWS\System32\SHELL32.dll
0x00007ff8b3a70000 - 0x00007ff8b3b9b000 	C:\WINDOWS\System32\ole32.dll
0x00007ff8b3ef0000 - 0x00007ff8b4243000 	C:\WINDOWS\System32\combase.dll
0x00007ff8aafb0000 - 0x00007ff8aafc7000 	C:\Users\USUARIO\.p2\pool\plugins\org.eclipse.justj.openjdk.hotspot.jre.full.win32.x86_64_22.0.1.v20240426-1149\jre\bin\zip.dll
0x00007ff8afb90000 - 0x00007ff8b032d000 	C:\WINDOWS\SYSTEM32\windows.storage.dll
0x00007ff8b1530000 - 0x00007ff8b155e000 	C:\WINDOWS\SYSTEM32\Wldp.dll
0x00007ff8b2930000 - 0x00007ff8b29fd000 	C:\WINDOWS\System32\OLEAUT32.dll
0x00007ff8b3790000 - 0x00007ff8b383d000 	C:\WINDOWS\System32\SHCORE.dll
0x00007ff8b3ce0000 - 0x00007ff8b3d35000 	C:\WINDOWS\System32\shlwapi.dll
0x00007ff8b1a40000 - 0x00007ff8b1a64000 	C:\WINDOWS\SYSTEM32\profapi.dll
0x00007ff8ab020000 - 0x00007ff8ab030000 	C:\Users\USUARIO\.p2\pool\plugins\org.eclipse.justj.openjdk.hotspot.jre.full.win32.x86_64_22.0.1.v20240426-1149\jre\bin\net.dll
0x00007ff8b1290000 - 0x00007ff8b12fa000 	C:\WINDOWS\system32\mswsock.dll
0x00007ff8aaf90000 - 0x00007ff8aafa6000 	C:\Users\USUARIO\.p2\pool\plugins\org.eclipse.justj.openjdk.hotspot.jre.full.win32.x86_64_22.0.1.v20240426-1149\jre\bin\nio.dll
0x00007ff8a8390000 - 0x00007ff8a83a0000 	C:\Users\USUARIO\.p2\pool\plugins\org.eclipse.justj.openjdk.hotspot.jre.full.win32.x86_64_22.0.1.v20240426-1149\jre\bin\verify.dll
0x00007ff8ac1b0000 - 0x00007ff8ac22b000 	C:\Users\USUARIO\AppData\Local\Temp\lwjgl_USUARIO\3.3.3+5\x64\lwjgl.dll
0x00007ff8ac120000 - 0x00007ff8ac1a2000 	C:\Users\USUARIO\AppData\Local\Temp\lwjgl_USUARIO\3.3.3+5\x64\glfw.dll
0x00007ff8ac0d0000 - 0x00007ff8ac115000 	C:\WINDOWS\SYSTEM32\dinput8.dll
0x00007ff8addd0000 - 0x00007ff8adde1000 	C:\WINDOWS\SYSTEM32\xinput1_4.dll
0x00007ff8b2020000 - 0x00007ff8b206e000 	C:\WINDOWS\System32\cfgmgr32.dll
0x00007ff8b1890000 - 0x00007ff8b18c3000 	C:\WINDOWS\SYSTEM32\DEVOBJ.dll
0x00007ff8af7b0000 - 0x00007ff8af7df000 	C:\WINDOWS\SYSTEM32\dwmapi.dll
0x00007ff8a3880000 - 0x00007ff8a39d2000 	C:\WINDOWS\SYSTEM32\inputhost.dll
0x00007ff8adc00000 - 0x00007ff8adcf6000 	C:\WINDOWS\SYSTEM32\PROPSYS.dll
0x00007ff8ae7a0000 - 0x00007ff8ae892000 	C:\WINDOWS\SYSTEM32\CoreMessaging.dll
0x00007ff8adaa0000 - 0x00007ff8adbf7000 	C:\WINDOWS\SYSTEM32\wintypes.dll
0x00007ff8ae260000 - 0x00007ff8ae5bb000 	C:\WINDOWS\SYSTEM32\CoreUIComponents.dll
0x00007ff8b0c60000 - 0x00007ff8b0c93000 	C:\WINDOWS\SYSTEM32\ntmarta.dll
0x00007ff8af4b0000 - 0x00007ff8af54e000 	C:\WINDOWS\system32\uxtheme.dll
0x00007ff8b4290000 - 0x00007ff8b43a4000 	C:\WINDOWS\System32\MSCTF.dll
0x00007ff88c340000 - 0x00007ff88c465000 	C:\WINDOWS\SYSTEM32\opengl32.dll
0x00007ff88dc10000 - 0x00007ff88dc3c000 	C:\WINDOWS\SYSTEM32\GLU32.dll
0x00007ff8b2660000 - 0x00007ff8b2709000 	C:\WINDOWS\System32\clbcatq.dll
0x00007ff8590a0000 - 0x00007ff85b685000 	C:\WINDOWS\System32\DriverStore\FileRepository\nvhmi.inf_amd64_fc58d2ea95538ff7\nvoglv64.dll
0x00007ff8b3320000 - 0x00007ff8b378e000 	C:\WINDOWS\System32\SETUPAPI.dll
0x00007ff8aba60000 - 0x00007ff8aba74000 	C:\WINDOWS\SYSTEM32\WTSAPI32.dll
0x00007ff8b16c0000 - 0x00007ff8b16d2000 	C:\WINDOWS\SYSTEM32\msasn1.dll
0x00007ff8a9e20000 - 0x00007ff8a9e51000 	C:\WINDOWS\SYSTEM32\cryptnet.dll
0x00007ff8b1d00000 - 0x00007ff8b1e5e000 	C:\WINDOWS\System32\CRYPT32.dll
0x00007ff8b14a0000 - 0x00007ff8b14ac000 	C:\WINDOWS\SYSTEM32\cryptbase.dll
0x00007ff8a9b00000 - 0x00007ff8a9c47000 	C:\WINDOWS\SYSTEM32\drvstore.dll
0x00007ff8b1c90000 - 0x00007ff8b1cf9000 	C:\WINDOWS\System32\WINTRUST.dll
0x00007ff8b2770000 - 0x00007ff8b278d000 	C:\WINDOWS\System32\imagehlp.dll
0x00007ff8b1480000 - 0x00007ff8b1498000 	C:\WINDOWS\SYSTEM32\CRYPTSP.dll
0x00007ff8b0b40000 - 0x00007ff8b0b74000 	C:\WINDOWS\system32\rsaenh.dll
0x00007ff884780000 - 0x00007ff8865af000 	C:\WINDOWS\System32\DriverStore\FileRepository\nvhmi.inf_amd64_fc58d2ea95538ff7\nvgpucomp64.dll
0x00007ff8a69c0000 - 0x00007ff8a69fb000 	C:\WINDOWS\SYSTEM32\dxcore.dll
0x00007ff8a35b0000 - 0x00007ff8a3880000 	C:\WINDOWS\system32\nvspcap64.dll
0x00007ff8b0800000 - 0x00007ff8b085b000 	C:\WINDOWS\SYSTEM32\WINSTA.dll
0x00007ff8b0390000 - 0x00007ff8b0482000 	C:\WINDOWS\system32\dxgi.dll
0x00007ff8acb30000 - 0x00007ff8acd93000 	C:\WINDOWS\system32\d3d11.dll
0x00007ff888220000 - 0x00007ff8882e1000 	C:\WINDOWS\System32\DriverStore\FileRepository\nvhmi.inf_amd64_fc58d2ea95538ff7\nvldumdx.dll
0x00007ff880bc0000 - 0x00007ff88477c000 	C:\WINDOWS\System32\DriverStore\FileRepository\nvhmi.inf_amd64_fc58d2ea95538ff7\nvwgf2umx.dll
0x00007ff8a2a00000 - 0x00007ff8a30e1000 	C:\WINDOWS\SYSTEM32\nvapi64.dll
0x00007ff8a39e0000 - 0x00007ff8a3ad9000 	C:\WINDOWS\SYSTEM32\textinputframework.dll
0x00007ff8ac070000 - 0x00007ff8ac0ce000 	C:\Users\USUARIO\AppData\Local\Temp\lwjgl_USUARIO\3.3.3+5\x64\lwjgl_opengl.dll

dbghelp: loaded successfully - version: 4.0.5 - missing functions: none
symbol engine: initialized successfully - sym options: 0x614 - pdb path: .;C:\Users\USUARIO\.p2\pool\plugins\org.eclipse.justj.openjdk.hotspot.jre.full.win32.x86_64_22.0.1.v20240426-1149\jre\bin;C:\WINDOWS\SYSTEM32;C:\WINDOWS\WinSxS\amd64_microsoft.windows.common-controls_6595b64144ccf1df_6.0.19041.4355_none_60b8b9eb71f62e16;C:\Users\USUARIO\.p2\pool\plugins\org.eclipse.justj.openjdk.hotspot.jre.full.win32.x86_64_22.0.1.v20240426-1149\jre\bin\server;C:\Users\USUARIO\AppData\Local\Temp\lwjgl_USUARIO\3.3.3+5\x64;C:\WINDOWS\System32\DriverStore\FileRepository\nvhmi.inf_amd64_fc58d2ea95538ff7

VM Arguments:
jvm_args: -Dfile.encoding=UTF-8 -Dstdout.encoding=UTF-8 -Dstderr.encoding=UTF-8 -XX:+ShowCodeDetailsInExceptionMessages 
java_command: Main3D
java_class_path (initial): C:\Users\USUARIO\Desktop\AulaComputacaoGrafica\Opengl08_Luz\target\classes;C:\Users\USUARIO\.m2\repository\org\lwjgl\lwjgl\3.3.3\lwjgl-3.3.3.jar;C:\Users\USUARIO\.m2\repository\org\lwjgl\lwjgl-assimp\3.3.3\lwjgl-assimp-3.3.3.jar;C:\Users\USUARIO\.m2\repository\org\lwjgl\lwjgl-glfw\3.3.3\lwjgl-glfw-3.3.3.jar;C:\Users\USUARIO\.m2\repository\org\lwjgl\lwjgl-openal\3.3.3\lwjgl-openal-3.3.3.jar;C:\Users\USUARIO\.m2\repository\org\lwjgl\lwjgl-opengl\3.3.3\lwjgl-opengl-3.3.3.jar;C:\Users\USUARIO\.m2\repository\org\lwjgl\lwjgl-stb\3.3.3\lwjgl-stb-3.3.3.jar;C:\Users\USUARIO\.m2\repository\org\lwjgl\lwjgl\3.3.3\lwjgl-3.3.3-natives-windows.jar;C:\Users\USUARIO\.m2\repository\org\lwjgl\lwjgl-assimp\3.3.3\lwjgl-assimp-3.3.3-natives-windows.jar;C:\Users\USUARIO\.m2\repository\org\lwjgl\lwjgl-glfw\3.3.3\lwjgl-glfw-3.3.3-natives-windows.jar;C:\Users\USUARIO\.m2\repository\org\lwjgl\lwjgl-openal\3.3.3\lwjgl-openal-3.3.3-natives-windows.jar;C:\Users\USUARIO\.m2\repository\org\lwjgl\lwjgl-opengl\3.3.3\lwjgl-opengl-3.3.3-natives-windows.jar;C:\Users\USUARIO\.m2\repository\org\lwjgl\lwjgl-stb\3.3.3\lwjgl-stb-3.3.3-natives-windows.jar;C:\Users\USUARIO\.m2\repository\org\lwjgl\lwjgl\lwjgl_util\2.9.1\lwjgl_util-2.9.1.jar;C:\Users\USUARIO\.m2\repository\org\lwjgl\lwjgl\lwjgl\2.9.1\lwjgl-2.9.1.jar;C:\Users\USUARIO\.m2\repository\org\lwjgl\lwjgl\lwjgl-platform\2.9.1\lwjgl-platform-2.9.1-natives-windows.jar;C:\Users\USUARIO\.m2\repository\org\lwjgl\lwjgl\lwjgl-platform\2.9.1\lwjgl-platform-2.9.1-natives-linux.jar;C:\Users\USUARIO\.m2\repository\org\lwjgl\lwjgl\lwjgl-platform\2.9.1\lwjgl-platform-2.9.1-natives-osx.jar;C:\Users\USUARIO\.m2\repository\net\java\jinput\jinput\2.0.5\jinput-2.0.5.jar;C:\Users\USUARIO\.m2\repository\net\java\jutils\jutils\1.0.0\jutils-1.0.0.jar;C:\Users\USUARIO\.m2\repository\net\java\jinput\jinput-platform\2.0.5\jinput-platform-2.0.5-natives-linux.jar;C:\Users\USUARIO\.m2\repository\net\java\jinput\jinput-platform\2.0.5\jinput-platform-2.0.5-natives-windows.jar;C:\Users\USUARIO\.m2\repository\net\java\jinput\jinput-platform\2.0.5\jinput-platform-2.0.5-natives-osx.jar
Launcher Type: SUN_STANDARD

[Global flags]
     intx CICompilerCount                          = 3                                         {product} {ergonomic}
     uint ConcGCThreads                            = 1                                         {product} {ergonomic}
     uint G1ConcRefinementThreads                  = 4                                         {product} {ergonomic}
   size_t G1HeapRegionSize                         = 1048576                                   {product} {ergonomic}
   size_t InitialHeapSize                          = 134217728                                 {product} {ergonomic}
   size_t MarkStackSize                            = 4194304                                   {product} {ergonomic}
   size_t MaxHeapSize                              = 2130706432                                {product} {ergonomic}
   size_t MaxNewSize                               = 1278214144                                {product} {ergonomic}
   size_t MinHeapDeltaBytes                        = 1048576                                   {product} {ergonomic}
   size_t MinHeapSize                              = 8388608                                   {product} {ergonomic}
    uintx NonNMethodCodeHeapSize                   = 5832780                                {pd product} {ergonomic}
    uintx NonProfiledCodeHeapSize                  = 122912730                              {pd product} {ergonomic}
    uintx ProfiledCodeHeapSize                     = 122912730                              {pd product} {ergonomic}
    uintx ReservedCodeCacheSize                    = 251658240                              {pd product} {ergonomic}
     bool SegmentedCodeCache                       = true                                      {product} {ergonomic}
     bool ShowCodeDetailsInExceptionMessages       = true                                   {manageable} {command line}
   size_t SoftMaxHeapSize                          = 2130706432                             {manageable} {ergonomic}
     bool UseCompressedOops                        = true                           {product lp64_product} {ergonomic}
     bool UseG1GC                                  = true                                      {product} {ergonomic}
     bool UseLargePagesIndividualAllocation        = false                                  {pd product} {ergonomic}

Logging:
Log output configuration:
 #0: stdout all=warning uptime,level,tags foldmultilines=false
 #1: stderr all=off uptime,level,tags foldmultilines=false

Environment Variables:
PATH=C:/Users/USUARIO/.p2/pool/plugins/org.eclipse.justj.openjdk.hotspot.jre.full.win32.x86_64_22.0.1.v20240426-1149/jre/bin/server;C:/Users/USUARIO/.p2/pool/plugins/org.eclipse.justj.openjdk.hotspot.jre.full.win32.x86_64_22.0.1.v20240426-1149/jre/bin;C:\WINDOWS\system32;C:\WINDOWS;C:\WINDOWS\System32\Wbem;C:\WINDOWS\System32\WindowsPowerShell\v1.0\;C:\WINDOWS\System32\OpenSSH\;C:\Program Files\NVIDIA Corporation\NVIDIA NvDLISR;C:\Program Files (x86)\NVIDIA Corporation\PhysX\Common;C:\Program Files\Git\cmd;C:\Users\USUARIO\AppData\Local\Microsoft\WindowsApps;;C:\Users\USUARIO\Desktop;
USERNAME=USUARIO
OS=Windows_NT
PROCESSOR_IDENTIFIER=Intel64 Family 6 Model 69 Stepping 1, GenuineIntel
TMP=C:\Users\USUARIO\AppData\Local\Temp
TEMP=C:\Users\USUARIO\AppData\Local\Temp




Periodic native trim disabled

---------------  S Y S T E M  ---------------

OS:
 Windows 10 , 64 bit Build 19041 (10.0.19041.3636)
OS uptime: 0 days 2:20 hours

CPU: total 4 (initial active 4) (2 cores per cpu, 2 threads per core) family 6 model 69 stepping 1 microcode 0x25, cx8, cmov, fxsr, ht, mmx, sse, sse2, sse3, ssse3, sse4.1, sse4.2, popcnt, lzcnt, tsc, tscinvbit, avx, avx2, aes, erms, clmul, bmi1, bmi2, fma, vzeroupper, clflush, rdtscp, f16c
Processor Information for all 4 processors :
  Max Mhz: 2401, Current Mhz: 2400, Mhz Limit: 2376

Memory: 4k page, system-wide physical 8122M (4195M free)
TotalPageFile size 9402M (AvailPageFile size 5158M)
current process WorkingSet (physical memory assigned to process): 131M, peak: 133M
current process commit charge ("private bytes"): 317M, peak: 320M

vm_info: OpenJDK 64-Bit Server VM (22.0.1+8) for windows-amd64 JRE (22.0.1+8), built on 2024-04-16T00:00:00Z by "admin" with MS VC++ 17.7 (VS2022)

END.
