#
# A fatal error has been detected by the Java Runtime Environment:
#
#  EXCEPTION_ACCESS_VIOLATION (0xc0000005) at pc=0x00007ff89c6edf0d, pid=6768, tid=1664
#
# JRE version: OpenJDK Runtime Environment Temurin-22.0.1+8 (22.0.1+8) (build 22.0.1+8)
# Java VM: OpenJDK 64-Bit Server VM Temurin-22.0.1+8 (22.0.1+8, mixed mode, tiered, compressed oops, compressed class ptrs, g1 gc, windows-amd64)
# Problematic frame:
# C  [lwjgl_opengl.dll+0xdf0d]
#
# No core dump will be written. Minidumps are not enabled by default on client versions of Windows
#
# If you would like to submit a bug report, please visit:
#   https://github.com/adoptium/adoptium-support/issues
# The crash happened outside the Java Virtual Machine in native code.
# See problematic frame for where to report the bug.
#

---------------  S U M M A R Y ------------

Command Line: -Dfile.encoding=UTF-8 -Dstdout.encoding=UTF-8 -Dstderr.encoding=UTF-8 -XX:+ShowCodeDetailsInExceptionMessages Main3D

Host: Intel(R) Core(TM) i5-4210U CPU @ 1.70GHz, 4 cores, 7G,  Windows 10 , 64 bit Build 19041 (10.0.19041.3636)
Time: Sun Jun 30 19:41:26 2024 Hora oficial do Brasil elapsed time: 2.389974 seconds (0d 0h 0m 2s)

---------------  T H R E A D  ---------------

Current thread (0x0000026408a9cee0):  JavaThread "main"             [_thread_in_native, id=1664, stack(0x000000e22af00000,0x000000e22b000000) (1024K)]

Stack: [0x000000e22af00000,0x000000e22b000000],  sp=0x000000e22affef58,  free space=1019k
Native frames: (J=compiled Java code, j=interpreted, Vv=VM code, C=native code)
C  [lwjgl_opengl.dll+0xdf0d]  (no source info available)

Java frames: (J=compiled Java code, j=interpreted, Vv=VM code)
j  org.lwjgl.opengl.GL15C.nglGenBuffers(IJ)V+0
j  org.lwjgl.opengl.GL15C.glGenBuffers()I+20
j  org.lwjgl.opengl.GL15.glGenBuffers()I+0
j  obj.ObjModel.load()V+1376
j  Main3D.createEnemies()V+16
j  Main3D.init()V+230
j  Main3D.run()V+15
j  Main3D.main([Ljava/lang/String;)V+7
v  ~StubRoutines::call_stub 0x0000026415c4100d

siginfo: EXCEPTION_ACCESS_VIOLATION (0xc0000005), reading address 0x0000000000000d98


Registers:
RAX=0x00000264272a4f80, RBX=0x00000264238ffee8, RCX=0x0000000000000001, RDX=0x00000264272bbeac
RSP=0x000000e22affef58, RBP=0x000000e22affefe0, RSI=0x0000026423679460, RDI=0x0000000000000001
R8 =0x0000000000000001, R9 =0x00000264272bbeac, R10=0x0000000000000000, R11=0x000000008858c850
R12=0x0000000000000000, R13=0x00000264238ffee8, R14=0x000000e22afff010, R15=0x0000026408a9cee0
RIP=0x00007ff89c6edf0d, EFLAGS=0x0000000000010206


Register to memory mapping:

RAX=0x00000264272a4f80 points into unknown readable memory: 0x0000000000000000 | 00 00 00 00 00 00 00 00
RBX={method} {0x00000264238ffef0} 'nglGenBuffers' '(IJ)V' in 'org/lwjgl/opengl/GL15C'
RCX=0x0000000000000001 is an unknown value
RDX=0x00000264272bbeac points into unknown readable memory: 00 00 00 00
RSP=0x000000e22affef58 is pointing into the stack for thread: 0x0000026408a9cee0
RBP=0x000000e22affefe0 is pointing into the stack for thread: 0x0000026408a9cee0
RSI=0x0000026423679460 is pointing into metadata
RDI=0x0000000000000001 is an unknown value
R8 =0x0000000000000001 is an unknown value
R9 =0x00000264272bbeac points into unknown readable memory: 00 00 00 00
R10=0x0 is null
R11=0x000000008858c850 is an oop: java.lang.Class 
{0x000000008858c850} - klass: 'java/lang/Class'
 - ---- fields (total size 28 words):
 - private volatile transient 'classRedefinedCount' 'I' @12  0 (0x00000000)
 - injected 'klass' 'J' @16  17690576 (0x00000000010defd0)
 - injected 'array_klass' 'J' @24  0 (0x0000000000000000)
 - injected 'oop_size' 'I' @32  28 (0x0000001c)
 - injected 'static_oop_field_count' 'I' @36  0 (0x00000000)
 - private volatile transient 'cachedConstructor' 'Ljava/lang/reflect/Constructor;' @40  null (0x00000000)
 - private transient 'name' 'Ljava/lang/String;' @44  "org.lwjgl.opengl.GL15C"{0x000000008858c930} (0x8858c930)
 - private transient 'module' 'Ljava/lang/Module;' @48  a 'java/lang/Module'{0x0000000081075e18} (0x81075e18)
 - private final 'classLoader' 'Ljava/lang/ClassLoader;' @52  a 'jdk/internal/loader/ClassLoaders$AppClassLoader'{0x00000000810001b8} (0x810001b8)
 - private transient 'classData' 'Ljava/lang/Object;' @56  null (0x00000000)
 - private transient 'packageName' 'Ljava/lang/String;' @60  "org.lwjgl.opengl"{0x0000000088695a10} (0x88695a10)
 - private final 'componentType' 'Ljava/lang/Class;' @64  null (0x00000000)
 - private volatile transient 'reflectionData' 'Ljava/lang/ref/SoftReference;' @68  null (0x00000000)
 - private volatile transient 'genericInfo' 'Lsun/reflect/generics/repository/ClassRepository;' @72  null (0x00000000)
 - private volatile transient 'enumConstants' '[Ljava/lang/Object;' @76  null (0x00000000)
 - private volatile transient 'enumConstantDirectory' 'Ljava/util/Map;' @80  null (0x00000000)
 - private volatile transient 'annotationData' 'Ljava/lang/Class$AnnotationData;' @84  null (0x00000000)
 - private volatile transient 'annotationType' 'Lsun/reflect/annotation/AnnotationType;' @88  null (0x00000000)
 - transient 'classValueMap' 'Ljava/lang/ClassValue$ClassValueMap;' @92  null (0x00000000)
 - injected 'protection_domain' 'Ljava/lang/Object;' @96  a 'java/security/ProtectionDomain'{0x00000000886a2d70} (0x886a2d70)
 - injected 'signers_name' 'Ljava/lang/Object;' @100  null (0x00000000)
 - injected 'source_file' 'Ljava/lang/Object;' @104  null (0x00000000)
 - signature: Lorg/lwjgl/opengl/GL15C;
 - ---- static fields (0):
 - public static final 'GL_SRC1_ALPHA' 'I' @112  34185 (0x00008589)
 - public static final 'GL_ARRAY_BUFFER' 'I' @116  34962 (0x00008892)
 - public static final 'GL_ELEMENT_ARRAY_BUFFER' 'I' @120  34963 (0x00008893)
 - public static final 'GL_ARRAY_BUFFER_BINDING' 'I' @124  34964 (0x00008894)
 - public static final 'GL_ELEMENT_ARRAY_BUFFER_BINDING' 'I' @128  34965 (0x00008895)
 - public static final 'GL_VERTEX_ATTRIB_ARRAY_BUFFER_BINDING' 'I' @132  34975 (0x0000889f)
 - public static final 'GL_STREAM_DRAW' 'I' @136  35040 (0x000088e0)
 - public static final 'GL_STREAM_READ' 'I' @140  35041 (0x000088e1)
 - public static final 'GL_STREAM_COPY' 'I' @144  35042 (0x000088e2)
 - public static final 'GL_STATIC_DRAW' 'I' @148  35044 (0x000088e4)
 - public static final 'GL_STATIC_READ' 'I' @152  35045 (0x000088e5)
 - public static final 'GL_STATIC_COPY' 'I' @156  35046 (0x000088e6)
 - public static final 'GL_DYNAMIC_DRAW' 'I' @160  35048 (0x000088e8)
 - public static final 'GL_DYNAMIC_READ' 'I' @164  35049 (0x000088e9)
 - public static final 'GL_DYNAMIC_COPY' 'I' @168  35050 (0x000088ea)
 - public static final 'GL_READ_ONLY' 'I' @172  35000 (0x000088b8)
 - public static final 'GL_WRITE_ONLY' 'I' @176  35001 (0x000088b9)
 - public static final 'GL_READ_WRITE' 'I' @180  35002 (0x000088ba)
 - public static final 'GL_BUFFER_SIZE' 'I' @184  34660 (0x00008764)
 - public static final 'GL_BUFFER_USAGE' 'I' @188  34661 (0x00008765)
 - public static final 'GL_BUFFER_ACCESS' 'I' @192  35003 (0x000088bb)
 - public static final 'GL_BUFFER_MAPPED' 'I' @196  35004 (0x000088bc)
 - public static final 'GL_BUFFER_MAP_POINTER' 'I' @200  35005 (0x000088bd)
 - public static final 'GL_SAMPLES_PASSED' 'I' @204  35092 (0x00008914)
 - public static final 'GL_QUERY_COUNTER_BITS' 'I' @208  34916 (0x00008864)
 - public static final 'GL_CURRENT_QUERY' 'I' @212  34917 (0x00008865)
 - public static final 'GL_QUERY_RESULT' 'I' @216  34918 (0x00008866)
 - public static final 'GL_QUERY_RESULT_AVAILABLE' 'I' @220  34919 (0x00008867)
R12=0x0 is null
R13={method} {0x00000264238ffef0} 'nglGenBuffers' '(IJ)V' in 'org/lwjgl/opengl/GL15C'
R14=0x000000e22afff010 is pointing into the stack for thread: 0x0000026408a9cee0
R15=0x0000026408a9cee0 is a thread

Top of Stack: (sp=0x000000e22affef58)
0x000000e22affef58:   0000026415c4cf87 0000000000000001
0x000000e22affef68:   0000026415c4cc73 00000264238ffee8
0x000000e22affef78:   0000026423679460 000000e22affeff8
0x000000e22affef88:   0000026415c4899c 0000026415c4cc1b
0x000000e22affef98:   fffffffffffffff7 00000264238ffee8
0x000000e22affefa8:   0000000000000006 0000026423a1d470
0x000000e22affefb8:   0000000000000000 000000008858c850
0x000000e22affefc8:   00000264238ffee8 0000000000000000
0x000000e22affefd8:   000000e22afff000 000000e22afff060
0x000000e22affefe8:   0000026415c488a6 000000008858c850
0x000000e22affeff8:   0000026415c4a4d7 00000264272bbeac
0x000000e22afff008:   0000000000000000 0000000000000001
0x000000e22afff018:   fffffffffffffff7 0000026423a040a4
0x000000e22afff028:   0000000000000006 0000026423a1d470
0x000000e22afff038:   0000000000000000 000000008858c850
0x000000e22afff048:   0000026423a04110 fffffffffffffff4
0x000000e22afff058:   000000e22afff098 000000e22afff0e0
0x000000e22afff068:   0000026415c489ee 0000000000000000
0x000000e22afff078:   0000000000000000 0000000088596c68
0x000000e22afff088:   0000000000010000 0000000081001bf8
0x000000e22afff098:   fffffffffffffff7 00000264238a6038
0x000000e22afff0a8:   0000000000000001 00000264238f62c8
0x000000e22afff0b8:   0000000000000000 00000000886dbfc0
0x000000e22afff0c8:   00000264238a6050 fffffffffffffff7
0x000000e22afff0d8:   000000e22afff0f0 000000e22afff140
0x000000e22afff0e8:   0000026415c489ee 00000000810019f8
0x000000e22afff0f8:   fffffffffffffff7 0000026423405948
0x000000e22afff108:   000000000000001f 0000026423894cb8
0x000000e22afff118:   0000000000000000 0000000081001a38
0x000000e22afff128:   0000026423405c88 fffffffffffffff6
0x000000e22afff138:   000000e22afff238 000000e22afff288
0x000000e22afff148:   0000026415c488a6 0000000000000000 

Instructions: (pc=0x00007ff89c6edf0d)
0x00007ff89c6ede0d:   cc cc cc 48 8b 01 0f 28 cb 41 8b c8 48 8b 50 18
0x00007ff89c6ede1d:   48 ff a2 58 0c 00 00 cc cc cc cc cc cc cc cc cc
0x00007ff89c6ede2d:   cc cc cc 48 8b 01 41 8b d1 41 8b c8 4c 8b 50 18
0x00007ff89c6ede3d:   49 ff a2 60 0c 00 00 cc cc cc cc cc cc cc cc cc
0x00007ff89c6ede4d:   cc cc cc 48 8b 01 49 8b d1 41 8b c8 4c 8b 50 18
0x00007ff89c6ede5d:   49 ff a2 68 0c 00 00 cc cc cc cc cc cc cc cc cc
0x00007ff89c6ede6d:   cc cc cc 48 8b 01 49 8b d1 41 8b c8 4c 8b 50 18
0x00007ff89c6ede7d:   49 ff a2 70 0c 00 00 cc cc cc cc cc cc cc cc cc
0x00007ff89c6ede8d:   cc cc cc 40 53 48 8b 01 41 8b d8 44 8b 44 24 30
0x00007ff89c6ede9d:   41 8b d1 44 8b 4c 24 38 8b cb 4c 8b 50 18 5b 49
0x00007ff89c6edead:   ff a2 00 0d 00 00 cc cc cc cc cc cc cc cc cc cc
0x00007ff89c6edebd:   cc cc cc 48 8b 01 41 8b d1 41 8b c8 4c 8b 50 18
0x00007ff89c6edecd:   49 ff a2 88 0d 00 00 cc cc cc cc cc cc cc cc cc
0x00007ff89c6ededd:   cc cc cc 48 8b 01 49 8b d1 41 8b c8 4c 8b 50 18
0x00007ff89c6edeed:   49 ff a2 90 0d 00 00 cc cc cc cc cc cc cc cc cc
0x00007ff89c6edefd:   cc cc cc 48 8b 01 49 8b d1 41 8b c8 4c 8b 50 18
0x00007ff89c6edf0d:   49 ff a2 98 0d 00 00 cc cc cc cc cc cc cc cc cc
0x00007ff89c6edf1d:   cc cc cc 48 8b 01 48 8b 48 18 48 8b 81 a0 0d 00
0x00007ff89c6edf2d:   00 41 8b c8 48 ff e0 cc cc cc cc cc cc cc cc cc
0x00007ff89c6edf3d:   cc cc cc 40 53 48 8b 01 41 8b d8 4c 8b 44 24 30
0x00007ff89c6edf4d:   49 8b d1 44 8b 4c 24 38 8b cb 4c 8b 50 18 5b 49
0x00007ff89c6edf5d:   ff a2 a8 0d 00 00 cc cc cc cc cc cc cc cc cc cc
0x00007ff89c6edf6d:   cc cc cc 40 53 48 8b 01 41 8b d8 4c 8b 44 24 30
0x00007ff89c6edf7d:   49 8b d1 4c 8b 4c 24 38 8b cb 4c 8b 50 18 5b 49
0x00007ff89c6edf8d:   ff a2 b0 0d 00 00 cc cc cc cc cc cc cc cc cc cc
0x00007ff89c6edf9d:   cc cc cc 40 53 48 8b 01 41 8b d8 4c 8b 44 24 30
0x00007ff89c6edfad:   49 8b d1 4c 8b 4c 24 38 8b cb 4c 8b 50 18 5b 49
0x00007ff89c6edfbd:   ff a2 b8 0d 00 00 cc cc cc cc cc cc cc cc cc cc
0x00007ff89c6edfcd:   cc cc cc 48 8b 01 41 8b d1 48 8b 48 18 48 8b 81
0x00007ff89c6edfdd:   c0 0d 00 00 41 8b c8 48 ff e0 cc cc cc cc cc cc
0x00007ff89c6edfed:   cc cc cc 48 8b 01 48 8b 48 18 48 8b 81 c8 0d 00
0x00007ff89c6edffd:   00 41 8b c8 48 ff e0 cc cc cc cc cc cc cc cc cc 


Stack slot to memory mapping:

stack at sp + 0 slots: 0x0000026415c4cf87 is at code_begin+1063 in an Interpreter codelet
native method entry point (kind = native)  [0x0000026415c4cb60, 0x0000026415c4d680]  2848 bytes
stack at sp + 1 slots: 0x0000000000000001 is an unknown value
stack at sp + 2 slots: 0x0000026415c4cc73 is at code_begin+275 in an Interpreter codelet
native method entry point (kind = native)  [0x0000026415c4cb60, 0x0000026415c4d680]  2848 bytes
stack at sp + 3 slots: {method} {0x00000264238ffef0} 'nglGenBuffers' '(IJ)V' in 'org/lwjgl/opengl/GL15C'
stack at sp + 4 slots: 0x0000026423679460 is pointing into metadata
stack at sp + 5 slots: 0x000000e22affeff8 is pointing into the stack for thread: 0x0000026408a9cee0
stack at sp + 6 slots: 0x0000026415c4899c is at code_begin+1500 in an Interpreter codelet
return entry points  [0x0000026415c483c0, 0x0000026415c49008]  3144 bytes
stack at sp + 7 slots: 0x0000026415c4cc1b is at code_begin+187 in an Interpreter codelet
native method entry point (kind = native)  [0x0000026415c4cb60, 0x0000026415c4d680]  2848 bytes


---------------  P R O C E S S  ---------------

Threads class SMR info:
_java_thread_list=0x0000026427744ec0, length=12, elements={
0x0000026408a9cee0, 0x0000026422445e40, 0x000002642244b650, 0x0000026422452ca0,
0x0000026422454050, 0x0000026422455400, 0x0000026422470ce0, 0x0000026422471fd0,
0x0000026422476220, 0x0000026422622110, 0x0000026422626fa0, 0x000002642b8c8fa0
}

Java Threads: ( => current thread )
=>0x0000026408a9cee0 JavaThread "main"                              [_thread_in_native, id=1664, stack(0x000000e22af00000,0x000000e22b000000) (1024K)]
  0x0000026422445e40 JavaThread "Reference Handler"          daemon [_thread_blocked, id=3364, stack(0x000000e22b800000,0x000000e22b900000) (1024K)]
  0x000002642244b650 JavaThread "Finalizer"                  daemon [_thread_blocked, id=10976, stack(0x000000e22b900000,0x000000e22ba00000) (1024K)]
  0x0000026422452ca0 JavaThread "Signal Dispatcher"          daemon [_thread_blocked, id=4892, stack(0x000000e22ba00000,0x000000e22bb00000) (1024K)]
  0x0000026422454050 JavaThread "Attach Listener"            daemon [_thread_blocked, id=6704, stack(0x000000e22bb00000,0x000000e22bc00000) (1024K)]
  0x0000026422455400 JavaThread "Service Thread"             daemon [_thread_blocked, id=8400, stack(0x000000e22bc00000,0x000000e22bd00000) (1024K)]
  0x0000026422470ce0 JavaThread "Monitor Deflation Thread"   daemon [_thread_blocked, id=6640, stack(0x000000e22bd00000,0x000000e22be00000) (1024K)]
  0x0000026422471fd0 JavaThread "C2 CompilerThread0"         daemon [_thread_blocked, id=8384, stack(0x000000e22be00000,0x000000e22bf00000) (1024K)]
  0x0000026422476220 JavaThread "C1 CompilerThread0"         daemon [_thread_blocked, id=10336, stack(0x000000e22bf00000,0x000000e22c000000) (1024K)]
  0x0000026422622110 JavaThread "Notification Thread"        daemon [_thread_blocked, id=10868, stack(0x000000e22c000000,0x000000e22c100000) (1024K)]
  0x0000026422626fa0 JavaThread "Common-Cleaner"             daemon [_thread_blocked, id=8168, stack(0x000000e22c100000,0x000000e22c200000) (1024K)]
  0x000002642b8c8fa0 JavaThread "C2 CompilerThread1"         daemon [_thread_blocked, id=4352, stack(0x000000e22ca00000,0x000000e22cb00000) (1024K)]
Total: 12

Other Threads:
  0x00000264223e22b0 VMThread "VM Thread"                           [id=8128, stack(0x000000e22b600000,0x000000e22b700000) (1024K)]
  0x000002642235dca0 WatcherThread "VM Periodic Task Thread"        [id=5800, stack(0x000000e22b500000,0x000000e22b600000) (1024K)]
  0x000002640ac63a30 WorkerThread "GC Thread#0"                     [id=1880, stack(0x000000e22b000000,0x000000e22b100000) (1024K)]
  0x000002642b8c8780 WorkerThread "GC Thread#1"                     [id=2056, stack(0x000000e22cb00000,0x000000e22cc00000) (1024K)]
  0x000002642b8c4e70 WorkerThread "GC Thread#2"                     [id=6180, stack(0x000000e22cc00000,0x000000e22cd00000) (1024K)]
  0x000002642b8c5220 WorkerThread "GC Thread#3"                     [id=3996, stack(0x000000e22cd00000,0x000000e22ce00000) (1024K)]
  0x000002640ac74820 ConcurrentGCThread "G1 Main Marker"            [id=1728, stack(0x000000e22b100000,0x000000e22b200000) (1024K)]
  0x000002640ac76c90 WorkerThread "G1 Conc#0"                       [id=10416, stack(0x000000e22b200000,0x000000e22b300000) (1024K)]
  0x00000264222220c0 ConcurrentGCThread "G1 Refine#0"               [id=7664, stack(0x000000e22b300000,0x000000e22b400000) (1024K)]
  0x0000026422224e00 ConcurrentGCThread "G1 Service"                [id=4168, stack(0x000000e22b400000,0x000000e22b500000) (1024K)]
Total: 10

Threads with active compile tasks:
Total: 0

VM state: not at safepoint (normal execution)

VM Mutex/Monitor currently owned by a thread: None

Heap address: 0x0000000081000000, size: 2032 MB, Compressed Oops mode: 32-bit

CDS archive(s) not mapped
Compressed class space mapped at: 0x0000000001000000-0x0000000041000000, reserved size: 1073741824
Narrow klass base: 0x0000000000000000, Narrow klass shift: 0, Narrow klass range: 0x41000000

GC Precious Log:
 CardTable entry size: 512
 Card Set container configuration: InlinePtr #cards 5 size 8 Array Of Cards #cards 12 size 40 Howl #buckets 4 coarsen threshold 1843 Howl Bitmap #cards 512 size 80 coarsen threshold 460 Card regions per heap region 1 cards per card region 2048
 CPUs: 4 total, 4 available
 Memory: 8122M
 Large Page Support: Disabled
 NUMA Support: Disabled
 Compressed Oops: Enabled (32-bit)
 Heap Region Size: 1M
 Heap Min Capacity: 8M
 Heap Initial Capacity: 128M
 Heap Max Capacity: 2032M
 Pre-touch: Disabled
 Parallel Workers: 4
 Concurrent Workers: 1
 Concurrent Refinement Workers: 4
 Periodic GC: Disabled

Heap:
 garbage-first heap   total reserved 2080768K, committed 131072K, used 12096K [0x0000000081000000, 0x0000000100000000)
  region size 1024K, 12 young (12288K), 1 survivors (1024K)
 Metaspace       used 10471K, committed 10688K, reserved 1114112K
  class space    used 818K, committed 896K, reserved 1048576K

Heap Regions: E=young(eden), S=young(survivor), O=old, HS=humongous(starts), HC=humongous(continues), CS=collection set, F=free, TAMS=top-at-mark-start, PB=parsable bottom
|   0|0x0000000081000000, 0x0000000081100000, 0x0000000081100000|100%| O|  |TAMS 0x0000000081000000| PB 0x0000000081000000| Untracked |  0
|   1|0x0000000081100000, 0x00000000811d5a80, 0x0000000081200000| 83%| O|  |TAMS 0x0000000081100000| PB 0x0000000081100000| Untracked |  0
|   2|0x0000000081200000, 0x0000000081200000, 0x0000000081300000|  0%| F|  |TAMS 0x0000000081200000| PB 0x0000000081200000| Untracked |  0
|   3|0x0000000081300000, 0x0000000081300000, 0x0000000081400000|  0%| F|  |TAMS 0x0000000081300000| PB 0x0000000081300000| Untracked |  0
|   4|0x0000000081400000, 0x0000000081400000, 0x0000000081500000|  0%| F|  |TAMS 0x0000000081400000| PB 0x0000000081400000| Untracked |  0
|   5|0x0000000081500000, 0x0000000081500000, 0x0000000081600000|  0%| F|  |TAMS 0x0000000081500000| PB 0x0000000081500000| Untracked |  0
|   6|0x0000000081600000, 0x0000000081600000, 0x0000000081700000|  0%| F|  |TAMS 0x0000000081600000| PB 0x0000000081600000| Untracked |  0
|   7|0x0000000081700000, 0x0000000081700000, 0x0000000081800000|  0%| F|  |TAMS 0x0000000081700000| PB 0x0000000081700000| Untracked |  0
|   8|0x0000000081800000, 0x0000000081800000, 0x0000000081900000|  0%| F|  |TAMS 0x0000000081800000| PB 0x0000000081800000| Untracked |  0
|   9|0x0000000081900000, 0x0000000081900000, 0x0000000081a00000|  0%| F|  |TAMS 0x0000000081900000| PB 0x0000000081900000| Untracked |  0
|  10|0x0000000081a00000, 0x0000000081a00000, 0x0000000081b00000|  0%| F|  |TAMS 0x0000000081a00000| PB 0x0000000081a00000| Untracked |  0
|  11|0x0000000081b00000, 0x0000000081b00000, 0x0000000081c00000|  0%| F|  |TAMS 0x0000000081b00000| PB 0x0000000081b00000| Untracked |  0
|  12|0x0000000081c00000, 0x0000000081c00000, 0x0000000081d00000|  0%| F|  |TAMS 0x0000000081c00000| PB 0x0000000081c00000| Untracked |  0
|  13|0x0000000081d00000, 0x0000000081d00000, 0x0000000081e00000|  0%| F|  |TAMS 0x0000000081d00000| PB 0x0000000081d00000| Untracked |  0
|  14|0x0000000081e00000, 0x0000000081e00000, 0x0000000081f00000|  0%| F|  |TAMS 0x0000000081e00000| PB 0x0000000081e00000| Untracked |  0
|  15|0x0000000081f00000, 0x0000000081f00000, 0x0000000082000000|  0%| F|  |TAMS 0x0000000081f00000| PB 0x0000000081f00000| Untracked |  0
|  16|0x0000000082000000, 0x0000000082000000, 0x0000000082100000|  0%| F|  |TAMS 0x0000000082000000| PB 0x0000000082000000| Untracked |  0
|  17|0x0000000082100000, 0x0000000082100000, 0x0000000082200000|  0%| F|  |TAMS 0x0000000082100000| PB 0x0000000082100000| Untracked |  0
|  18|0x0000000082200000, 0x0000000082200000, 0x0000000082300000|  0%| F|  |TAMS 0x0000000082200000| PB 0x0000000082200000| Untracked |  0
|  19|0x0000000082300000, 0x0000000082300000, 0x0000000082400000|  0%| F|  |TAMS 0x0000000082300000| PB 0x0000000082300000| Untracked |  0
|  20|0x0000000082400000, 0x0000000082400000, 0x0000000082500000|  0%| F|  |TAMS 0x0000000082400000| PB 0x0000000082400000| Untracked |  0
|  21|0x0000000082500000, 0x0000000082500000, 0x0000000082600000|  0%| F|  |TAMS 0x0000000082500000| PB 0x0000000082500000| Untracked |  0
|  22|0x0000000082600000, 0x0000000082600000, 0x0000000082700000|  0%| F|  |TAMS 0x0000000082600000| PB 0x0000000082600000| Untracked |  0
|  23|0x0000000082700000, 0x0000000082700000, 0x0000000082800000|  0%| F|  |TAMS 0x0000000082700000| PB 0x0000000082700000| Untracked |  0
|  24|0x0000000082800000, 0x0000000082800000, 0x0000000082900000|  0%| F|  |TAMS 0x0000000082800000| PB 0x0000000082800000| Untracked |  0
|  25|0x0000000082900000, 0x0000000082900000, 0x0000000082a00000|  0%| F|  |TAMS 0x0000000082900000| PB 0x0000000082900000| Untracked |  0
|  26|0x0000000082a00000, 0x0000000082a00000, 0x0000000082b00000|  0%| F|  |TAMS 0x0000000082a00000| PB 0x0000000082a00000| Untracked |  0
|  27|0x0000000082b00000, 0x0000000082b00000, 0x0000000082c00000|  0%| F|  |TAMS 0x0000000082b00000| PB 0x0000000082b00000| Untracked |  0
|  28|0x0000000082c00000, 0x0000000082c00000, 0x0000000082d00000|  0%| F|  |TAMS 0x0000000082c00000| PB 0x0000000082c00000| Untracked |  0
|  29|0x0000000082d00000, 0x0000000082d00000, 0x0000000082e00000|  0%| F|  |TAMS 0x0000000082d00000| PB 0x0000000082d00000| Untracked |  0
|  30|0x0000000082e00000, 0x0000000082e00000, 0x0000000082f00000|  0%| F|  |TAMS 0x0000000082e00000| PB 0x0000000082e00000| Untracked |  0
|  31|0x0000000082f00000, 0x0000000082f00000, 0x0000000083000000|  0%| F|  |TAMS 0x0000000082f00000| PB 0x0000000082f00000| Untracked |  0
|  32|0x0000000083000000, 0x0000000083000000, 0x0000000083100000|  0%| F|  |TAMS 0x0000000083000000| PB 0x0000000083000000| Untracked |  0
|  33|0x0000000083100000, 0x0000000083100000, 0x0000000083200000|  0%| F|  |TAMS 0x0000000083100000| PB 0x0000000083100000| Untracked |  0
|  34|0x0000000083200000, 0x0000000083200000, 0x0000000083300000|  0%| F|  |TAMS 0x0000000083200000| PB 0x0000000083200000| Untracked |  0
|  35|0x0000000083300000, 0x0000000083300000, 0x0000000083400000|  0%| F|  |TAMS 0x0000000083300000| PB 0x0000000083300000| Untracked |  0
|  36|0x0000000083400000, 0x0000000083400000, 0x0000000083500000|  0%| F|  |TAMS 0x0000000083400000| PB 0x0000000083400000| Untracked |  0
|  37|0x0000000083500000, 0x0000000083500000, 0x0000000083600000|  0%| F|  |TAMS 0x0000000083500000| PB 0x0000000083500000| Untracked |  0
|  38|0x0000000083600000, 0x0000000083600000, 0x0000000083700000|  0%| F|  |TAMS 0x0000000083600000| PB 0x0000000083600000| Untracked |  0
|  39|0x0000000083700000, 0x0000000083700000, 0x0000000083800000|  0%| F|  |TAMS 0x0000000083700000| PB 0x0000000083700000| Untracked |  0
|  40|0x0000000083800000, 0x0000000083800000, 0x0000000083900000|  0%| F|  |TAMS 0x0000000083800000| PB 0x0000000083800000| Untracked |  0
|  41|0x0000000083900000, 0x0000000083900000, 0x0000000083a00000|  0%| F|  |TAMS 0x0000000083900000| PB 0x0000000083900000| Untracked |  0
|  42|0x0000000083a00000, 0x0000000083a00000, 0x0000000083b00000|  0%| F|  |TAMS 0x0000000083a00000| PB 0x0000000083a00000| Untracked |  0
|  43|0x0000000083b00000, 0x0000000083b00000, 0x0000000083c00000|  0%| F|  |TAMS 0x0000000083b00000| PB 0x0000000083b00000| Untracked |  0
|  44|0x0000000083c00000, 0x0000000083c00000, 0x0000000083d00000|  0%| F|  |TAMS 0x0000000083c00000| PB 0x0000000083c00000| Untracked |  0
|  45|0x0000000083d00000, 0x0000000083d00000, 0x0000000083e00000|  0%| F|  |TAMS 0x0000000083d00000| PB 0x0000000083d00000| Untracked |  0
|  46|0x0000000083e00000, 0x0000000083e00000, 0x0000000083f00000|  0%| F|  |TAMS 0x0000000083e00000| PB 0x0000000083e00000| Untracked |  0
|  47|0x0000000083f00000, 0x0000000083f00000, 0x0000000084000000|  0%| F|  |TAMS 0x0000000083f00000| PB 0x0000000083f00000| Untracked |  0
|  48|0x0000000084000000, 0x0000000084000000, 0x0000000084100000|  0%| F|  |TAMS 0x0000000084000000| PB 0x0000000084000000| Untracked |  0
|  49|0x0000000084100000, 0x0000000084100000, 0x0000000084200000|  0%| F|  |TAMS 0x0000000084100000| PB 0x0000000084100000| Untracked |  0
|  50|0x0000000084200000, 0x0000000084200000, 0x0000000084300000|  0%| F|  |TAMS 0x0000000084200000| PB 0x0000000084200000| Untracked |  0
|  51|0x0000000084300000, 0x0000000084300000, 0x0000000084400000|  0%| F|  |TAMS 0x0000000084300000| PB 0x0000000084300000| Untracked |  0
|  52|0x0000000084400000, 0x0000000084400000, 0x0000000084500000|  0%| F|  |TAMS 0x0000000084400000| PB 0x0000000084400000| Untracked |  0
|  53|0x0000000084500000, 0x0000000084500000, 0x0000000084600000|  0%| F|  |TAMS 0x0000000084500000| PB 0x0000000084500000| Untracked |  0
|  54|0x0000000084600000, 0x0000000084600000, 0x0000000084700000|  0%| F|  |TAMS 0x0000000084600000| PB 0x0000000084600000| Untracked |  0
|  55|0x0000000084700000, 0x0000000084700000, 0x0000000084800000|  0%| F|  |TAMS 0x0000000084700000| PB 0x0000000084700000| Untracked |  0
|  56|0x0000000084800000, 0x0000000084800000, 0x0000000084900000|  0%| F|  |TAMS 0x0000000084800000| PB 0x0000000084800000| Untracked |  0
|  57|0x0000000084900000, 0x0000000084900000, 0x0000000084a00000|  0%| F|  |TAMS 0x0000000084900000| PB 0x0000000084900000| Untracked |  0
|  58|0x0000000084a00000, 0x0000000084a00000, 0x0000000084b00000|  0%| F|  |TAMS 0x0000000084a00000| PB 0x0000000084a00000| Untracked |  0
|  59|0x0000000084b00000, 0x0000000084b00000, 0x0000000084c00000|  0%| F|  |TAMS 0x0000000084b00000| PB 0x0000000084b00000| Untracked |  0
|  60|0x0000000084c00000, 0x0000000084c00000, 0x0000000084d00000|  0%| F|  |TAMS 0x0000000084c00000| PB 0x0000000084c00000| Untracked |  0
|  61|0x0000000084d00000, 0x0000000084d00000, 0x0000000084e00000|  0%| F|  |TAMS 0x0000000084d00000| PB 0x0000000084d00000| Untracked |  0
|  62|0x0000000084e00000, 0x0000000084e00000, 0x0000000084f00000|  0%| F|  |TAMS 0x0000000084e00000| PB 0x0000000084e00000| Untracked |  0
|  63|0x0000000084f00000, 0x0000000084f00000, 0x0000000085000000|  0%| F|  |TAMS 0x0000000084f00000| PB 0x0000000084f00000| Untracked |  0
|  64|0x0000000085000000, 0x0000000085000000, 0x0000000085100000|  0%| F|  |TAMS 0x0000000085000000| PB 0x0000000085000000| Untracked |  0
|  65|0x0000000085100000, 0x0000000085100000, 0x0000000085200000|  0%| F|  |TAMS 0x0000000085100000| PB 0x0000000085100000| Untracked |  0
|  66|0x0000000085200000, 0x0000000085200000, 0x0000000085300000|  0%| F|  |TAMS 0x0000000085200000| PB 0x0000000085200000| Untracked |  0
|  67|0x0000000085300000, 0x0000000085300000, 0x0000000085400000|  0%| F|  |TAMS 0x0000000085300000| PB 0x0000000085300000| Untracked |  0
|  68|0x0000000085400000, 0x0000000085400000, 0x0000000085500000|  0%| F|  |TAMS 0x0000000085400000| PB 0x0000000085400000| Untracked |  0
|  69|0x0000000085500000, 0x0000000085500000, 0x0000000085600000|  0%| F|  |TAMS 0x0000000085500000| PB 0x0000000085500000| Untracked |  0
|  70|0x0000000085600000, 0x0000000085600000, 0x0000000085700000|  0%| F|  |TAMS 0x0000000085600000| PB 0x0000000085600000| Untracked |  0
|  71|0x0000000085700000, 0x0000000085700000, 0x0000000085800000|  0%| F|  |TAMS 0x0000000085700000| PB 0x0000000085700000| Untracked |  0
|  72|0x0000000085800000, 0x0000000085800000, 0x0000000085900000|  0%| F|  |TAMS 0x0000000085800000| PB 0x0000000085800000| Untracked |  0
|  73|0x0000000085900000, 0x0000000085900000, 0x0000000085a00000|  0%| F|  |TAMS 0x0000000085900000| PB 0x0000000085900000| Untracked |  0
|  74|0x0000000085a00000, 0x0000000085a00000, 0x0000000085b00000|  0%| F|  |TAMS 0x0000000085a00000| PB 0x0000000085a00000| Untracked |  0
|  75|0x0000000085b00000, 0x0000000085b00000, 0x0000000085c00000|  0%| F|  |TAMS 0x0000000085b00000| PB 0x0000000085b00000| Untracked |  0
|  76|0x0000000085c00000, 0x0000000085c00000, 0x0000000085d00000|  0%| F|  |TAMS 0x0000000085c00000| PB 0x0000000085c00000| Untracked |  0
|  77|0x0000000085d00000, 0x0000000085d00000, 0x0000000085e00000|  0%| F|  |TAMS 0x0000000085d00000| PB 0x0000000085d00000| Untracked |  0
|  78|0x0000000085e00000, 0x0000000085e00000, 0x0000000085f00000|  0%| F|  |TAMS 0x0000000085e00000| PB 0x0000000085e00000| Untracked |  0
|  79|0x0000000085f00000, 0x0000000085f00000, 0x0000000086000000|  0%| F|  |TAMS 0x0000000085f00000| PB 0x0000000085f00000| Untracked |  0
|  80|0x0000000086000000, 0x0000000086000000, 0x0000000086100000|  0%| F|  |TAMS 0x0000000086000000| PB 0x0000000086000000| Untracked |  0
|  81|0x0000000086100000, 0x0000000086100000, 0x0000000086200000|  0%| F|  |TAMS 0x0000000086100000| PB 0x0000000086100000| Untracked |  0
|  82|0x0000000086200000, 0x0000000086200000, 0x0000000086300000|  0%| F|  |TAMS 0x0000000086200000| PB 0x0000000086200000| Untracked |  0
|  83|0x0000000086300000, 0x0000000086300000, 0x0000000086400000|  0%| F|  |TAMS 0x0000000086300000| PB 0x0000000086300000| Untracked |  0
|  84|0x0000000086400000, 0x0000000086400000, 0x0000000086500000|  0%| F|  |TAMS 0x0000000086400000| PB 0x0000000086400000| Untracked |  0
|  85|0x0000000086500000, 0x0000000086500000, 0x0000000086600000|  0%| F|  |TAMS 0x0000000086500000| PB 0x0000000086500000| Untracked |  0
|  86|0x0000000086600000, 0x0000000086600000, 0x0000000086700000|  0%| F|  |TAMS 0x0000000086600000| PB 0x0000000086600000| Untracked |  0
|  87|0x0000000086700000, 0x0000000086700000, 0x0000000086800000|  0%| F|  |TAMS 0x0000000086700000| PB 0x0000000086700000| Untracked |  0
|  88|0x0000000086800000, 0x0000000086800000, 0x0000000086900000|  0%| F|  |TAMS 0x0000000086800000| PB 0x0000000086800000| Untracked |  0
|  89|0x0000000086900000, 0x0000000086900000, 0x0000000086a00000|  0%| F|  |TAMS 0x0000000086900000| PB 0x0000000086900000| Untracked |  0
|  90|0x0000000086a00000, 0x0000000086a00000, 0x0000000086b00000|  0%| F|  |TAMS 0x0000000086a00000| PB 0x0000000086a00000| Untracked |  0
|  91|0x0000000086b00000, 0x0000000086b00000, 0x0000000086c00000|  0%| F|  |TAMS 0x0000000086b00000| PB 0x0000000086b00000| Untracked |  0
|  92|0x0000000086c00000, 0x0000000086c00000, 0x0000000086d00000|  0%| F|  |TAMS 0x0000000086c00000| PB 0x0000000086c00000| Untracked |  0
|  93|0x0000000086d00000, 0x0000000086d00000, 0x0000000086e00000|  0%| F|  |TAMS 0x0000000086d00000| PB 0x0000000086d00000| Untracked |  0
|  94|0x0000000086e00000, 0x0000000086e00000, 0x0000000086f00000|  0%| F|  |TAMS 0x0000000086e00000| PB 0x0000000086e00000| Untracked |  0
|  95|0x0000000086f00000, 0x0000000086f00000, 0x0000000087000000|  0%| F|  |TAMS 0x0000000086f00000| PB 0x0000000086f00000| Untracked |  0
|  96|0x0000000087000000, 0x0000000087000000, 0x0000000087100000|  0%| F|  |TAMS 0x0000000087000000| PB 0x0000000087000000| Untracked |  0
|  97|0x0000000087100000, 0x0000000087100000, 0x0000000087200000|  0%| F|  |TAMS 0x0000000087100000| PB 0x0000000087100000| Untracked |  0
|  98|0x0000000087200000, 0x0000000087200000, 0x0000000087300000|  0%| F|  |TAMS 0x0000000087200000| PB 0x0000000087200000| Untracked |  0
|  99|0x0000000087300000, 0x0000000087300000, 0x0000000087400000|  0%| F|  |TAMS 0x0000000087300000| PB 0x0000000087300000| Untracked |  0
| 100|0x0000000087400000, 0x0000000087400000, 0x0000000087500000|  0%| F|  |TAMS 0x0000000087400000| PB 0x0000000087400000| Untracked |  0
| 101|0x0000000087500000, 0x0000000087500000, 0x0000000087600000|  0%| F|  |TAMS 0x0000000087500000| PB 0x0000000087500000| Untracked |  0
| 102|0x0000000087600000, 0x0000000087600000, 0x0000000087700000|  0%| F|  |TAMS 0x0000000087600000| PB 0x0000000087600000| Untracked |  0
| 103|0x0000000087700000, 0x00000000877fa7d0, 0x0000000087800000| 97%| S|CS|TAMS 0x0000000087700000| PB 0x0000000087700000| Complete |  0
| 104|0x0000000087800000, 0x0000000087800000, 0x0000000087900000|  0%| F|  |TAMS 0x0000000087800000| PB 0x0000000087800000| Untracked |  0
| 105|0x0000000087900000, 0x0000000087900000, 0x0000000087a00000|  0%| F|  |TAMS 0x0000000087900000| PB 0x0000000087900000| Untracked |  0
| 106|0x0000000087a00000, 0x0000000087a00000, 0x0000000087b00000|  0%| F|  |TAMS 0x0000000087a00000| PB 0x0000000087a00000| Untracked |  0
| 107|0x0000000087b00000, 0x0000000087b00000, 0x0000000087c00000|  0%| F|  |TAMS 0x0000000087b00000| PB 0x0000000087b00000| Untracked |  0
| 108|0x0000000087c00000, 0x0000000087c00000, 0x0000000087d00000|  0%| F|  |TAMS 0x0000000087c00000| PB 0x0000000087c00000| Untracked |  0
| 109|0x0000000087d00000, 0x0000000087d00000, 0x0000000087e00000|  0%| F|  |TAMS 0x0000000087d00000| PB 0x0000000087d00000| Untracked |  0
| 110|0x0000000087e00000, 0x0000000087e00000, 0x0000000087f00000|  0%| F|  |TAMS 0x0000000087e00000| PB 0x0000000087e00000| Untracked |  0
| 111|0x0000000087f00000, 0x0000000087f00000, 0x0000000088000000|  0%| F|  |TAMS 0x0000000087f00000| PB 0x0000000087f00000| Untracked |  0
| 112|0x0000000088000000, 0x0000000088000000, 0x0000000088100000|  0%| F|  |TAMS 0x0000000088000000| PB 0x0000000088000000| Untracked |  0
| 113|0x0000000088100000, 0x0000000088100000, 0x0000000088200000|  0%| F|  |TAMS 0x0000000088100000| PB 0x0000000088100000| Untracked |  0
| 114|0x0000000088200000, 0x0000000088200000, 0x0000000088300000|  0%| F|  |TAMS 0x0000000088200000| PB 0x0000000088200000| Untracked |  0
| 115|0x0000000088300000, 0x0000000088300000, 0x0000000088400000|  0%| F|  |TAMS 0x0000000088300000| PB 0x0000000088300000| Untracked |  0
| 116|0x0000000088400000, 0x0000000088400000, 0x0000000088500000|  0%| F|  |TAMS 0x0000000088400000| PB 0x0000000088400000| Untracked |  0
| 117|0x0000000088500000, 0x0000000088600000, 0x0000000088600000|100%| E|  |TAMS 0x0000000088500000| PB 0x0000000088500000| Complete |  0
| 118|0x0000000088600000, 0x0000000088700000, 0x0000000088700000|100%| E|  |TAMS 0x0000000088600000| PB 0x0000000088600000| Complete |  0
| 119|0x0000000088700000, 0x0000000088800000, 0x0000000088800000|100%| E|CS|TAMS 0x0000000088700000| PB 0x0000000088700000| Complete |  0
| 120|0x0000000088800000, 0x0000000088900000, 0x0000000088900000|100%| E|CS|TAMS 0x0000000088800000| PB 0x0000000088800000| Complete |  0
| 121|0x0000000088900000, 0x0000000088a00000, 0x0000000088a00000|100%| E|CS|TAMS 0x0000000088900000| PB 0x0000000088900000| Complete |  0
| 122|0x0000000088a00000, 0x0000000088b00000, 0x0000000088b00000|100%| E|CS|TAMS 0x0000000088a00000| PB 0x0000000088a00000| Complete |  0
| 123|0x0000000088b00000, 0x0000000088c00000, 0x0000000088c00000|100%| E|CS|TAMS 0x0000000088b00000| PB 0x0000000088b00000| Complete |  0
| 124|0x0000000088c00000, 0x0000000088d00000, 0x0000000088d00000|100%| E|CS|TAMS 0x0000000088c00000| PB 0x0000000088c00000| Complete |  0
| 125|0x0000000088d00000, 0x0000000088e00000, 0x0000000088e00000|100%| E|CS|TAMS 0x0000000088d00000| PB 0x0000000088d00000| Complete |  0
| 126|0x0000000088e00000, 0x0000000088f00000, 0x0000000088f00000|100%| E|CS|TAMS 0x0000000088e00000| PB 0x0000000088e00000| Complete |  0
| 127|0x0000000088f00000, 0x0000000089000000, 0x0000000089000000|100%| E|CS|TAMS 0x0000000088f00000| PB 0x0000000088f00000| Complete |  0

Card table byte_map: [0x000002641db10000,0x000002641df10000] _byte_map_base: 0x000002641d708000

Marking Bits: (CMBitMap*) 0x000002640ac64140
 Bits: [0x000002641df10000, 0x000002641fed0000)

Polling page: 0x0000026408a50000

Metaspace:

Usage:
  Non-class:      9.43 MB used.
      Class:    818.90 KB used.
       Both:     10.23 MB used.

Virtual space:
  Non-class space:       64.00 MB reserved,       9.56 MB ( 15%) committed,  1 nodes.
      Class space:        1.00 GB reserved,     896.00 KB ( <1%) committed,  1 nodes.
             Both:        1.06 GB reserved,      10.44 MB ( <1%) committed. 

Chunk freelists:
   Non-Class:  5.86 MB
       Class:  15.13 MB
        Both:  20.99 MB

MaxMetaspaceSize: unlimited
CompressedClassSpaceSize: 1.00 GB
Initial GC threshold: 21.00 MB
Current GC threshold: 21.00 MB
CDS: off
 - commit_granule_bytes: 65536.
 - commit_granule_words: 8192.
 - virtual_space_node_default_size: 8388608.
 - enlarge_chunks_in_place: 1.
 - use_allocation_guard: 0.


Internal statistics:

num_allocs_failed_limit: 0.
num_arena_births: 120.
num_arena_deaths: 0.
num_vsnodes_births: 2.
num_vsnodes_deaths: 0.
num_space_committed: 167.
num_space_uncommitted: 0.
num_chunks_returned_to_freelist: 0.
num_chunks_taken_from_freelist: 240.
num_chunk_merges: 0.
num_chunk_splits: 137.
num_chunks_enlarged: 74.
num_inconsistent_stats: 0.

CodeHeap 'non-profiled nmethods': size=120000Kb used=445Kb max_used=445Kb free=119554Kb
 bounds [0x00000264161e0000, 0x0000026416450000, 0x000002641d710000]
CodeHeap 'profiled nmethods': size=120000Kb used=1643Kb max_used=1643Kb free=118356Kb
 bounds [0x000002640e710000, 0x000002640e980000, 0x0000026415c40000]
CodeHeap 'non-nmethods': size=5760Kb used=2088Kb max_used=2106Kb free=3671Kb
 bounds [0x0000026415c40000, 0x0000026415eb0000, 0x00000264161e0000]
 total_blobs=2094 nmethods=1029 adapters=970
 compilation: enabled
              stopped_count=0, restarted_count=0
 full_count=0

Compilation events (20 events):
Event: 2.365 Thread 0x000002642b8c8fa0 1022       4       sun.misc.Unsafe::putLong (11 bytes)
Event: 2.365 Thread 0x0000026422476220 nmethod 1020 0x000002640e8a6890 code [0x000002640e8a6a40, 0x000002640e8a6c28]
Event: 2.365 Thread 0x0000026422471fd0 nmethod 1021 0x000002641624f190 code [0x000002641624f300, 0x000002641624f368]
Event: 2.365 Thread 0x000002642b8c8fa0 nmethod 1022 0x000002641624f490 code [0x000002641624f600, 0x000002641624f6a0]
Event: 2.365 Thread 0x0000026422476220 1023       3       java.util.Arrays::rangeCheck (74 bytes)
Event: 2.366 Thread 0x0000026422476220 nmethod 1023 0x000002640e8a6d10 code [0x000002640e8a6fc0, 0x000002640e8a78e0]
Event: 2.367 Thread 0x0000026422476220 1024       3       java.net.URL::isBuiltinStreamHandler (32 bytes)
Event: 2.367 Thread 0x0000026422476220 nmethod 1024 0x000002640e8a7d10 code [0x000002640e8a7f40, 0x000002640e8a8768]
Event: 2.368 Thread 0x0000026422476220 1026       3       java.util.WeakHashMap::hash (28 bytes)
Event: 2.368 Thread 0x0000026422476220 nmethod 1026 0x000002640e8a8a90 code [0x000002640e8a8c40, 0x000002640e8a8e30]
Event: 2.368 Thread 0x0000026422476220 1027       3       java.util.WeakHashMap::getTable (9 bytes)
Event: 2.368 Thread 0x0000026422476220 nmethod 1027 0x000002640e8a8f10 code [0x000002640e8a90c0, 0x000002640e8a9210]
Event: 2.368 Thread 0x0000026422476220 1028   !   3       java.util.WeakHashMap::expungeStaleEntries (139 bytes)
Event: 2.369 Thread 0x0000026422476220 nmethod 1028 0x000002640e8a9290 code [0x000002640e8a9480, 0x000002640e8a9c60]
Event: 2.369 Thread 0x0000026422476220 1029       3       java.util.WeakHashMap::indexFor (6 bytes)
Event: 2.369 Thread 0x0000026422476220 nmethod 1029 0x000002640e8aa090 code [0x000002640e8aa220, 0x000002640e8aa318]
Event: 2.369 Thread 0x0000026422476220 1030   !   3       java.io.RandomAccessFile::seek (42 bytes)
Event: 2.369 Thread 0x0000026422476220 nmethod 1030 0x000002640e8aa390 code [0x000002640e8aa580, 0x000002640e8aa8a8]
Event: 2.369 Thread 0x0000026422476220 1025       3       java.net.URL::isBuiltinStreamHandler (8 bytes)
Event: 2.369 Thread 0x0000026422476220 nmethod 1025 0x000002640e8aaa10 code [0x000002640e8aabc0, 0x000002640e8aad88]

GC Heap History (4 events):
Event: 1.819 GC heap before
{Heap before GC invocations=0 (full 0):
 garbage-first heap   total reserved 2080768K, committed 131072K, used 14336K [0x0000000081000000, 0x0000000100000000)
  region size 1024K, 14 young (14336K), 0 survivors (0K)
 Metaspace       used 9717K, committed 9920K, reserved 1114112K
  class space    used 793K, committed 896K, reserved 1048576K
}
Event: 1.824 GC heap after
{Heap after GC invocations=1 (full 0):
 garbage-first heap   total reserved 2080768K, committed 131072K, used 1919K [0x0000000081000000, 0x0000000100000000)
  region size 1024K, 2 young (2048K), 2 survivors (2048K)
 Metaspace       used 9717K, committed 9920K, reserved 1114112K
  class space    used 793K, committed 896K, reserved 1048576K
}
Event: 2.000 GC heap before
{Heap before GC invocations=1 (full 0):
 garbage-first heap   total reserved 2080768K, committed 131072K, used 24447K [0x0000000081000000, 0x0000000100000000)
  region size 1024K, 24 young (24576K), 2 survivors (2048K)
 Metaspace       used 9721K, committed 9920K, reserved 1114112K
  class space    used 793K, committed 896K, reserved 1048576K
}
Event: 2.005 GC heap after
{Heap after GC invocations=2 (full 0):
 garbage-first heap   total reserved 2080768K, committed 131072K, used 2880K [0x0000000081000000, 0x0000000100000000)
  region size 1024K, 1 young (1024K), 1 survivors (1024K)
 Metaspace       used 9721K, committed 9920K, reserved 1114112K
  class space    used 793K, committed 896K, reserved 1048576K
}

Dll operation events (9 events):
Event: 0.026 Loaded shared library C:\Users\USUARIO\.p2\pool\plugins\org.eclipse.justj.openjdk.hotspot.jre.full.win32.x86_64_22.0.1.v20240426-1149\jre\bin\java.dll
Event: 0.098 Loaded shared library C:\Users\USUARIO\.p2\pool\plugins\org.eclipse.justj.openjdk.hotspot.jre.full.win32.x86_64_22.0.1.v20240426-1149\jre\bin\zip.dll
Event: 0.523 Loaded shared library C:\Users\USUARIO\.p2\pool\plugins\org.eclipse.justj.openjdk.hotspot.jre.full.win32.x86_64_22.0.1.v20240426-1149\jre\bin\net.dll
Event: 0.526 Loaded shared library C:\Users\USUARIO\.p2\pool\plugins\org.eclipse.justj.openjdk.hotspot.jre.full.win32.x86_64_22.0.1.v20240426-1149\jre\bin\nio.dll
Event: 0.544 Loaded shared library C:\Users\USUARIO\.p2\pool\plugins\org.eclipse.justj.openjdk.hotspot.jre.full.win32.x86_64_22.0.1.v20240426-1149\jre\bin\zip.dll
Event: 0.573 Loaded shared library C:\Users\USUARIO\.p2\pool\plugins\org.eclipse.justj.openjdk.hotspot.jre.full.win32.x86_64_22.0.1.v20240426-1149\jre\bin\verify.dll
Event: 0.662 Loaded shared library C:\Users\USUARIO\.p2\pool\plugins\org.eclipse.justj.openjdk.hotspot.jre.full.win32.x86_64_22.0.1.v20240426-1149\jre\bin\jimage.dll
Event: 0.725 Loaded shared library C:\Users\USUARIO\AppData\Local\Temp\lwjgl_USUARIO\3.3.3+5\x64\lwjgl.dll
Event: 2.353 Loaded shared library C:\Users\USUARIO\AppData\Local\Temp\lwjgl_USUARIO\3.3.3+5\x64\lwjgl_opengl.dll

Deoptimization events (20 events):
Event: 2.343 Thread 0x0000026408a9cee0 Uncommon trap: trap_request=0xffffffde fr.pc=0x0000026416237978 relative=0x0000000000000518
Event: 2.343 Thread 0x0000026408a9cee0 Uncommon trap: reason=class_check action=maybe_recompile pc=0x0000026416237978 method=java.lang.Throwable.<init>(Ljava/lang/String;)V @ 24 c2
Event: 2.343 Thread 0x0000026408a9cee0 DEOPT PACKING pc=0x0000026416237978 sp=0x000000e22affb160
Event: 2.343 Thread 0x0000026408a9cee0 DEOPT UNPACKING pc=0x0000026415c946a2 sp=0x000000e22affb130 mode 2
Event: 2.344 Thread 0x0000026408a9cee0 Uncommon trap: trap_request=0xffffffde fr.pc=0x0000026416237978 relative=0x0000000000000518
Event: 2.344 Thread 0x0000026408a9cee0 Uncommon trap: reason=class_check action=maybe_recompile pc=0x0000026416237978 method=java.lang.Throwable.<init>(Ljava/lang/String;)V @ 24 c2
Event: 2.345 Thread 0x0000026408a9cee0 DEOPT PACKING pc=0x0000026416237978 sp=0x000000e22affb160
Event: 2.345 Thread 0x0000026408a9cee0 DEOPT UNPACKING pc=0x0000026415c946a2 sp=0x000000e22affb130 mode 2
Event: 2.352 Thread 0x0000026408a9cee0 Uncommon trap: trap_request=0xffffffde fr.pc=0x0000026416237978 relative=0x0000000000000518
Event: 2.352 Thread 0x0000026408a9cee0 Uncommon trap: reason=class_check action=maybe_recompile pc=0x0000026416237978 method=java.lang.Throwable.<init>(Ljava/lang/String;)V @ 24 c2
Event: 2.352 Thread 0x0000026408a9cee0 DEOPT PACKING pc=0x0000026416237978 sp=0x000000e22affca70
Event: 2.352 Thread 0x0000026408a9cee0 DEOPT UNPACKING pc=0x0000026415c946a2 sp=0x000000e22affca30 mode 2
Event: 2.363 Thread 0x0000026408a9cee0 Uncommon trap: trap_request=0xffffffde fr.pc=0x0000026416237978 relative=0x0000000000000518
Event: 2.363 Thread 0x0000026408a9cee0 Uncommon trap: reason=class_check action=maybe_recompile pc=0x0000026416237978 method=java.lang.Throwable.<init>(Ljava/lang/String;)V @ 24 c2
Event: 2.363 Thread 0x0000026408a9cee0 DEOPT PACKING pc=0x0000026416237978 sp=0x000000e22affc790
Event: 2.363 Thread 0x0000026408a9cee0 DEOPT UNPACKING pc=0x0000026415c946a2 sp=0x000000e22affc750 mode 2
Event: 2.371 Thread 0x0000026408a9cee0 Uncommon trap: trap_request=0xffffff54 fr.pc=0x000002641624f660 relative=0x0000000000000060
Event: 2.371 Thread 0x0000026408a9cee0 Uncommon trap: reason=speculate_null_assert action=make_not_entrant pc=0x000002641624f660 method=sun.misc.Unsafe.putLong(Ljava/lang/Object;JJ)V @ 7 c2
Event: 2.371 Thread 0x0000026408a9cee0 DEOPT PACKING pc=0x000002641624f660 sp=0x000000e22affeeb0
Event: 2.371 Thread 0x0000026408a9cee0 DEOPT UNPACKING pc=0x0000026415c946a2 sp=0x000000e22affee28 mode 2

Classes loaded (20 events):
Event: 1.702 Loading class java/lang/StringIndexOutOfBoundsException
Event: 1.702 Loading class java/lang/StringIndexOutOfBoundsException done
Event: 1.702 Loading class jdk/internal/math/FDBigInteger
Event: 1.702 Loading class jdk/internal/math/FDBigInteger done
Event: 2.050 Loading class java/lang/invoke/BoundMethodHandle$Species_LLLJ
Event: 2.050 Loading class java/lang/invoke/BoundMethodHandle$Species_LLLJ done
Event: 2.053 Loading class java/lang/invoke/LambdaFormEditor$1
Event: 2.053 Loading class java/lang/invoke/LambdaFormEditor$1 done
Event: 2.053 Loading class java/util/TreeMap$EntrySet
Event: 2.053 Loading class java/util/TreeMap$EntrySet done
Event: 2.053 Loading class java/util/TreeMap$EntryIterator
Event: 2.053 Loading class java/util/TreeMap$EntryIterator done
Event: 2.056 Loading class jdk/internal/math/FloatToDecimal
Event: 2.057 Loading class jdk/internal/math/FloatToDecimal done
Event: 2.057 Loading class jdk/internal/math/MathUtils
Event: 2.058 Loading class jdk/internal/math/MathUtils done
Event: 2.192 Loading class jdk/internal/foreign/MemorySessionImpl
Event: 2.192 Loading class java/lang/foreign/MemorySegment$Scope
Event: 2.192 Loading class java/lang/foreign/MemorySegment$Scope done
Event: 2.192 Loading class jdk/internal/foreign/MemorySessionImpl done

Classes unloaded (0 events):
No events

Classes redefined (0 events):
No events

Internal exceptions (20 events):
Event: 0.648 Thread 0x0000026408a9cee0 Exception <a 'java/lang/NoSuchMethodError'{0x0000000088dfcf78}: 'void java.lang.invoke.DelegatingMethodHandle$Holder.delegate(java.lang.Object, java.lang.Object, int, java.lang.Object)'> (0x0000000088dfcf78) 
thrown [s\src\hotspot\share\interpreter\linkResolver.cpp, line 774]
Event: 0.649 Thread 0x0000026408a9cee0 Exception <a 'java/lang/NoSuchMethodError'{0x0000000088c011d0}: 'int java.lang.invoke.DirectMethodHandle$Holder.invokeSpecial(java.lang.Object, java.lang.Object, java.lang.Object)'> (0x0000000088c011d0) 
thrown [s\src\hotspot\share\interpreter\linkResolver.cpp, line 774]
Event: 0.656 Thread 0x0000026408a9cee0 Exception <a 'java/lang/NoSuchMethodError'{0x0000000088c1bc10}: 'void java.lang.System.loadLibrary(java.lang.String, java.lang.Class)'> (0x0000000088c1bc10) 
thrown [s\src\hotspot\share\interpreter\linkResolver.cpp, line 774]
Event: 0.722 Thread 0x0000026408a9cee0 Exception <a 'sun/nio/fs/WindowsException'{0x0000000088c49c88}> (0x0000000088c49c88) 
thrown [s\src\hotspot\share\prims\jni.cpp, line 520]
Event: 0.722 Thread 0x0000026408a9cee0 Exception <a 'sun/nio/fs/WindowsException'{0x0000000088c4a1c8}> (0x0000000088c4a1c8) 
thrown [s\src\hotspot\share\prims\jni.cpp, line 520]
Event: 0.840 Thread 0x0000026408a9cee0 Exception <a 'java/lang/NoSuchMethodError'{0x0000000088b042d0}: 'int java.lang.invoke.DirectMethodHandle$Holder.invokeStaticInit(java.lang.Object, java.lang.Object, int, long)'> (0x0000000088b042d0) 
thrown [s\src\hotspot\share\interpreter\linkResolver.cpp, line 774]
Event: 0.841 Thread 0x0000026408a9cee0 Exception <a 'java/lang/NoSuchMethodError'{0x0000000088b093d8}: 'java.lang.Object java.lang.invoke.DirectMethodHandle$Holder.newInvokeSpecial(java.lang.Object, java.lang.Object, int)'> (0x0000000088b093d8) 
thrown [s\src\hotspot\share\interpreter\linkResolver.cpp, line 774]
Event: 0.846 Thread 0x0000026408a9cee0 Exception <a 'java/lang/NoSuchMethodError'{0x0000000088b17918}: 'int java.lang.invoke.DirectMethodHandle$Holder.invokeStaticInit(java.lang.Object, java.lang.Object, long, long)'> (0x0000000088b17918) 
thrown [s\src\hotspot\share\interpreter\linkResolver.cpp, line 774]
Event: 0.847 Thread 0x0000026408a9cee0 Exception <a 'java/lang/NoSuchMethodError'{0x0000000088b1d3d8}: 'java.lang.Object java.lang.invoke.DirectMethodHandle$Holder.newInvokeSpecial(java.lang.Object, java.lang.Object, long)'> (0x0000000088b1d3d8) 
thrown [s\src\hotspot\share\interpreter\linkResolver.cpp, line 774]
Event: 0.848 Thread 0x0000026408a9cee0 Exception <a 'java/lang/NoSuchMethodError'{0x0000000088b21280}: 'java.lang.Object java.lang.invoke.Invokers$Holder.linkToTargetMethod(java.lang.Object, long, java.lang.Object)'> (0x0000000088b21280) 
thrown [s\src\hotspot\share\interpreter\linkResolver.cpp, line 774]
Event: 0.849 Thread 0x0000026408a9cee0 Exception <a 'java/lang/NoSuchMethodError'{0x0000000088b284a8}: 'int java.lang.invoke.DirectMethodHandle$Holder.invokeStaticInit(java.lang.Object, java.lang.Object, java.lang.Object, long)'> (0x0000000088b284a8) 
thrown [s\src\hotspot\share\interpreter\linkResolver.cpp, line 774]
Event: 0.919 Thread 0x0000026408a9cee0 Exception <a 'sun/nio/fs/WindowsException'{0x0000000088a1b638}> (0x0000000088a1b638) 
thrown [s\src\hotspot\share\prims\jni.cpp, line 520]
Event: 0.919 Thread 0x0000026408a9cee0 Exception <a 'sun/nio/fs/WindowsException'{0x0000000088a1b9b8}> (0x0000000088a1b9b8) 
thrown [s\src\hotspot\share\prims\jni.cpp, line 520]
Event: 0.950 Thread 0x0000026408a9cee0 Exception <a 'java/lang/NoSuchMethodError'{0x0000000088a31430}: 'int java.lang.invoke.Invokers$Holder.invokeExact_MT(java.lang.Object, java.lang.Object)'> (0x0000000088a31430) 
thrown [s\src\hotspot\share\interpreter\linkResolver.cpp, line 774]
Event: 2.343 Thread 0x0000026408a9cee0 Exception <a 'java/lang/NoSuchMethodError'{0x000000008851eb60}: 'void java.lang.System.load(java.lang.String, java.lang.Class)'> (0x000000008851eb60) 
thrown [s\src\hotspot\share\interpreter\linkResolver.cpp, line 774]
Event: 2.345 Thread 0x0000026408a9cee0 Exception <a 'java/lang/NoSuchMethodError'{0x0000000088521628}: 'void java.lang.System.loadLibrary(java.lang.String, java.lang.Class)'> (0x0000000088521628) 
thrown [s\src\hotspot\share\interpreter\linkResolver.cpp, line 774]
Event: 2.351 Thread 0x0000026408a9cee0 Exception <a 'sun/nio/fs/WindowsException'{0x0000000088530940}> (0x0000000088530940) 
thrown [s\src\hotspot\share\prims\jni.cpp, line 520]
Event: 2.352 Thread 0x0000026408a9cee0 Exception <a 'sun/nio/fs/WindowsException'{0x0000000088530cf8}> (0x0000000088530cf8) 
thrown [s\src\hotspot\share\prims\jni.cpp, line 520]
Event: 2.362 Thread 0x0000026408a9cee0 Exception <a 'sun/nio/fs/WindowsException'{0x0000000088539908}> (0x0000000088539908) 
thrown [s\src\hotspot\share\prims\jni.cpp, line 520]
Event: 2.363 Thread 0x0000026408a9cee0 Exception <a 'sun/nio/fs/WindowsException'{0x0000000088539bf8}> (0x0000000088539bf8) 
thrown [s\src\hotspot\share\prims\jni.cpp, line 520]

ZGC Phase Switch (0 events):
No events

VM Operations (8 events):
Event: 0.546 Executing VM operation: HandshakeAllThreads (Deoptimize)
Event: 0.546 Executing VM operation: HandshakeAllThreads (Deoptimize) done
Event: 1.555 Executing VM operation: Cleanup
Event: 1.555 Executing VM operation: Cleanup done
Event: 1.819 Executing VM operation: G1CollectForAllocation (G1 Evacuation Pause)
Event: 1.824 Executing VM operation: G1CollectForAllocation (G1 Evacuation Pause) done
Event: 2.000 Executing VM operation: G1CollectForAllocation (G1 Evacuation Pause)
Event: 2.005 Executing VM operation: G1CollectForAllocation (G1 Evacuation Pause) done

Events (12 events):
Event: 0.095 Thread 0x0000026408a9cee0 Thread added: 0x0000026408a9cee0
Event: 0.236 Thread 0x0000026422445e40 Thread added: 0x0000026422445e40
Event: 0.238 Thread 0x000002642244b650 Thread added: 0x000002642244b650
Event: 0.242 Thread 0x0000026422452ca0 Thread added: 0x0000026422452ca0
Event: 0.242 Thread 0x0000026422454050 Thread added: 0x0000026422454050
Event: 0.242 Thread 0x0000026422455400 Thread added: 0x0000026422455400
Event: 0.243 Thread 0x0000026422470ce0 Thread added: 0x0000026422470ce0
Event: 0.243 Thread 0x0000026422471fd0 Thread added: 0x0000026422471fd0
Event: 0.243 Thread 0x0000026422476220 Thread added: 0x0000026422476220
Event: 0.468 Thread 0x0000026422622110 Thread added: 0x0000026422622110
Event: 0.497 Thread 0x0000026422626fa0 Thread added: 0x0000026422626fa0
Event: 1.754 Thread 0x000002642b8c8fa0 Thread added: 0x000002642b8c8fa0


Dynamic libraries:
0x00007ff73c180000 - 0x00007ff73c18e000 	C:\Users\USUARIO\.p2\pool\plugins\org.eclipse.justj.openjdk.hotspot.jre.full.win32.x86_64_22.0.1.v20240426-1149\jre\bin\javaw.exe
0x00007ff8b4450000 - 0x00007ff8b4648000 	C:\WINDOWS\SYSTEM32\ntdll.dll
0x00007ff8b3230000 - 0x00007ff8b32ed000 	C:\WINDOWS\System32\KERNEL32.DLL
0x00007ff8b2190000 - 0x00007ff8b2486000 	C:\WINDOWS\System32\KERNELBASE.dll
0x00007ff8b1e90000 - 0x00007ff8b1f90000 	C:\WINDOWS\System32\ucrtbase.dll
0x00007ff8ac2d0000 - 0x00007ff8ac2e7000 	C:\Users\USUARIO\.p2\pool\plugins\org.eclipse.justj.openjdk.hotspot.jre.full.win32.x86_64_22.0.1.v20240426-1149\jre\bin\jli.dll
0x00007ff8b2790000 - 0x00007ff8b292f000 	C:\WINDOWS\System32\USER32.dll
0x00007ff8b1b10000 - 0x00007ff8b1b32000 	C:\WINDOWS\System32\win32u.dll
0x00007ff8b4260000 - 0x00007ff8b428b000 	C:\WINDOWS\System32\GDI32.dll
0x00007ff8b2070000 - 0x00007ff8b2187000 	C:\WINDOWS\System32\gdi32full.dll
0x00007ff8b1b40000 - 0x00007ff8b1bdd000 	C:\WINDOWS\System32\msvcp_win.dll
0x00007ff8ac010000 - 0x00007ff8ac02b000 	C:\Users\USUARIO\.p2\pool\plugins\org.eclipse.justj.openjdk.hotspot.jre.full.win32.x86_64_22.0.1.v20240426-1149\jre\bin\VCRUNTIME140.dll
0x00007ff8a0420000 - 0x00007ff8a06ba000 	C:\WINDOWS\WinSxS\amd64_microsoft.windows.common-controls_6595b64144ccf1df_6.0.19041.4355_none_60b8b9eb71f62e16\COMCTL32.dll
0x00007ff8b2490000 - 0x00007ff8b252e000 	C:\WINDOWS\System32\msvcrt.dll
0x00007ff8b32f0000 - 0x00007ff8b331f000 	C:\WINDOWS\System32\IMM32.DLL
0x00007ff8ac2c0000 - 0x00007ff8ac2cc000 	C:\Users\USUARIO\.p2\pool\plugins\org.eclipse.justj.openjdk.hotspot.jre.full.win32.x86_64_22.0.1.v20240426-1149\jre\bin\vcruntime140_1.dll
0x00007ff8a3650000 - 0x00007ff8a36de000 	C:\Users\USUARIO\.p2\pool\plugins\org.eclipse.justj.openjdk.hotspot.jre.full.win32.x86_64_22.0.1.v20240426-1149\jre\bin\msvcp140.dll
0x00007ff863720000 - 0x00007ff8644e2000 	C:\Users\USUARIO\.p2\pool\plugins\org.eclipse.justj.openjdk.hotspot.jre.full.win32.x86_64_22.0.1.v20240426-1149\jre\bin\server\jvm.dll
0x00007ff8b3180000 - 0x00007ff8b3230000 	C:\WINDOWS\System32\ADVAPI32.dll
0x00007ff8b2530000 - 0x00007ff8b25d0000 	C:\WINDOWS\System32\sechost.dll
0x00007ff8b3ba0000 - 0x00007ff8b3cc3000 	C:\WINDOWS\System32\RPCRT4.dll
0x00007ff8b1e60000 - 0x00007ff8b1e87000 	C:\WINDOWS\System32\bcrypt.dll
0x00007ff8b3980000 - 0x00007ff8b39eb000 	C:\WINDOWS\System32\WS2_32.dll
0x00007ff8b1040000 - 0x00007ff8b108b000 	C:\WINDOWS\SYSTEM32\POWRPROF.dll
0x00007ff8a67f0000 - 0x00007ff8a6817000 	C:\WINDOWS\SYSTEM32\WINMM.dll
0x00007ff8a9e60000 - 0x00007ff8a9e6a000 	C:\WINDOWS\SYSTEM32\VERSION.dll
0x00007ff8b0f00000 - 0x00007ff8b0f12000 	C:\WINDOWS\SYSTEM32\UMPDC.dll
0x00007ff8af990000 - 0x00007ff8af9a2000 	C:\WINDOWS\SYSTEM32\kernel.appcore.dll
0x00007ff8aecb0000 - 0x00007ff8aecba000 	C:\Users\USUARIO\.p2\pool\plugins\org.eclipse.justj.openjdk.hotspot.jre.full.win32.x86_64_22.0.1.v20240426-1149\jre\bin\jimage.dll
0x00007ff8a3ca0000 - 0x00007ff8a3e84000 	C:\WINDOWS\SYSTEM32\DBGHELP.DLL
0x00007ff8949a0000 - 0x00007ff8949d4000 	C:\WINDOWS\SYSTEM32\dbgcore.DLL
0x00007ff8b1f90000 - 0x00007ff8b2012000 	C:\WINDOWS\System32\bcryptPrimitives.dll
0x00007ff8add00000 - 0x00007ff8add1e000 	C:\Users\USUARIO\.p2\pool\plugins\org.eclipse.justj.openjdk.hotspot.jre.full.win32.x86_64_22.0.1.v20240426-1149\jre\bin\java.dll
0x00007ff8b2a00000 - 0x00007ff8b316c000 	C:\WINDOWS\System32\SHELL32.dll
0x00007ff8b3a70000 - 0x00007ff8b3b9b000 	C:\WINDOWS\System32\ole32.dll
0x00007ff8b3ef0000 - 0x00007ff8b4243000 	C:\WINDOWS\System32\combase.dll
0x00007ff8ad9b0000 - 0x00007ff8ad9c7000 	C:\Users\USUARIO\.p2\pool\plugins\org.eclipse.justj.openjdk.hotspot.jre.full.win32.x86_64_22.0.1.v20240426-1149\jre\bin\zip.dll
0x00007ff8afb90000 - 0x00007ff8b032d000 	C:\WINDOWS\SYSTEM32\windows.storage.dll
0x00007ff8b1530000 - 0x00007ff8b155e000 	C:\WINDOWS\SYSTEM32\Wldp.dll
0x00007ff8b2930000 - 0x00007ff8b29fd000 	C:\WINDOWS\System32\OLEAUT32.dll
0x00007ff8b3790000 - 0x00007ff8b383d000 	C:\WINDOWS\System32\SHCORE.dll
0x00007ff8b3ce0000 - 0x00007ff8b3d35000 	C:\WINDOWS\System32\shlwapi.dll
0x00007ff8b1a40000 - 0x00007ff8b1a64000 	C:\WINDOWS\SYSTEM32\profapi.dll
0x00007ff8addb0000 - 0x00007ff8addc0000 	C:\Users\USUARIO\.p2\pool\plugins\org.eclipse.justj.openjdk.hotspot.jre.full.win32.x86_64_22.0.1.v20240426-1149\jre\bin\net.dll
0x00007ff8b1290000 - 0x00007ff8b12fa000 	C:\WINDOWS\system32\mswsock.dll
0x00007ff8ad970000 - 0x00007ff8ad986000 	C:\Users\USUARIO\.p2\pool\plugins\org.eclipse.justj.openjdk.hotspot.jre.full.win32.x86_64_22.0.1.v20240426-1149\jre\bin\nio.dll
0x00007ff8aed00000 - 0x00007ff8aed10000 	C:\Users\USUARIO\.p2\pool\plugins\org.eclipse.justj.openjdk.hotspot.jre.full.win32.x86_64_22.0.1.v20240426-1149\jre\bin\verify.dll
0x00007ff8a35d0000 - 0x00007ff8a364b000 	C:\Users\USUARIO\AppData\Local\Temp\lwjgl_USUARIO\3.3.3+5\x64\lwjgl.dll
0x00007ff89c790000 - 0x00007ff89c812000 	C:\Users\USUARIO\AppData\Local\Temp\lwjgl_USUARIO\3.3.3+5\x64\glfw.dll
0x00007ff89c740000 - 0x00007ff89c785000 	C:\WINDOWS\SYSTEM32\dinput8.dll
0x00007ff8a7130000 - 0x00007ff8a7141000 	C:\WINDOWS\SYSTEM32\xinput1_4.dll
0x00007ff8b2020000 - 0x00007ff8b206e000 	C:\WINDOWS\System32\cfgmgr32.dll
0x00007ff8b1890000 - 0x00007ff8b18c3000 	C:\WINDOWS\SYSTEM32\DEVOBJ.dll
0x00007ff8af7b0000 - 0x00007ff8af7df000 	C:\WINDOWS\SYSTEM32\dwmapi.dll
0x00007ff8a3880000 - 0x00007ff8a39d2000 	C:\WINDOWS\SYSTEM32\inputhost.dll
0x00007ff8adc00000 - 0x00007ff8adcf6000 	C:\WINDOWS\SYSTEM32\PROPSYS.dll
0x00007ff8adaa0000 - 0x00007ff8adbf7000 	C:\WINDOWS\SYSTEM32\wintypes.dll
0x00007ff8ae260000 - 0x00007ff8ae5bb000 	C:\WINDOWS\SYSTEM32\CoreUIComponents.dll
0x00007ff8ae7a0000 - 0x00007ff8ae892000 	C:\WINDOWS\SYSTEM32\CoreMessaging.dll
0x00007ff8b0c60000 - 0x00007ff8b0c93000 	C:\WINDOWS\SYSTEM32\ntmarta.dll
0x00007ff8af4b0000 - 0x00007ff8af54e000 	C:\WINDOWS\system32\uxtheme.dll
0x00007ff8b4290000 - 0x00007ff8b43a4000 	C:\WINDOWS\System32\MSCTF.dll
0x00007ff88c340000 - 0x00007ff88c465000 	C:\WINDOWS\SYSTEM32\opengl32.dll
0x00007ff88dc10000 - 0x00007ff88dc3c000 	C:\WINDOWS\SYSTEM32\GLU32.dll
0x00007ff8b2660000 - 0x00007ff8b2709000 	C:\WINDOWS\System32\clbcatq.dll
0x00007ff8590a0000 - 0x00007ff85b685000 	C:\WINDOWS\System32\DriverStore\FileRepository\nvhmi.inf_amd64_fc58d2ea95538ff7\nvoglv64.dll
0x00007ff8b3320000 - 0x00007ff8b378e000 	C:\WINDOWS\System32\SETUPAPI.dll
0x00007ff8aba60000 - 0x00007ff8aba74000 	C:\WINDOWS\SYSTEM32\WTSAPI32.dll
0x00007ff8b16c0000 - 0x00007ff8b16d2000 	C:\WINDOWS\SYSTEM32\msasn1.dll
0x00007ff8a9e20000 - 0x00007ff8a9e51000 	C:\WINDOWS\SYSTEM32\cryptnet.dll
0x00007ff8b1d00000 - 0x00007ff8b1e5e000 	C:\WINDOWS\System32\CRYPT32.dll
0x00007ff8b14a0000 - 0x00007ff8b14ac000 	C:\WINDOWS\SYSTEM32\cryptbase.dll
0x00007ff8a9b00000 - 0x00007ff8a9c47000 	C:\WINDOWS\SYSTEM32\drvstore.dll
0x00007ff8b1c90000 - 0x00007ff8b1cf9000 	C:\WINDOWS\System32\WINTRUST.dll
0x00007ff8b2770000 - 0x00007ff8b278d000 	C:\WINDOWS\System32\imagehlp.dll
0x00007ff8b1480000 - 0x00007ff8b1498000 	C:\WINDOWS\SYSTEM32\CRYPTSP.dll
0x00007ff8b0b40000 - 0x00007ff8b0b74000 	C:\WINDOWS\system32\rsaenh.dll
0x00007ff884780000 - 0x00007ff8865af000 	C:\WINDOWS\System32\DriverStore\FileRepository\nvhmi.inf_amd64_fc58d2ea95538ff7\nvgpucomp64.dll
0x00007ff8a69c0000 - 0x00007ff8a69fb000 	C:\WINDOWS\SYSTEM32\dxcore.dll
0x00007ff864c10000 - 0x00007ff864ee0000 	C:\WINDOWS\system32\nvspcap64.dll
0x00007ff8b0800000 - 0x00007ff8b085b000 	C:\WINDOWS\SYSTEM32\WINSTA.dll
0x00007ff8b0390000 - 0x00007ff8b0482000 	C:\WINDOWS\system32\dxgi.dll
0x00007ff8acb30000 - 0x00007ff8acd93000 	C:\WINDOWS\system32\d3d11.dll
0x00007ff888220000 - 0x00007ff8882e1000 	C:\WINDOWS\System32\DriverStore\FileRepository\nvhmi.inf_amd64_fc58d2ea95538ff7\nvldumdx.dll
0x00007ff880bc0000 - 0x00007ff88477c000 	C:\WINDOWS\System32\DriverStore\FileRepository\nvhmi.inf_amd64_fc58d2ea95538ff7\nvwgf2umx.dll
0x00007ff8a2a00000 - 0x00007ff8a30e1000 	C:\WINDOWS\SYSTEM32\nvapi64.dll
0x00007ff8a39e0000 - 0x00007ff8a3ad9000 	C:\WINDOWS\SYSTEM32\textinputframework.dll
0x00007ff89c6e0000 - 0x00007ff89c73e000 	C:\Users\USUARIO\AppData\Local\Temp\lwjgl_USUARIO\3.3.3+5\x64\lwjgl_opengl.dll

dbghelp: loaded successfully - version: 4.0.5 - missing functions: none
symbol engine: initialized successfully - sym options: 0x614 - pdb path: .;C:\Users\USUARIO\.p2\pool\plugins\org.eclipse.justj.openjdk.hotspot.jre.full.win32.x86_64_22.0.1.v20240426-1149\jre\bin;C:\WINDOWS\SYSTEM32;C:\WINDOWS\WinSxS\amd64_microsoft.windows.common-controls_6595b64144ccf1df_6.0.19041.4355_none_60b8b9eb71f62e16;C:\Users\USUARIO\.p2\pool\plugins\org.eclipse.justj.openjdk.hotspot.jre.full.win32.x86_64_22.0.1.v20240426-1149\jre\bin\server;C:\Users\USUARIO\AppData\Local\Temp\lwjgl_USUARIO\3.3.3+5\x64;C:\WINDOWS\System32\DriverStore\FileRepository\nvhmi.inf_amd64_fc58d2ea95538ff7

VM Arguments:
jvm_args: -Dfile.encoding=UTF-8 -Dstdout.encoding=UTF-8 -Dstderr.encoding=UTF-8 -XX:+ShowCodeDetailsInExceptionMessages 
java_command: Main3D
java_class_path (initial): C:\Users\USUARIO\Desktop\send-files-to-old-pc\Opengl08_Luz\target\classes;C:\Users\USUARIO\.m2\repository\org\lwjgl\lwjgl\3.3.3\lwjgl-3.3.3.jar;C:\Users\USUARIO\.m2\repository\org\lwjgl\lwjgl-assimp\3.3.3\lwjgl-assimp-3.3.3.jar;C:\Users\USUARIO\.m2\repository\org\lwjgl\lwjgl-glfw\3.3.3\lwjgl-glfw-3.3.3.jar;C:\Users\USUARIO\.m2\repository\org\lwjgl\lwjgl-openal\3.3.3\lwjgl-openal-3.3.3.jar;C:\Users\USUARIO\.m2\repository\org\lwjgl\lwjgl-opengl\3.3.3\lwjgl-opengl-3.3.3.jar;C:\Users\USUARIO\.m2\repository\org\lwjgl\lwjgl-stb\3.3.3\lwjgl-stb-3.3.3.jar;C:\Users\USUARIO\.m2\repository\org\lwjgl\lwjgl\3.3.3\lwjgl-3.3.3-natives-windows.jar;C:\Users\USUARIO\.m2\repository\org\lwjgl\lwjgl-assimp\3.3.3\lwjgl-assimp-3.3.3-natives-windows.jar;C:\Users\USUARIO\.m2\repository\org\lwjgl\lwjgl-glfw\3.3.3\lwjgl-glfw-3.3.3-natives-windows.jar;C:\Users\USUARIO\.m2\repository\org\lwjgl\lwjgl-openal\3.3.3\lwjgl-openal-3.3.3-natives-windows.jar;C:\Users\USUARIO\.m2\repository\org\lwjgl\lwjgl-opengl\3.3.3\lwjgl-opengl-3.3.3-natives-windows.jar;C:\Users\USUARIO\.m2\repository\org\lwjgl\lwjgl-stb\3.3.3\lwjgl-stb-3.3.3-natives-windows.jar;C:\Users\USUARIO\.m2\repository\org\lwjgl\lwjgl\lwjgl_util\2.9.1\lwjgl_util-2.9.1.jar;C:\Users\USUARIO\.m2\repository\org\lwjgl\lwjgl\lwjgl\2.9.1\lwjgl-2.9.1.jar;C:\Users\USUARIO\.m2\repository\org\lwjgl\lwjgl\lwjgl-platform\2.9.1\lwjgl-platform-2.9.1-natives-windows.jar;C:\Users\USUARIO\.m2\repository\org\lwjgl\lwjgl\lwjgl-platform\2.9.1\lwjgl-platform-2.9.1-natives-linux.jar;C:\Users\USUARIO\.m2\repository\org\lwjgl\lwjgl\lwjgl-platform\2.9.1\lwjgl-platform-2.9.1-natives-osx.jar;C:\Users\USUARIO\.m2\repository\net\java\jinput\jinput\2.0.5\jinput-2.0.5.jar;C:\Users\USUARIO\.m2\repository\net\java\jutils\jutils\1.0.0\jutils-1.0.0.jar;C:\Users\USUARIO\.m2\repository\net\java\jinput\jinput-platform\2.0.5\jinput-platform-2.0.5-natives-linux.jar;C:\Users\USUARIO\.m2\repository\net\java\jinput\jinput-platform\2.0.5\jinput-platform-2.0.5-natives-windows.jar;C:\Users\USUARIO\.m2\repository\net\java\jinput\jinput-platform\2.0.5\jinput-platform-2.0.5-natives-osx.jar
Launcher Type: SUN_STANDARD

[Global flags]
     intx CICompilerCount                          = 3                                         {product} {ergonomic}
     uint ConcGCThreads                            = 1                                         {product} {ergonomic}
     uint G1ConcRefinementThreads                  = 4                                         {product} {ergonomic}
   size_t G1HeapRegionSize                         = 1048576                                   {product} {ergonomic}
   size_t InitialHeapSize                          = 134217728                                 {product} {ergonomic}
   size_t MarkStackSize                            = 4194304                                   {product} {ergonomic}
   size_t MaxHeapSize                              = 2130706432                                {product} {ergonomic}
   size_t MaxNewSize                               = 1278214144                                {product} {ergonomic}
   size_t MinHeapDeltaBytes                        = 1048576                                   {product} {ergonomic}
   size_t MinHeapSize                              = 8388608                                   {product} {ergonomic}
    uintx NonNMethodCodeHeapSize                   = 5832780                                {pd product} {ergonomic}
    uintx NonProfiledCodeHeapSize                  = 122912730                              {pd product} {ergonomic}
    uintx ProfiledCodeHeapSize                     = 122912730                              {pd product} {ergonomic}
    uintx ReservedCodeCacheSize                    = 251658240                              {pd product} {ergonomic}
     bool SegmentedCodeCache                       = true                                      {product} {ergonomic}
     bool ShowCodeDetailsInExceptionMessages       = true                                   {manageable} {command line}
   size_t SoftMaxHeapSize                          = 2130706432                             {manageable} {ergonomic}
     bool UseCompressedOops                        = true                           {product lp64_product} {ergonomic}
     bool UseG1GC                                  = true                                      {product} {ergonomic}
     bool UseLargePagesIndividualAllocation        = false                                  {pd product} {ergonomic}

Logging:
Log output configuration:
 #0: stdout all=warning uptime,level,tags foldmultilines=false
 #1: stderr all=off uptime,level,tags foldmultilines=false

Environment Variables:
PATH=C:/Users/USUARIO/.p2/pool/plugins/org.eclipse.justj.openjdk.hotspot.jre.full.win32.x86_64_22.0.1.v20240426-1149/jre/bin/server;C:/Users/USUARIO/.p2/pool/plugins/org.eclipse.justj.openjdk.hotspot.jre.full.win32.x86_64_22.0.1.v20240426-1149/jre/bin;C:\WINDOWS\system32;C:\WINDOWS;C:\WINDOWS\System32\Wbem;C:\WINDOWS\System32\WindowsPowerShell\v1.0\;C:\WINDOWS\System32\OpenSSH\;C:\Program Files\NVIDIA Corporation\NVIDIA NvDLISR;C:\Program Files (x86)\NVIDIA Corporation\PhysX\Common;C:\Program Files\Git\cmd;C:\Users\USUARIO\AppData\Local\Microsoft\WindowsApps;;C:\Users\USUARIO\Desktop;
USERNAME=USUARIO
OS=Windows_NT
PROCESSOR_IDENTIFIER=Intel64 Family 6 Model 69 Stepping 1, GenuineIntel
TMP=C:\Users\USUARIO\AppData\Local\Temp
TEMP=C:\Users\USUARIO\AppData\Local\Temp




Periodic native trim disabled

---------------  S Y S T E M  ---------------

OS:
 Windows 10 , 64 bit Build 19041 (10.0.19041.3636)
OS uptime: 0 days 2:38 hours

CPU: total 4 (initial active 4) (2 cores per cpu, 2 threads per core) family 6 model 69 stepping 1 microcode 0x25, cx8, cmov, fxsr, ht, mmx, sse, sse2, sse3, ssse3, sse4.1, sse4.2, popcnt, lzcnt, tsc, tscinvbit, avx, avx2, aes, erms, clmul, bmi1, bmi2, fma, vzeroupper, clflush, rdtscp, f16c
Processor Information for all 4 processors :
  Max Mhz: 2401, Current Mhz: 2400, Mhz Limit: 2376

Memory: 4k page, system-wide physical 8122M (4035M free)
TotalPageFile size 9402M (AvailPageFile size 5004M)
current process WorkingSet (physical memory assigned to process): 131M, peak: 133M
current process commit charge ("private bytes"): 317M, peak: 320M

vm_info: OpenJDK 64-Bit Server VM (22.0.1+8) for windows-amd64 JRE (22.0.1+8), built on 2024-04-16T00:00:00Z by "admin" with MS VC++ 17.7 (VS2022)

END.
