#
# A fatal error has been detected by the Java Runtime Environment:
#
#  EXCEPTION_ACCESS_VIOLATION (0xc0000005) at pc=0x00007ff89c7cc75d, pid=10640, tid=8316
#
# JRE version: OpenJDK Runtime Environment Temurin-22.0.1+8 (22.0.1+8) (build 22.0.1+8)
# Java VM: OpenJDK 64-Bit Server VM Temurin-22.0.1+8 (22.0.1+8, mixed mode, tiered, compressed oops, compressed class ptrs, g1 gc, windows-amd64)
# Problematic frame:
# C  [lwjgl_opengl.dll+0xc75d]
#
# No core dump will be written. Minidumps are not enabled by default on client versions of Windows
#
# If you would like to submit a bug report, please visit:
#   https://github.com/adoptium/adoptium-support/issues
# The crash happened outside the Java Virtual Machine in native code.
# See problematic frame for where to report the bug.
#

---------------  S U M M A R Y ------------

Command Line: -Dfile.encoding=UTF-8 -Dstdout.encoding=UTF-8 -Dstderr.encoding=UTF-8 -XX:+ShowCodeDetailsInExceptionMessages Main3D

Host: Intel(R) Core(TM) i5-4210U CPU @ 1.70GHz, 4 cores, 7G,  Windows 10 , 64 bit Build 19041 (10.0.19041.3636)
Time: Sun Jun 30 22:11:46 2024 Hora oficial do Brasil elapsed time: 1.787077 seconds (0d 0h 0m 1s)

---------------  T H R E A D  ---------------

Current thread (0x000001b6398ac4d0):  JavaThread "main"             [_thread_in_native, id=8316, stack(0x0000006c50800000,0x0000006c50900000) (1024K)]

Stack: [0x0000006c50800000,0x0000006c50900000],  sp=0x0000006c508feed8,  free space=1019k
Native frames: (J=compiled Java code, j=interpreted, Vv=VM code, C=native code)
C  [lwjgl_opengl.dll+0xc75d]  (no source info available)

Java frames: (J=compiled Java code, j=interpreted, Vv=VM code)
j  org.lwjgl.opengl.GL11C.nglGenTextures(IJ)V+0
j  org.lwjgl.opengl.GL11C.glGenTextures()I+20
j  org.lwjgl.opengl.GL11.glGenTextures()I+0
j  util.FontRenderer.<init>(Ljava/lang/String;I)V+66
j  Main3D.init()V+239
j  Main3D.run()V+30
j  Main3D.main([Ljava/lang/String;)V+7
v  ~StubRoutines::call_stub 0x000001b646a8100d

siginfo: EXCEPTION_ACCESS_VIOLATION (0xc0000005), reading address 0x00000000000002d8


Registers:
RAX=0x000001b653a3e4b0, RBX=0x000001b6548f3840, RCX=0x0000000000000001, RDX=0x000001b653b30f1c
RSP=0x0000006c508feed8, RBP=0x0000006c508fef60, RSI=0x000001b654672a30, RDI=0x0000000000000001
R8 =0x0000000000000001, R9 =0x000001b653b30f1c, R10=0x0000000000000000, R11=0x0000000088960168
R12=0x0000000000000000, R13=0x000001b6548f3840, R14=0x0000006c508fef90, R15=0x000001b6398ac4d0
RIP=0x00007ff89c7cc75d, EFLAGS=0x0000000000010206


Register to memory mapping:

RAX=0x000001b653a3e4b0 points into unknown readable memory: 0x0000000000000000 | 00 00 00 00 00 00 00 00
RBX={method} {0x000001b6548f3848} 'nglGenTextures' '(IJ)V' in 'org/lwjgl/opengl/GL11C'
RCX=0x0000000000000001 is an unknown value
RDX=0x000001b653b30f1c points into unknown readable memory: 00 00 00 00
RSP=0x0000006c508feed8 is pointing into the stack for thread: 0x000001b6398ac4d0
RBP=0x0000006c508fef60 is pointing into the stack for thread: 0x000001b6398ac4d0
RSI=0x000001b654672a30 is pointing into metadata
RDI=0x0000000000000001 is an unknown value
R8 =0x0000000000000001 is an unknown value
R9 =0x000001b653b30f1c points into unknown readable memory: 00 00 00 00
R10=0x0 is null
R11=0x0000000088960168 is an oop: java.lang.Class 
{0x0000000088960168} - klass: 'java/lang/Class'
 - ---- fields (total size 116 words):
 - private volatile transient 'classRedefinedCount' 'I' @12  0 (0x00000000)
 - injected 'klass' 'J' @16  235755472 (0x000000000e0d57d0)
 - injected 'array_klass' 'J' @24  0 (0x0000000000000000)
 - injected 'oop_size' 'I' @32  116 (0x00000074)
 - injected 'static_oop_field_count' 'I' @36  0 (0x00000000)
 - private volatile transient 'cachedConstructor' 'Ljava/lang/reflect/Constructor;' @40  null (0x00000000)
 - private transient 'name' 'Ljava/lang/String;' @44  "org.lwjgl.opengl.GL11C"{0x0000000088960508} (0x88960508)
 - private transient 'module' 'Ljava/lang/Module;' @48  a 'java/lang/Module'{0x0000000088e1e320} (0x88e1e320)
 - private final 'classLoader' 'Ljava/lang/ClassLoader;' @52  a 'jdk/internal/loader/ClassLoaders$AppClassLoader'{0x0000000088e1e160} (0x88e1e160)
 - private transient 'classData' 'Ljava/lang/Object;' @56  null (0x00000000)
 - private transient 'packageName' 'Ljava/lang/String;' @60  "org.lwjgl.opengl"{0x0000000088ac37f8} (0x88ac37f8)
 - private final 'componentType' 'Ljava/lang/Class;' @64  null (0x00000000)
 - private volatile transient 'reflectionData' 'Ljava/lang/ref/SoftReference;' @68  null (0x00000000)
 - private volatile transient 'genericInfo' 'Lsun/reflect/generics/repository/ClassRepository;' @72  null (0x00000000)
 - private volatile transient 'enumConstants' '[Ljava/lang/Object;' @76  null (0x00000000)
 - private volatile transient 'enumConstantDirectory' 'Ljava/util/Map;' @80  null (0x00000000)
 - private volatile transient 'annotationData' 'Ljava/lang/Class$AnnotationData;' @84  null (0x00000000)
 - private volatile transient 'annotationType' 'Lsun/reflect/annotation/AnnotationType;' @88  null (0x00000000)
 - transient 'classValueMap' 'Ljava/lang/ClassValue$ClassValueMap;' @92  null (0x00000000)
 - injected 'protection_domain' 'Ljava/lang/Object;' @96  a 'java/security/ProtectionDomain'{0x0000000088ae6ac8} (0x88ae6ac8)
 - injected 'signers_name' 'Ljava/lang/Object;' @100  null (0x00000000)
 - injected 'source_file' 'Ljava/lang/Object;' @104  null (0x00000000)
 - signature: Lorg/lwjgl/opengl/GL11C;
 - ---- static fields (0):
 - public static final 'GL_NEVER' 'I' @112  512 (0x00000200)
 - public static final 'GL_LESS' 'I' @116  513 (0x00000201)
 - public static final 'GL_EQUAL' 'I' @120  514 (0x00000202)
 - public static final 'GL_LEQUAL' 'I' @124  515 (0x00000203)
 - public static final 'GL_GREATER' 'I' @128  516 (0x00000204)
 - public static final 'GL_NOTEQUAL' 'I' @132  517 (0x00000205)
 - public static final 'GL_GEQUAL' 'I' @136  518 (0x00000206)
 - public static final 'GL_ALWAYS' 'I' @140  519 (0x00000207)
 - public static final 'GL_DEPTH_BUFFER_BIT' 'I' @144  256 (0x00000100)
 - public static final 'GL_STENCIL_BUFFER_BIT' 'I' @148  1024 (0x00000400)
 - public static final 'GL_COLOR_BUFFER_BIT' 'I' @152  16384 (0x00004000)
 - public static final 'GL_POINTS' 'I' @156  0 (0x00000000)
 - public static final 'GL_LINES' 'I' @160  1 (0x00000001)
 - public static final 'GL_LINE_LOOP' 'I' @164  2 (0x00000002)
 - public static final 'GL_LINE_STRIP' 'I' @168  3 (0x00000003)
 - public static final 'GL_TRIANGLES' 'I' @172  4 (0x00000004)
 - public static final 'GL_TRIANGLE_STRIP' 'I' @176  5 (0x00000005)
 - public static final 'GL_TRIANGLE_FAN' 'I' @180  6 (0x00000006)
 - public static final 'GL_QUADS' 'I' @184  7 (0x00000007)
 - public static final 'GL_ZERO' 'I' @188  0 (0x00000000)
 - public static final 'GL_ONE' 'I' @192  1 (0x00000001)
 - public static final 'GL_SRC_COLOR' 'I' @196  768 (0x00000300)
 - public static final 'GL_ONE_MINUS_SRC_COLOR' 'I' @200  769 (0x00000301)
 - public static final 'GL_SRC_ALPHA' 'I' @204  770 (0x00000302)
 - public static final 'GL_ONE_MINUS_SRC_ALPHA' 'I' @208  771 (0x00000303)
 - public static final 'GL_DST_ALPHA' 'I' @212  772 (0x00000304)
 - public static final 'GL_ONE_MINUS_DST_ALPHA' 'I' @216  773 (0x00000305)
 - public static final 'GL_DST_COLOR' 'I' @220  774 (0x00000306)
 - public static final 'GL_ONE_MINUS_DST_COLOR' 'I' @224  775 (0x00000307)
 - public static final 'GL_SRC_ALPHA_SATURATE' 'I' @228  776 (0x00000308)
 - public static final 'GL_TRUE' 'I' @232  1 (0x00000001)
 - public static final 'GL_FALSE' 'I' @236  0 (0x00000000)
 - public static final 'GL_BYTE' 'I' @240  5120 (0x00001400)
 - public static final 'GL_UNSIGNED_BYTE' 'I' @244  5121 (0x00001401)
 - public static final 'GL_SHORT' 'I' @248  5122 (0x00001402)
 - public static final 'GL_UNSIGNED_SHORT' 'I' @252  5123 (0x00001403)
 - public static final 'GL_INT' 'I' @256  5124 (0x00001404)
 - public static final 'GL_UNSIGNED_INT' 'I' @260  5125 (0x00001405)
 - public static final 'GL_FLOAT' 'I' @264  5126 (0x00001406)
 - public static final 'GL_DOUBLE' 'I' @268  5130 (0x0000140a)
 - public static final 'GL_NONE' 'I' @272  0 (0x00000000)
 - public static final 'GL_FRONT_LEFT' 'I' @276  1024 (0x00000400)
 - public static final 'GL_FRONT_RIGHT' 'I' @280  1025 (0x00000401)
 - public static final 'GL_BACK_LEFT' 'I' @284  1026 (0x00000402)
 - public static final 'GL_BACK_RIGHT' 'I' @288  1027 (0x00000403)
 - public static final 'GL_FRONT' 'I' @292  1028 (0x00000404)
 - public static final 'GL_BACK' 'I' @296  1029 (0x00000405)
 - public static final 'GL_LEFT' 'I' @300  1030 (0x00000406)
 - public static final 'GL_RIGHT' 'I' @304  1031 (0x00000407)
 - public static final 'GL_FRONT_AND_BACK' 'I' @308  1032 (0x00000408)
 - public static final 'GL_NO_ERROR' 'I' @312  0 (0x00000000)
 - public static final 'GL_INVALID_ENUM' 'I' @316  1280 (0x00000500)
 - public static final 'GL_INVALID_VALUE' 'I' @320  1281 (0x00000501)
 - public static final 'GL_INVALID_OPERATION' 'I' @324  1282 (0x00000502)
 - public static final 'GL_STACK_OVERFLOW' 'I' @328  1283 (0x00000503)
 - public static final 'GL_STACK_UNDERFLOW' 'I' @332  1284 (0x00000504)
 - public static final 'GL_OUT_OF_MEMORY' 'I' @336  1285 (0x00000505)
 - public static final 'GL_CW' 'I' @340  2304 (0x00000900)
 - public static final 'GL_CCW' 'I' @344  2305 (0x00000901)
 - public static final 'GL_POINT_SIZE' 'I' @348  2833 (0x00000b11)
 - public static final 'GL_POINT_SIZE_RANGE' 'I' @352  2834 (0x00000b12)
 - public static final 'GL_POINT_SIZE_GRANULARITY' 'I' @356  2835 (0x00000b13)
 - public static final 'GL_LINE_SMOOTH' 'I' @360  2848 (0x00000b20)
 - public static final 'GL_LINE_WIDTH' 'I' @364  2849 (0x00000b21)
 - public static final 'GL_LINE_WIDTH_RANGE' 'I' @368  2850 (0x00000b22)
 - public static final 'GL_LINE_WIDTH_GRANULARITY' 'I' @372  2851 (0x00000b23)
 - public static final 'GL_POLYGON_MODE' 'I' @376  2880 (0x00000b40)
 - public static final 'GL_POLYGON_SMOOTH' 'I' @380  2881 (0x00000b41)
 - public static final 'GL_CULL_FACE' 'I' @384  2884 (0x00000b44)
 - public static final 'GL_CULL_FACE_MODE' 'I' @388  2885 (0x00000b45)
 - public static final 'GL_FRONT_FACE' 'I' @392  2886 (0x00000b46)
 - public static final 'GL_DEPTH_RANGE' 'I' @396  2928 (0x00000b70)
 - public static final 'GL_DEPTH_TEST' 'I' @400  2929 (0x00000b71)
 - public static final 'GL_DEPTH_WRITEMASK' 'I' @404  2930 (0x00000b72)
 - public static final 'GL_DEPTH_CLEAR_VALUE' 'I' @408  2931 (0x00000b73)
 - public static final 'GL_DEPTH_FUNC' 'I' @412  2932 (0x00000b74)
 - public static final 'GL_STENCIL_TEST' 'I' @416  2960 (0x00000b90)
 - public static final 'GL_STENCIL_CLEAR_VALUE' 'I' @420  2961 (0x00000b91)
 - public static final 'GL_STENCIL_FUNC' 'I' @424  2962 (0x00000b92)
 - public static final 'GL_STENCIL_VALUE_MASK' 'I' @428  2963 (0x00000b93)
 - public static final 'GL_STENCIL_FAIL' 'I' @432  2964 (0x00000b94)
 - public static final 'GL_STENCIL_PASS_DEPTH_FAIL' 'I' @436  2965 (0x00000b95)
 - public static final 'GL_STENCIL_PASS_DEPTH_PASS' 'I' @440  2966 (0x00000b96)
 - public static final 'GL_STENCIL_REF' 'I' @444  2967 (0x00000b97)
 - public static final 'GL_STENCIL_WRITEMASK' 'I' @448  2968 (0x00000b98)
 - public static final 'GL_VIEWPORT' 'I' @452  2978 (0x00000ba2)
 - public static final 'GL_DITHER' 'I' @456  3024 (0x00000bd0)
 - public static final 'GL_BLEND_DST' 'I' @460  3040 (0x00000be0)
 - public static final 'GL_BLEND_SRC' 'I' @464  3041 (0x00000be1)
 - public static final 'GL_BLEND' 'I' @468  3042 (0x00000be2)
 - public static final 'GL_LOGIC_OP_MODE' 'I' @472  3056 (0x00000bf0)
 - public static final 'GL_COLOR_LOGIC_OP' 'I' @476  3058 (0x00000bf2)
 - public static final 'GL_DRAW_BUFFER' 'I' @480  3073 (0x00000c01)
 - public static final 'GL_READ_BUFFER' 'I' @484  3074 (0x00000c02)
 - public static final 'GL_SCISSOR_BOX' 'I' @488  3088 (0x00000c10)
 - public static final 'GL_SCISSOR_TEST' 'I' @492  3089 (0x00000c11)
 - public static final 'GL_COLOR_CLEAR_VALUE' 'I' @496  3106 (0x00000c22)
 - public static final 'GL_COLOR_WRITEMASK' 'I' @500  3107 (0x00000c23)
 - public static final 'GL_DOUBLEBUFFER' 'I' @504  3122 (0x00000c32)
 - public static final 'GL_STEREO' 'I' @508  3123 (0x00000c33)
 - public static final 'GL_LINE_SMOOTH_HINT' 'I' @512  3154 (0x00000c52)
 - public static final 'GL_POLYGON_SMOOTH_HINT' 'I' @516  3155 (0x00000c53)
 - public static final 'GL_UNPACK_SWAP_BYTES' 'I' @520  3312 (0x00000cf0)
 - public static final 'GL_UNPACK_LSB_FIRST' 'I' @524  3313 (0x00000cf1)
 - public static final 'GL_UNPACK_ROW_LENGTH' 'I' @528  3314 (0x00000cf2)
 - public static final 'GL_UNPACK_SKIP_ROWS' 'I' @532  3315 (0x00000cf3)
 - public static final 'GL_UNPACK_SKIP_PIXELS' 'I' @536  3316 (0x00000cf4)
 - public static final 'GL_UNPACK_ALIGNMENT' 'I' @540  3317 (0x00000cf5)
 - public static final 'GL_PACK_SWAP_BYTES' 'I' @544  3328 (0x00000d00)
 - public static final 'GL_PACK_LSB_FIRST' 'I' @548  3329 (0x00000d01)
 - public static final 'GL_PACK_ROW_LENGTH' 'I' @552  3330 (0x00000d02)
 - public static final 'GL_PACK_SKIP_ROWS' 'I' @556  3331 (0x00000d03)
 - public static final 'GL_PACK_SKIP_PIXELS' 'I' @560  3332 (0x00000d04)
 - public static final 'GL_PACK_ALIGNMENT' 'I' @564  3333 (0x00000d05)
 - public static final 'GL_MAX_TEXTURE_SIZE' 'I' @568  3379 (0x00000d33)
 - public static final 'GL_MAX_VIEWPORT_DIMS' 'I' @572  3386 (0x00000d3a)
 - public static final 'GL_SUBPIXEL_BITS' 'I' @576  3408 (0x00000d50)
 - public static final 'GL_TEXTURE_1D' 'I' @580  3552 (0x00000de0)
 - public static final 'GL_TEXTURE_2D' 'I' @584  3553 (0x00000de1)
 - public static final 'GL_TEXTURE_WIDTH' 'I' @588  4096 (0x00001000)
 - public static final 'GL_TEXTURE_HEIGHT' 'I' @592  4097 (0x00001001)
 - public static final 'GL_TEXTURE_INTERNAL_FORMAT' 'I' @596  4099 (0x00001003)
 - public static final 'GL_TEXTURE_BORDER_COLOR' 'I' @600  4100 (0x00001004)
 - public static final 'GL_DONT_CARE' 'I' @604  4352 (0x00001100)
 - public static final 'GL_FASTEST' 'I' @608  4353 (0x00001101)
 - public static final 'GL_NICEST' 'I' @612  4354 (0x00001102)
 - public static final 'GL_CLEAR' 'I' @616  5376 (0x00001500)
 - public static final 'GL_AND' 'I' @620  5377 (0x00001501)
 - public static final 'GL_AND_REVERSE' 'I' @624  5378 (0x00001502)
 - public static final 'GL_COPY' 'I' @628  5379 (0x00001503)
 - public static final 'GL_AND_INVERTED' 'I' @632  5380 (0x00001504)
 - public static final 'GL_NOOP' 'I' @636  5381 (0x00001505)
 - public static final 'GL_XOR' 'I' @640  5382 (0x00001506)
 - public static final 'GL_OR' 'I' @644  5383 (0x00001507)
 - public static final 'GL_NOR' 'I' @648  5384 (0x00001508)
 - public static final 'GL_EQUIV' 'I' @652  5385 (0x00001509)
 - public static final 'GL_INVERT' 'I' @656  5386 (0x0000150a)
 - public static final 'GL_OR_REVERSE' 'I' @660  5387 (0x0000150b)
 - public static final 'GL_COPY_INVERTED' 'I' @664  5388 (0x0000150c)
 - public static final 'GL_OR_INVERTED' 'I' @668  5389 (0x0000150d)
 - public static final 'GL_NAND' 'I' @672  5390 (0x0000150e)
 - public static final 'GL_SET' 'I' @676  5391 (0x0000150f)
 - public static final 'GL_TEXTURE' 'I' @680  5890 (0x00001702)
 - public static final 'GL_COLOR' 'I' @684  6144 (0x00001800)
 - public static final 'GL_DEPTH' 'I' @688  6145 (0x00001801)
 - public static final 'GL_STENCIL' 'I' @692  6146 (0x00001802)
 - public static final 'GL_STENCIL_INDEX' 'I' @696  6401 (0x00001901)
 - public static final 'GL_DEPTH_COMPONENT' 'I' @700  6402 (0x00001902)
 - public static final 'GL_RED' 'I' @704  6403 (0x00001903)
 - public static final 'GL_GREEN' 'I' @708  6404 (0x00001904)
 - public static final 'GL_BLUE' 'I' @712  6405 (0x00001905)
 - public static final 'GL_ALPHA' 'I' @716  6406 (0x00001906)
 - public static final 'GL_RGB' 'I' @720  6407 (0x00001907)
 - public static final 'GL_RGBA' 'I' @724  6408 (0x00001908)
 - public static final 'GL_POINT' 'I' @728  6912 (0x00001b00)
 - public static final 'GL_LINE' 'I' @732  6913 (0x00001b01)
 - public static final 'GL_FILL' 'I' @736  6914 (0x00001b02)
 - public static final 'GL_KEEP' 'I' @740  7680 (0x00001e00)
 - public static final 'GL_REPLACE' 'I' @744  7681 (0x00001e01)
 - public static final 'GL_INCR' 'I' @748  7682 (0x00001e02)
 - public static final 'GL_DECR' 'I' @752  7683 (0x00001e03)
 - public static final 'GL_VENDOR' 'I' @756  7936 (0x00001f00)
 - public static final 'GL_RENDERER' 'I' @760  7937 (0x00001f01)
 - public static final 'GL_VERSION' 'I' @764  7938 (0x00001f02)
 - public static final 'GL_EXTENSIONS' 'I' @768  7939 (0x00001f03)
 - public static final 'GL_NEAREST' 'I' @772  9728 (0x00002600)
 - public static final 'GL_LINEAR' 'I' @776  9729 (0x00002601)
 - public static final 'GL_NEAREST_MIPMAP_NEAREST' 'I' @780  9984 (0x00002700)
 - public static final 'GL_LINEAR_MIPMAP_NEAREST' 'I' @784  9985 (0x00002701)
 - public static final 'GL_NEAREST_MIPMAP_LINEAR' 'I' @788  9986 (0x00002702)
 - public static final 'GL_LINEAR_MIPMAP_LINEAR' 'I' @792  9987 (0x00002703)
 - public static final 'GL_TEXTURE_MAG_FILTER' 'I' @796  10240 (0x00002800)
 - public static final 'GL_TEXTURE_MIN_FILTER' 'I' @800  10241 (0x00002801)
 - public static final 'GL_TEXTURE_WRAP_S' 'I' @804  10242 (0x00002802)
 - public static final 'GL_TEXTURE_WRAP_T' 'I' @808  10243 (0x00002803)
 - public static final 'GL_REPEAT' 'I' @812  10497 (0x00002901)
 - public static final 'GL_POLYGON_OFFSET_FACTOR' 'I' @816  32824 (0x00008038)
 - public static final 'GL_POLYGON_OFFSET_UNITS' 'I' @820  10752 (0x00002a00)
 - public static final 'GL_POLYGON_OFFSET_POINT' 'I' @824  10753 (0x00002a01)
 - public static final 'GL_POLYGON_OFFSET_LINE' 'I' @828  10754 (0x00002a02)
 - public static final 'GL_POLYGON_OFFSET_FILL' 'I' @832  32823 (0x00008037)
 - public static final 'GL_R3_G3_B2' 'I' @836  10768 (0x00002a10)
 - public static final 'GL_RGB4' 'I' @840  32847 (0x0000804f)
 - public static final 'GL_RGB5' 'I' @844  32848 (0x00008050)
 - public static final 'GL_RGB8' 'I' @848  32849 (0x00008051)
 - public static final 'GL_RGB10' 'I' @852  32850 (0x00008052)
 - public static final 'GL_RGB12' 'I' @856  32851 (0x00008053)
 - public static final 'GL_RGB16' 'I' @860  32852 (0x00008054)
 - public static final 'GL_RGBA2' 'I' @864  32853 (0x00008055)
 - public static final 'GL_RGBA4' 'I' @868  32854 (0x00008056)
 - public static final 'GL_RGB5_A1' 'I' @872  32855 (0x00008057)
 - public static final 'GL_RGBA8' 'I' @876  32856 (0x00008058)
 - public static final 'GL_RGB10_A2' 'I' @880  32857 (0x00008059)
 - public static final 'GL_RGBA12' 'I' @884  32858 (0x0000805a)
 - public static final 'GL_RGBA16' 'I' @888  32859 (0x0000805b)
 - public static final 'GL_TEXTURE_RED_SIZE' 'I' @892  32860 (0x0000805c)
 - public static final 'GL_TEXTURE_GREEN_SIZE' 'I' @896  32861 (0x0000805d)
 - public static final 'GL_TEXTURE_BLUE_SIZE' 'I' @900  32862 (0x0000805e)
 - public static final 'GL_TEXTURE_ALPHA_SIZE' 'I' @904  32863 (0x0000805f)
 - public static final 'GL_PROXY_TEXTURE_1D' 'I' @908  32867 (0x00008063)
 - public static final 'GL_PROXY_TEXTURE_2D' 'I' @912  32868 (0x00008064)
 - public static final 'GL_TEXTURE_BINDING_1D' 'I' @916  32872 (0x00008068)
 - public static final 'GL_TEXTURE_BINDING_2D' 'I' @920  32873 (0x00008069)
 - public static final 'GL_VERTEX_ARRAY' 'I' @924  32884 (0x00008074)
R12=0x0 is null
R13={method} {0x000001b6548f3848} 'nglGenTextures' '(IJ)V' in 'org/lwjgl/opengl/GL11C'
R14=0x0000006c508fef90 is pointing into the stack for thread: 0x000001b6398ac4d0
R15=0x000001b6398ac4d0 is a thread

Top of Stack: (sp=0x0000006c508feed8)
0x0000006c508feed8:   000001b646a8cf87 0000000000000001
0x0000006c508feee8:   000001b646a8cc73 000001b6548f3840
0x0000006c508feef8:   000001b654672a30 0000006c508fef78
0x0000006c508fef08:   000001b646a8899c 000001b646a8cc1b
0x0000006c508fef18:   fffffffffffffff7 000001b6548f3840
0x0000006c508fef28:   0000000000000006 000001b6548fcf48
0x0000006c508fef38:   0000000000000000 0000000088960168
0x0000006c508fef48:   000001b6548f3840 0000000000000000
0x0000006c508fef58:   0000006c508fef80 0000006c508fefe0
0x0000006c508fef68:   000001b646a888a6 0000000088960168
0x0000006c508fef78:   000001b646a8a4d7 000001b653b30f1c
0x0000006c508fef88:   0000000000000000 0000000000000001
0x0000006c508fef98:   fffffffffffffff7 000001b6548f39c4
0x0000006c508fefa8:   0000000000000006 000001b6548fcf48
0x0000006c508fefb8:   0000000000000000 0000000088960168
0x0000006c508fefc8:   000001b6548f3a30 fffffffffffffff4
0x0000006c508fefd8:   0000006c508ff018 0000006c508ff060
0x0000006c508fefe8:   000001b646a889ee 0000000000000000
0x0000006c508feff8:   0000000000000000 0000000088969440
0x0000006c508ff008:   0000000000010000 0000000088b7b170
0x0000006c508ff018:   fffffffffffffff7 000001b6548b3490
0x0000006c508ff028:   0000000000000001 000001b6548e5aa8
0x0000006c508ff038:   0000000000000000 0000000088ae6cb8
0x0000006c508ff048:   000001b6548b34a8 fffffffffffffff7
0x0000006c508ff058:   0000006c508ff070 0000006c508ff0c0
0x0000006c508ff068:   000001b646a889ee 0000000088a71470
0x0000006c508ff078:   fffffffffffffff7 000001b654896dd2
0x0000006c508ff088:   0000000000000006 000001b6548977f0
0x0000006c508ff098:   0000000000000000 0000000088a71388
0x0000006c508ff0a8:   000001b654896e80 fffffffffffffff6
0x0000006c508ff0b8:   0000006c508ff0e0 0000006c508ff150
0x0000006c508ff0c8:   000001b646a888a6 0000000088a71c48 

Instructions: (pc=0x00007ff89c7cc75d)
0x00007ff89c7cc65d:   cc cc cc 48 8b 01 41 0f b6 c8 48 8b 50 18 48 ff
0x00007ff89c7cc66d:   a2 d0 01 00 00 cc cc cc cc cc cc cc cc cc cc cc
0x00007ff89c7cc67d:   cc cc cc 48 8b 01 0f 28 cb 0f 28 c2 48 8b 48 18
0x00007ff89c7cc68d:   48 ff a1 d8 01 00 00 cc cc cc cc cc cc cc cc cc
0x00007ff89c7cc69d:   cc cc cc 48 8b 01 45 8b d8 44 8b 44 24 28 41 8b
0x00007ff89c7cc6ad:   d1 41 8b cb 4c 8b 50 18 49 ff a2 e8 01 00 00 cc
0x00007ff89c7cc6bd:   cc cc cc 48 8b 01 41 8b c8 48 8b 50 18 48 ff a2
0x00007ff89c7cc6cd:   f0 01 00 00 cc cc cc cc cc cc cc cc cc cc cc cc
0x00007ff89c7cc6dd:   cc cc cc 40 53 48 8b 01 41 8b d8 44 8b 44 24 30
0x00007ff89c7cc6ed:   41 8b d1 4c 8b 4c 24 38 8b cb 4c 8b 50 18 5b 49
0x00007ff89c7cc6fd:   ff a2 f8 01 00 00 cc cc cc cc cc cc cc cc cc cc
0x00007ff89c7cc70d:   cc cc cc 48 8b 01 48 8b 48 18 48 ff a1 98 02 00
0x00007ff89c7cc71d:   00 cc cc 48 8b 01 48 8b 48 18 48 ff a1 a0 02 00
0x00007ff89c7cc72d:   00 cc cc 48 8b 01 41 8b c8 48 8b 50 18 48 ff a2
0x00007ff89c7cc73d:   c8 02 00 00 cc cc cc cc cc cc cc cc cc cc cc cc
0x00007ff89c7cc74d:   cc cc cc 48 8b 01 49 8b d1 41 8b c8 4c 8b 50 18
0x00007ff89c7cc75d:   49 ff a2 d8 02 00 00 cc cc cc cc cc cc cc cc cc
0x00007ff89c7cc76d:   cc cc cc 48 8b 01 49 8b d1 41 8b c8 4c 8b 50 18
0x00007ff89c7cc77d:   49 ff a2 e0 02 00 00 cc cc cc cc cc cc cc cc cc
0x00007ff89c7cc78d:   cc cc cc 48 8b 01 49 8b d1 41 8b c8 4c 8b 50 18
0x00007ff89c7cc79d:   49 ff a2 f0 02 00 00 cc cc cc cc cc cc cc cc cc
0x00007ff89c7cc7ad:   cc cc cc 48 8b 01 49 8b d1 41 8b c8 4c 8b 50 18
0x00007ff89c7cc7bd:   49 ff a2 f8 02 00 00 cc cc cc cc cc cc cc cc cc
0x00007ff89c7cc7cd:   cc cc cc 48 8b 01 49 8b d1 41 8b c8 4c 8b 50 18
0x00007ff89c7cc7dd:   49 ff a2 00 03 00 00 cc cc cc cc cc cc cc cc cc
0x00007ff89c7cc7ed:   cc cc cc 48 8b 01 49 8b d1 41 8b c8 4c 8b 50 18
0x00007ff89c7cc7fd:   49 ff a2 08 03 00 00 cc cc cc cc cc cc cc cc cc
0x00007ff89c7cc80d:   cc cc cc 48 8b 01 48 8b 48 18 48 8b 81 10 03 00
0x00007ff89c7cc81d:   00 48 ff e0 cc cc cc cc cc cc cc cc cc cc cc cc
0x00007ff89c7cc82d:   cc cc cc 48 8b 01 49 8b d1 41 8b c8 4c 8b 50 18
0x00007ff89c7cc83d:   49 ff a2 68 03 00 00 cc cc cc cc cc cc cc cc cc
0x00007ff89c7cc84d:   cc cc cc 48 8b 01 48 8b 48 18 48 8b 81 78 03 00 


Stack slot to memory mapping:

stack at sp + 0 slots: 0x000001b646a8cf87 is at code_begin+1063 in an Interpreter codelet
native method entry point (kind = native)  [0x000001b646a8cb60, 0x000001b646a8d680]  2848 bytes
stack at sp + 1 slots: 0x0000000000000001 is an unknown value
stack at sp + 2 slots: 0x000001b646a8cc73 is at code_begin+275 in an Interpreter codelet
native method entry point (kind = native)  [0x000001b646a8cb60, 0x000001b646a8d680]  2848 bytes
stack at sp + 3 slots: {method} {0x000001b6548f3848} 'nglGenTextures' '(IJ)V' in 'org/lwjgl/opengl/GL11C'
stack at sp + 4 slots: 0x000001b654672a30 is pointing into metadata
stack at sp + 5 slots: 0x0000006c508fef78 is pointing into the stack for thread: 0x000001b6398ac4d0
stack at sp + 6 slots: 0x000001b646a8899c is at code_begin+1500 in an Interpreter codelet
return entry points  [0x000001b646a883c0, 0x000001b646a89008]  3144 bytes
stack at sp + 7 slots: 0x000001b646a8cc1b is at code_begin+187 in an Interpreter codelet
native method entry point (kind = native)  [0x000001b646a8cb60, 0x000001b646a8d680]  2848 bytes


---------------  P R O C E S S  ---------------

Threads class SMR info:
_java_thread_list=0x000001b653dfbd20, length=11, elements={
0x000001b6398ac4d0, 0x000001b6532653d0, 0x000001b6532afeb0, 0x000001b6532c27c0,
0x000001b6532b71a0, 0x000001b6532b8160, 0x000001b65328e6c0, 0x000001b65328abc0,
0x000001b653294110, 0x000001b65328fa70, 0x000001b65328e030
}

Java Threads: ( => current thread )
=>0x000001b6398ac4d0 JavaThread "main"                              [_thread_in_native, id=8316, stack(0x0000006c50800000,0x0000006c50900000) (1024K)]
  0x000001b6532653d0 JavaThread "Reference Handler"          daemon [_thread_blocked, id=3196, stack(0x0000006c51000000,0x0000006c51100000) (1024K)]
  0x000001b6532afeb0 JavaThread "Finalizer"                  daemon [_thread_blocked, id=6708, stack(0x0000006c51100000,0x0000006c51200000) (1024K)]
  0x000001b6532c27c0 JavaThread "Signal Dispatcher"          daemon [_thread_blocked, id=1788, stack(0x0000006c51200000,0x0000006c51300000) (1024K)]
  0x000001b6532b71a0 JavaThread "Attach Listener"            daemon [_thread_blocked, id=1368, stack(0x0000006c51300000,0x0000006c51400000) (1024K)]
  0x000001b6532b8160 JavaThread "Service Thread"             daemon [_thread_blocked, id=7108, stack(0x0000006c51400000,0x0000006c51500000) (1024K)]
  0x000001b65328e6c0 JavaThread "Monitor Deflation Thread"   daemon [_thread_blocked, id=7640, stack(0x0000006c51500000,0x0000006c51600000) (1024K)]
  0x000001b65328abc0 JavaThread "C2 CompilerThread0"         daemon [_thread_blocked, id=5036, stack(0x0000006c51600000,0x0000006c51700000) (1024K)]
  0x000001b653294110 JavaThread "C1 CompilerThread0"         daemon [_thread_blocked, id=9480, stack(0x0000006c51700000,0x0000006c51800000) (1024K)]
  0x000001b65328fa70 JavaThread "Notification Thread"        daemon [_thread_blocked, id=3928, stack(0x0000006c51800000,0x0000006c51900000) (1024K)]
  0x000001b65328e030 JavaThread "Common-Cleaner"             daemon [_thread_blocked, id=7960, stack(0x0000006c51900000,0x0000006c51a00000) (1024K)]
Total: 11

Other Threads:
  0x000001b6532205c0 VMThread "VM Thread"                           [id=3168, stack(0x0000006c50f00000,0x0000006c51000000) (1024K)]
  0x000001b65319dbf0 WatcherThread "VM Periodic Task Thread"        [id=6696, stack(0x0000006c50e00000,0x0000006c50f00000) (1024K)]
  0x000001b63baa73f0 WorkerThread "GC Thread#0"                     [id=8408, stack(0x0000006c50900000,0x0000006c50a00000) (1024K)]
  0x000001b63bab80f0 ConcurrentGCThread "G1 Main Marker"            [id=8296, stack(0x0000006c50a00000,0x0000006c50b00000) (1024K)]
  0x000001b63baba470 WorkerThread "G1 Conc#0"                       [id=3920, stack(0x0000006c50b00000,0x0000006c50c00000) (1024K)]
  0x000001b6530644d0 ConcurrentGCThread "G1 Refine#0"               [id=9252, stack(0x0000006c50c00000,0x0000006c50d00000) (1024K)]
  0x000001b653065650 ConcurrentGCThread "G1 Service"                [id=9920, stack(0x0000006c50d00000,0x0000006c50e00000) (1024K)]
Total: 7

Threads with active compile tasks:
Total: 0

VM state: not at safepoint (normal execution)

VM Mutex/Monitor currently owned by a thread: None

Heap address: 0x0000000081000000, size: 2032 MB, Compressed Oops mode: 32-bit

CDS archive(s) not mapped
Compressed class space mapped at: 0x000000000e000000-0x000000004e000000, reserved size: 1073741824
Narrow klass base: 0x0000000000000000, Narrow klass shift: 0, Narrow klass range: 0x4e000000

GC Precious Log:
 CardTable entry size: 512
 Card Set container configuration: InlinePtr #cards 5 size 8 Array Of Cards #cards 12 size 40 Howl #buckets 4 coarsen threshold 1843 Howl Bitmap #cards 512 size 80 coarsen threshold 460 Card regions per heap region 1 cards per card region 2048
 CPUs: 4 total, 4 available
 Memory: 8122M
 Large Page Support: Disabled
 NUMA Support: Disabled
 Compressed Oops: Enabled (32-bit)
 Heap Region Size: 1M
 Heap Min Capacity: 8M
 Heap Initial Capacity: 128M
 Heap Max Capacity: 2032M
 Pre-touch: Disabled
 Parallel Workers: 4
 Concurrent Workers: 1
 Concurrent Refinement Workers: 4
 Periodic GC: Disabled

Heap:
 garbage-first heap   total reserved 2080768K, committed 131072K, used 5120K [0x0000000081000000, 0x0000000100000000)
  region size 1024K, 7 young (7168K), 0 survivors (0K)
 Metaspace       used 10000K, committed 10240K, reserved 1114112K
  class space    used 790K, committed 896K, reserved 1048576K

Heap Regions: E=young(eden), S=young(survivor), O=old, HS=humongous(starts), HC=humongous(continues), CS=collection set, F=free, TAMS=top-at-mark-start, PB=parsable bottom
|   0|0x0000000081000000, 0x0000000081000000, 0x0000000081100000|  0%| F|  |TAMS 0x0000000081000000| PB 0x0000000081000000| Untracked |  0
|   1|0x0000000081100000, 0x0000000081100000, 0x0000000081200000|  0%| F|  |TAMS 0x0000000081100000| PB 0x0000000081100000| Untracked |  0
|   2|0x0000000081200000, 0x0000000081200000, 0x0000000081300000|  0%| F|  |TAMS 0x0000000081200000| PB 0x0000000081200000| Untracked |  0
|   3|0x0000000081300000, 0x0000000081300000, 0x0000000081400000|  0%| F|  |TAMS 0x0000000081300000| PB 0x0000000081300000| Untracked |  0
|   4|0x0000000081400000, 0x0000000081400000, 0x0000000081500000|  0%| F|  |TAMS 0x0000000081400000| PB 0x0000000081400000| Untracked |  0
|   5|0x0000000081500000, 0x0000000081500000, 0x0000000081600000|  0%| F|  |TAMS 0x0000000081500000| PB 0x0000000081500000| Untracked |  0
|   6|0x0000000081600000, 0x0000000081600000, 0x0000000081700000|  0%| F|  |TAMS 0x0000000081600000| PB 0x0000000081600000| Untracked |  0
|   7|0x0000000081700000, 0x0000000081700000, 0x0000000081800000|  0%| F|  |TAMS 0x0000000081700000| PB 0x0000000081700000| Untracked |  0
|   8|0x0000000081800000, 0x0000000081800000, 0x0000000081900000|  0%| F|  |TAMS 0x0000000081800000| PB 0x0000000081800000| Untracked |  0
|   9|0x0000000081900000, 0x0000000081900000, 0x0000000081a00000|  0%| F|  |TAMS 0x0000000081900000| PB 0x0000000081900000| Untracked |  0
|  10|0x0000000081a00000, 0x0000000081a00000, 0x0000000081b00000|  0%| F|  |TAMS 0x0000000081a00000| PB 0x0000000081a00000| Untracked |  0
|  11|0x0000000081b00000, 0x0000000081b00000, 0x0000000081c00000|  0%| F|  |TAMS 0x0000000081b00000| PB 0x0000000081b00000| Untracked |  0
|  12|0x0000000081c00000, 0x0000000081c00000, 0x0000000081d00000|  0%| F|  |TAMS 0x0000000081c00000| PB 0x0000000081c00000| Untracked |  0
|  13|0x0000000081d00000, 0x0000000081d00000, 0x0000000081e00000|  0%| F|  |TAMS 0x0000000081d00000| PB 0x0000000081d00000| Untracked |  0
|  14|0x0000000081e00000, 0x0000000081e00000, 0x0000000081f00000|  0%| F|  |TAMS 0x0000000081e00000| PB 0x0000000081e00000| Untracked |  0
|  15|0x0000000081f00000, 0x0000000081f00000, 0x0000000082000000|  0%| F|  |TAMS 0x0000000081f00000| PB 0x0000000081f00000| Untracked |  0
|  16|0x0000000082000000, 0x0000000082000000, 0x0000000082100000|  0%| F|  |TAMS 0x0000000082000000| PB 0x0000000082000000| Untracked |  0
|  17|0x0000000082100000, 0x0000000082100000, 0x0000000082200000|  0%| F|  |TAMS 0x0000000082100000| PB 0x0000000082100000| Untracked |  0
|  18|0x0000000082200000, 0x0000000082200000, 0x0000000082300000|  0%| F|  |TAMS 0x0000000082200000| PB 0x0000000082200000| Untracked |  0
|  19|0x0000000082300000, 0x0000000082300000, 0x0000000082400000|  0%| F|  |TAMS 0x0000000082300000| PB 0x0000000082300000| Untracked |  0
|  20|0x0000000082400000, 0x0000000082400000, 0x0000000082500000|  0%| F|  |TAMS 0x0000000082400000| PB 0x0000000082400000| Untracked |  0
|  21|0x0000000082500000, 0x0000000082500000, 0x0000000082600000|  0%| F|  |TAMS 0x0000000082500000| PB 0x0000000082500000| Untracked |  0
|  22|0x0000000082600000, 0x0000000082600000, 0x0000000082700000|  0%| F|  |TAMS 0x0000000082600000| PB 0x0000000082600000| Untracked |  0
|  23|0x0000000082700000, 0x0000000082700000, 0x0000000082800000|  0%| F|  |TAMS 0x0000000082700000| PB 0x0000000082700000| Untracked |  0
|  24|0x0000000082800000, 0x0000000082800000, 0x0000000082900000|  0%| F|  |TAMS 0x0000000082800000| PB 0x0000000082800000| Untracked |  0
|  25|0x0000000082900000, 0x0000000082900000, 0x0000000082a00000|  0%| F|  |TAMS 0x0000000082900000| PB 0x0000000082900000| Untracked |  0
|  26|0x0000000082a00000, 0x0000000082a00000, 0x0000000082b00000|  0%| F|  |TAMS 0x0000000082a00000| PB 0x0000000082a00000| Untracked |  0
|  27|0x0000000082b00000, 0x0000000082b00000, 0x0000000082c00000|  0%| F|  |TAMS 0x0000000082b00000| PB 0x0000000082b00000| Untracked |  0
|  28|0x0000000082c00000, 0x0000000082c00000, 0x0000000082d00000|  0%| F|  |TAMS 0x0000000082c00000| PB 0x0000000082c00000| Untracked |  0
|  29|0x0000000082d00000, 0x0000000082d00000, 0x0000000082e00000|  0%| F|  |TAMS 0x0000000082d00000| PB 0x0000000082d00000| Untracked |  0
|  30|0x0000000082e00000, 0x0000000082e00000, 0x0000000082f00000|  0%| F|  |TAMS 0x0000000082e00000| PB 0x0000000082e00000| Untracked |  0
|  31|0x0000000082f00000, 0x0000000082f00000, 0x0000000083000000|  0%| F|  |TAMS 0x0000000082f00000| PB 0x0000000082f00000| Untracked |  0
|  32|0x0000000083000000, 0x0000000083000000, 0x0000000083100000|  0%| F|  |TAMS 0x0000000083000000| PB 0x0000000083000000| Untracked |  0
|  33|0x0000000083100000, 0x0000000083100000, 0x0000000083200000|  0%| F|  |TAMS 0x0000000083100000| PB 0x0000000083100000| Untracked |  0
|  34|0x0000000083200000, 0x0000000083200000, 0x0000000083300000|  0%| F|  |TAMS 0x0000000083200000| PB 0x0000000083200000| Untracked |  0
|  35|0x0000000083300000, 0x0000000083300000, 0x0000000083400000|  0%| F|  |TAMS 0x0000000083300000| PB 0x0000000083300000| Untracked |  0
|  36|0x0000000083400000, 0x0000000083400000, 0x0000000083500000|  0%| F|  |TAMS 0x0000000083400000| PB 0x0000000083400000| Untracked |  0
|  37|0x0000000083500000, 0x0000000083500000, 0x0000000083600000|  0%| F|  |TAMS 0x0000000083500000| PB 0x0000000083500000| Untracked |  0
|  38|0x0000000083600000, 0x0000000083600000, 0x0000000083700000|  0%| F|  |TAMS 0x0000000083600000| PB 0x0000000083600000| Untracked |  0
|  39|0x0000000083700000, 0x0000000083700000, 0x0000000083800000|  0%| F|  |TAMS 0x0000000083700000| PB 0x0000000083700000| Untracked |  0
|  40|0x0000000083800000, 0x0000000083800000, 0x0000000083900000|  0%| F|  |TAMS 0x0000000083800000| PB 0x0000000083800000| Untracked |  0
|  41|0x0000000083900000, 0x0000000083900000, 0x0000000083a00000|  0%| F|  |TAMS 0x0000000083900000| PB 0x0000000083900000| Untracked |  0
|  42|0x0000000083a00000, 0x0000000083a00000, 0x0000000083b00000|  0%| F|  |TAMS 0x0000000083a00000| PB 0x0000000083a00000| Untracked |  0
|  43|0x0000000083b00000, 0x0000000083b00000, 0x0000000083c00000|  0%| F|  |TAMS 0x0000000083b00000| PB 0x0000000083b00000| Untracked |  0
|  44|0x0000000083c00000, 0x0000000083c00000, 0x0000000083d00000|  0%| F|  |TAMS 0x0000000083c00000| PB 0x0000000083c00000| Untracked |  0
|  45|0x0000000083d00000, 0x0000000083d00000, 0x0000000083e00000|  0%| F|  |TAMS 0x0000000083d00000| PB 0x0000000083d00000| Untracked |  0
|  46|0x0000000083e00000, 0x0000000083e00000, 0x0000000083f00000|  0%| F|  |TAMS 0x0000000083e00000| PB 0x0000000083e00000| Untracked |  0
|  47|0x0000000083f00000, 0x0000000083f00000, 0x0000000084000000|  0%| F|  |TAMS 0x0000000083f00000| PB 0x0000000083f00000| Untracked |  0
|  48|0x0000000084000000, 0x0000000084000000, 0x0000000084100000|  0%| F|  |TAMS 0x0000000084000000| PB 0x0000000084000000| Untracked |  0
|  49|0x0000000084100000, 0x0000000084100000, 0x0000000084200000|  0%| F|  |TAMS 0x0000000084100000| PB 0x0000000084100000| Untracked |  0
|  50|0x0000000084200000, 0x0000000084200000, 0x0000000084300000|  0%| F|  |TAMS 0x0000000084200000| PB 0x0000000084200000| Untracked |  0
|  51|0x0000000084300000, 0x0000000084300000, 0x0000000084400000|  0%| F|  |TAMS 0x0000000084300000| PB 0x0000000084300000| Untracked |  0
|  52|0x0000000084400000, 0x0000000084400000, 0x0000000084500000|  0%| F|  |TAMS 0x0000000084400000| PB 0x0000000084400000| Untracked |  0
|  53|0x0000000084500000, 0x0000000084500000, 0x0000000084600000|  0%| F|  |TAMS 0x0000000084500000| PB 0x0000000084500000| Untracked |  0
|  54|0x0000000084600000, 0x0000000084600000, 0x0000000084700000|  0%| F|  |TAMS 0x0000000084600000| PB 0x0000000084600000| Untracked |  0
|  55|0x0000000084700000, 0x0000000084700000, 0x0000000084800000|  0%| F|  |TAMS 0x0000000084700000| PB 0x0000000084700000| Untracked |  0
|  56|0x0000000084800000, 0x0000000084800000, 0x0000000084900000|  0%| F|  |TAMS 0x0000000084800000| PB 0x0000000084800000| Untracked |  0
|  57|0x0000000084900000, 0x0000000084900000, 0x0000000084a00000|  0%| F|  |TAMS 0x0000000084900000| PB 0x0000000084900000| Untracked |  0
|  58|0x0000000084a00000, 0x0000000084a00000, 0x0000000084b00000|  0%| F|  |TAMS 0x0000000084a00000| PB 0x0000000084a00000| Untracked |  0
|  59|0x0000000084b00000, 0x0000000084b00000, 0x0000000084c00000|  0%| F|  |TAMS 0x0000000084b00000| PB 0x0000000084b00000| Untracked |  0
|  60|0x0000000084c00000, 0x0000000084c00000, 0x0000000084d00000|  0%| F|  |TAMS 0x0000000084c00000| PB 0x0000000084c00000| Untracked |  0
|  61|0x0000000084d00000, 0x0000000084d00000, 0x0000000084e00000|  0%| F|  |TAMS 0x0000000084d00000| PB 0x0000000084d00000| Untracked |  0
|  62|0x0000000084e00000, 0x0000000084e00000, 0x0000000084f00000|  0%| F|  |TAMS 0x0000000084e00000| PB 0x0000000084e00000| Untracked |  0
|  63|0x0000000084f00000, 0x0000000084f00000, 0x0000000085000000|  0%| F|  |TAMS 0x0000000084f00000| PB 0x0000000084f00000| Untracked |  0
|  64|0x0000000085000000, 0x0000000085000000, 0x0000000085100000|  0%| F|  |TAMS 0x0000000085000000| PB 0x0000000085000000| Untracked |  0
|  65|0x0000000085100000, 0x0000000085100000, 0x0000000085200000|  0%| F|  |TAMS 0x0000000085100000| PB 0x0000000085100000| Untracked |  0
|  66|0x0000000085200000, 0x0000000085200000, 0x0000000085300000|  0%| F|  |TAMS 0x0000000085200000| PB 0x0000000085200000| Untracked |  0
|  67|0x0000000085300000, 0x0000000085300000, 0x0000000085400000|  0%| F|  |TAMS 0x0000000085300000| PB 0x0000000085300000| Untracked |  0
|  68|0x0000000085400000, 0x0000000085400000, 0x0000000085500000|  0%| F|  |TAMS 0x0000000085400000| PB 0x0000000085400000| Untracked |  0
|  69|0x0000000085500000, 0x0000000085500000, 0x0000000085600000|  0%| F|  |TAMS 0x0000000085500000| PB 0x0000000085500000| Untracked |  0
|  70|0x0000000085600000, 0x0000000085600000, 0x0000000085700000|  0%| F|  |TAMS 0x0000000085600000| PB 0x0000000085600000| Untracked |  0
|  71|0x0000000085700000, 0x0000000085700000, 0x0000000085800000|  0%| F|  |TAMS 0x0000000085700000| PB 0x0000000085700000| Untracked |  0
|  72|0x0000000085800000, 0x0000000085800000, 0x0000000085900000|  0%| F|  |TAMS 0x0000000085800000| PB 0x0000000085800000| Untracked |  0
|  73|0x0000000085900000, 0x0000000085900000, 0x0000000085a00000|  0%| F|  |TAMS 0x0000000085900000| PB 0x0000000085900000| Untracked |  0
|  74|0x0000000085a00000, 0x0000000085a00000, 0x0000000085b00000|  0%| F|  |TAMS 0x0000000085a00000| PB 0x0000000085a00000| Untracked |  0
|  75|0x0000000085b00000, 0x0000000085b00000, 0x0000000085c00000|  0%| F|  |TAMS 0x0000000085b00000| PB 0x0000000085b00000| Untracked |  0
|  76|0x0000000085c00000, 0x0000000085c00000, 0x0000000085d00000|  0%| F|  |TAMS 0x0000000085c00000| PB 0x0000000085c00000| Untracked |  0
|  77|0x0000000085d00000, 0x0000000085d00000, 0x0000000085e00000|  0%| F|  |TAMS 0x0000000085d00000| PB 0x0000000085d00000| Untracked |  0
|  78|0x0000000085e00000, 0x0000000085e00000, 0x0000000085f00000|  0%| F|  |TAMS 0x0000000085e00000| PB 0x0000000085e00000| Untracked |  0
|  79|0x0000000085f00000, 0x0000000085f00000, 0x0000000086000000|  0%| F|  |TAMS 0x0000000085f00000| PB 0x0000000085f00000| Untracked |  0
|  80|0x0000000086000000, 0x0000000086000000, 0x0000000086100000|  0%| F|  |TAMS 0x0000000086000000| PB 0x0000000086000000| Untracked |  0
|  81|0x0000000086100000, 0x0000000086100000, 0x0000000086200000|  0%| F|  |TAMS 0x0000000086100000| PB 0x0000000086100000| Untracked |  0
|  82|0x0000000086200000, 0x0000000086200000, 0x0000000086300000|  0%| F|  |TAMS 0x0000000086200000| PB 0x0000000086200000| Untracked |  0
|  83|0x0000000086300000, 0x0000000086300000, 0x0000000086400000|  0%| F|  |TAMS 0x0000000086300000| PB 0x0000000086300000| Untracked |  0
|  84|0x0000000086400000, 0x0000000086400000, 0x0000000086500000|  0%| F|  |TAMS 0x0000000086400000| PB 0x0000000086400000| Untracked |  0
|  85|0x0000000086500000, 0x0000000086500000, 0x0000000086600000|  0%| F|  |TAMS 0x0000000086500000| PB 0x0000000086500000| Untracked |  0
|  86|0x0000000086600000, 0x0000000086600000, 0x0000000086700000|  0%| F|  |TAMS 0x0000000086600000| PB 0x0000000086600000| Untracked |  0
|  87|0x0000000086700000, 0x0000000086700000, 0x0000000086800000|  0%| F|  |TAMS 0x0000000086700000| PB 0x0000000086700000| Untracked |  0
|  88|0x0000000086800000, 0x0000000086800000, 0x0000000086900000|  0%| F|  |TAMS 0x0000000086800000| PB 0x0000000086800000| Untracked |  0
|  89|0x0000000086900000, 0x0000000086900000, 0x0000000086a00000|  0%| F|  |TAMS 0x0000000086900000| PB 0x0000000086900000| Untracked |  0
|  90|0x0000000086a00000, 0x0000000086a00000, 0x0000000086b00000|  0%| F|  |TAMS 0x0000000086a00000| PB 0x0000000086a00000| Untracked |  0
|  91|0x0000000086b00000, 0x0000000086b00000, 0x0000000086c00000|  0%| F|  |TAMS 0x0000000086b00000| PB 0x0000000086b00000| Untracked |  0
|  92|0x0000000086c00000, 0x0000000086c00000, 0x0000000086d00000|  0%| F|  |TAMS 0x0000000086c00000| PB 0x0000000086c00000| Untracked |  0
|  93|0x0000000086d00000, 0x0000000086d00000, 0x0000000086e00000|  0%| F|  |TAMS 0x0000000086d00000| PB 0x0000000086d00000| Untracked |  0
|  94|0x0000000086e00000, 0x0000000086e00000, 0x0000000086f00000|  0%| F|  |TAMS 0x0000000086e00000| PB 0x0000000086e00000| Untracked |  0
|  95|0x0000000086f00000, 0x0000000086f00000, 0x0000000087000000|  0%| F|  |TAMS 0x0000000086f00000| PB 0x0000000086f00000| Untracked |  0
|  96|0x0000000087000000, 0x0000000087000000, 0x0000000087100000|  0%| F|  |TAMS 0x0000000087000000| PB 0x0000000087000000| Untracked |  0
|  97|0x0000000087100000, 0x0000000087100000, 0x0000000087200000|  0%| F|  |TAMS 0x0000000087100000| PB 0x0000000087100000| Untracked |  0
|  98|0x0000000087200000, 0x0000000087200000, 0x0000000087300000|  0%| F|  |TAMS 0x0000000087200000| PB 0x0000000087200000| Untracked |  0
|  99|0x0000000087300000, 0x0000000087300000, 0x0000000087400000|  0%| F|  |TAMS 0x0000000087300000| PB 0x0000000087300000| Untracked |  0
| 100|0x0000000087400000, 0x0000000087400000, 0x0000000087500000|  0%| F|  |TAMS 0x0000000087400000| PB 0x0000000087400000| Untracked |  0
| 101|0x0000000087500000, 0x0000000087500000, 0x0000000087600000|  0%| F|  |TAMS 0x0000000087500000| PB 0x0000000087500000| Untracked |  0
| 102|0x0000000087600000, 0x0000000087600000, 0x0000000087700000|  0%| F|  |TAMS 0x0000000087600000| PB 0x0000000087600000| Untracked |  0
| 103|0x0000000087700000, 0x0000000087700000, 0x0000000087800000|  0%| F|  |TAMS 0x0000000087700000| PB 0x0000000087700000| Untracked |  0
| 104|0x0000000087800000, 0x0000000087800000, 0x0000000087900000|  0%| F|  |TAMS 0x0000000087800000| PB 0x0000000087800000| Untracked |  0
| 105|0x0000000087900000, 0x0000000087900000, 0x0000000087a00000|  0%| F|  |TAMS 0x0000000087900000| PB 0x0000000087900000| Untracked |  0
| 106|0x0000000087a00000, 0x0000000087a00000, 0x0000000087b00000|  0%| F|  |TAMS 0x0000000087a00000| PB 0x0000000087a00000| Untracked |  0
| 107|0x0000000087b00000, 0x0000000087b00000, 0x0000000087c00000|  0%| F|  |TAMS 0x0000000087b00000| PB 0x0000000087b00000| Untracked |  0
| 108|0x0000000087c00000, 0x0000000087c00000, 0x0000000087d00000|  0%| F|  |TAMS 0x0000000087c00000| PB 0x0000000087c00000| Untracked |  0
| 109|0x0000000087d00000, 0x0000000087d00000, 0x0000000087e00000|  0%| F|  |TAMS 0x0000000087d00000| PB 0x0000000087d00000| Untracked |  0
| 110|0x0000000087e00000, 0x0000000087e00000, 0x0000000087f00000|  0%| F|  |TAMS 0x0000000087e00000| PB 0x0000000087e00000| Untracked |  0
| 111|0x0000000087f00000, 0x0000000087f00000, 0x0000000088000000|  0%| F|  |TAMS 0x0000000087f00000| PB 0x0000000087f00000| Untracked |  0
| 112|0x0000000088000000, 0x0000000088000000, 0x0000000088100000|  0%| F|  |TAMS 0x0000000088000000| PB 0x0000000088000000| Untracked |  0
| 113|0x0000000088100000, 0x0000000088100000, 0x0000000088200000|  0%| F|  |TAMS 0x0000000088100000| PB 0x0000000088100000| Untracked |  0
| 114|0x0000000088200000, 0x0000000088200000, 0x0000000088300000|  0%| F|  |TAMS 0x0000000088200000| PB 0x0000000088200000| Untracked |  0
| 115|0x0000000088300000, 0x0000000088300000, 0x0000000088400000|  0%| F|  |TAMS 0x0000000088300000| PB 0x0000000088300000| Untracked |  0
| 116|0x0000000088400000, 0x0000000088400000, 0x0000000088500000|  0%| F|  |TAMS 0x0000000088400000| PB 0x0000000088400000| Untracked |  0
| 117|0x0000000088500000, 0x0000000088500000, 0x0000000088600000|  0%| F|  |TAMS 0x0000000088500000| PB 0x0000000088500000| Untracked |  0
| 118|0x0000000088600000, 0x0000000088600000, 0x0000000088700000|  0%| F|  |TAMS 0x0000000088600000| PB 0x0000000088600000| Untracked |  0
| 119|0x0000000088700000, 0x0000000088700000, 0x0000000088800000|  0%| F|  |TAMS 0x0000000088700000| PB 0x0000000088700000| Untracked |  0
| 120|0x0000000088800000, 0x0000000088800000, 0x0000000088900000|  0%| F|  |TAMS 0x0000000088800000| PB 0x0000000088800000| Untracked |  0
| 121|0x0000000088900000, 0x00000000889ac928, 0x0000000088a00000| 67%| E|  |TAMS 0x0000000088900000| PB 0x0000000088900000| Complete |  0
| 122|0x0000000088a00000, 0x0000000088b00000, 0x0000000088b00000|100%| E|  |TAMS 0x0000000088a00000| PB 0x0000000088a00000| Complete |  0
| 123|0x0000000088b00000, 0x0000000088c00000, 0x0000000088c00000|100%| E|CS|TAMS 0x0000000088b00000| PB 0x0000000088b00000| Complete |  0
| 124|0x0000000088c00000, 0x0000000088d00000, 0x0000000088d00000|100%| E|CS|TAMS 0x0000000088c00000| PB 0x0000000088c00000| Complete |  0
| 125|0x0000000088d00000, 0x0000000088e00000, 0x0000000088e00000|100%| E|CS|TAMS 0x0000000088d00000| PB 0x0000000088d00000| Complete |  0
| 126|0x0000000088e00000, 0x0000000088f00000, 0x0000000088f00000|100%| E|CS|TAMS 0x0000000088e00000| PB 0x0000000088e00000| Complete |  0
| 127|0x0000000088f00000, 0x0000000089000000, 0x0000000089000000|100%| E|CS|TAMS 0x0000000088f00000| PB 0x0000000088f00000| Complete |  0

Card table byte_map: [0x000001b64e950000,0x000001b64ed50000] _byte_map_base: 0x000001b64e548000

Marking Bits: (CMBitMap*) 0x000001b63baa7a10
 Bits: [0x000001b64ed50000, 0x000001b650d10000)

Polling page: 0x000001b639860000

Metaspace:

Usage:
  Non-class:      8.99 MB used.
      Class:    790.59 KB used.
       Both:      9.77 MB used.

Virtual space:
  Non-class space:       64.00 MB reserved,       9.12 MB ( 14%) committed,  1 nodes.
      Class space:        1.00 GB reserved,     896.00 KB ( <1%) committed,  1 nodes.
             Both:        1.06 GB reserved,      10.00 MB ( <1%) committed. 

Chunk freelists:
   Non-Class:  5.98 MB
       Class:  15.16 MB
        Both:  21.14 MB

MaxMetaspaceSize: unlimited
CompressedClassSpaceSize: 1.00 GB
Initial GC threshold: 21.00 MB
Current GC threshold: 21.00 MB
CDS: off
 - commit_granule_bytes: 65536.
 - commit_granule_words: 8192.
 - virtual_space_node_default_size: 8388608.
 - enlarge_chunks_in_place: 1.
 - use_allocation_guard: 0.


Internal statistics:

num_allocs_failed_limit: 0.
num_arena_births: 68.
num_arena_deaths: 0.
num_vsnodes_births: 2.
num_vsnodes_deaths: 0.
num_space_committed: 160.
num_space_uncommitted: 0.
num_chunks_returned_to_freelist: 0.
num_chunks_taken_from_freelist: 170.
num_chunk_merges: 0.
num_chunk_splits: 97.
num_chunks_enlarged: 63.
num_inconsistent_stats: 0.

CodeHeap 'non-profiled nmethods': size=120000Kb used=196Kb max_used=196Kb free=119803Kb
 bounds [0x000001b647020000, 0x000001b647290000, 0x000001b64e550000]
CodeHeap 'profiled nmethods': size=120000Kb used=977Kb max_used=977Kb free=119022Kb
 bounds [0x000001b63f550000, 0x000001b63f7c0000, 0x000001b646a80000]
CodeHeap 'non-nmethods': size=5760Kb used=2109Kb max_used=2126Kb free=3650Kb
 bounds [0x000001b646a80000, 0x000001b646cf0000, 0x000001b647020000]
 total_blobs=1730 nmethods=650 adapters=985
 compilation: enabled
              stopped_count=0, restarted_count=0
 full_count=0

Compilation events (20 events):
Event: 1.748 Thread 0x000001b65328abc0  624       4       jdk.internal.jimage.ImageStringsReader::unmaskedHashCode (166 bytes)
Event: 1.748 Thread 0x000001b653294110  642       3       java.net.URL::isBuiltinStreamHandler (32 bytes)
Event: 1.749 Thread 0x000001b653294110 nmethod 642 0x000001b63f63fb90 code [0x000001b63f63fdc0, 0x000001b63f6405e8]
Event: 1.750 Thread 0x000001b653294110  643       3       java.net.URL::isBuiltinStreamHandler (8 bytes)
Event: 1.750 Thread 0x000001b653294110 nmethod 643 0x000001b63f640910 code [0x000001b63f640ac0, 0x000001b63f640c88]
Event: 1.750 Thread 0x000001b653294110  644       3       sun.net.util.IPAddressUtil::scan (92 bytes)
Event: 1.751 Thread 0x000001b65328abc0 nmethod 624 0x000001b64704fe10 code [0x000001b64704ffa0, 0x000001b647050188]
Event: 1.751 Thread 0x000001b653294110 nmethod 644 0x000001b63f640d90 code [0x000001b63f641000, 0x000001b63f641af8]
Event: 1.751 Thread 0x000001b65328abc0  645   !   4       java.nio.DirectByteBuffer::get (34 bytes)
Event: 1.751 Thread 0x000001b653294110  646       3       java.io.WinNTFileSystem::prefixLength (114 bytes)
Event: 1.753 Thread 0x000001b653294110 nmethod 646 0x000001b63f642010 code [0x000001b63f642320, 0x000001b63f643680]
Event: 1.753 Thread 0x000001b65328abc0 nmethod 645 0x000001b647050790 code [0x000001b647050940, 0x000001b647050a90]
Event: 1.753 Thread 0x000001b653294110  648       3       sun.misc.Unsafe::putLong (11 bytes)
Event: 1.753 Thread 0x000001b65328abc0  617       4       java.lang.String::getBytes (44 bytes)
Event: 1.753 Thread 0x000001b653294110 nmethod 648 0x000001b63f643d10 code [0x000001b63f643ea0, 0x000001b63f643fb0]
Event: 1.753 Thread 0x000001b653294110  649       3       org.lwjgl.system.MemoryUtil::memPutAddress (29 bytes)
Event: 1.753 Thread 0x000001b653294110 nmethod 649 0x000001b63f644090 code [0x000001b63f644240, 0x000001b63f644428]
Event: 1.754 Thread 0x000001b65328abc0 nmethod 617 0x000001b647050c10 code [0x000001b647050da0, 0x000001b647050ef8]
Event: 1.754 Thread 0x000001b65328abc0  650       4       java.lang.Integer::toUnsignedLong (7 bytes)
Event: 1.754 Thread 0x000001b65328abc0 nmethod 650 0x000001b647051010 code [0x000001b647051180, 0x000001b6470511e8]

GC Heap History (0 events):
No events

Dll operation events (10 events):
Event: 0.116 Loaded shared library C:\Users\USUARIO\.p2\pool\plugins\org.eclipse.justj.openjdk.hotspot.jre.full.win32.x86_64_22.0.1.v20240426-1149\jre\bin\java.dll
Event: 0.127 Loaded shared library C:\Users\USUARIO\.p2\pool\plugins\org.eclipse.justj.openjdk.hotspot.jre.full.win32.x86_64_22.0.1.v20240426-1149\jre\bin\zip.dll
Event: 0.418 Loaded shared library C:\Users\USUARIO\.p2\pool\plugins\org.eclipse.justj.openjdk.hotspot.jre.full.win32.x86_64_22.0.1.v20240426-1149\jre\bin\net.dll
Event: 0.421 Loaded shared library C:\Users\USUARIO\.p2\pool\plugins\org.eclipse.justj.openjdk.hotspot.jre.full.win32.x86_64_22.0.1.v20240426-1149\jre\bin\nio.dll
Event: 0.438 Loaded shared library C:\Users\USUARIO\.p2\pool\plugins\org.eclipse.justj.openjdk.hotspot.jre.full.win32.x86_64_22.0.1.v20240426-1149\jre\bin\zip.dll
Event: 0.466 Loaded shared library C:\Users\USUARIO\.p2\pool\plugins\org.eclipse.justj.openjdk.hotspot.jre.full.win32.x86_64_22.0.1.v20240426-1149\jre\bin\verify.dll
Event: 0.541 Loaded shared library C:\Users\USUARIO\.p2\pool\plugins\org.eclipse.justj.openjdk.hotspot.jre.full.win32.x86_64_22.0.1.v20240426-1149\jre\bin\jimage.dll
Event: 0.572 Loaded shared library C:\Users\USUARIO\AppData\Local\Temp\lwjgl_USUARIO\3.3.3+5\x64\lwjgl.dll
Event: 1.684 Loaded shared library C:\Users\USUARIO\AppData\Local\Temp\lwjgl_USUARIO\3.3.3+5\x64\lwjgl_stb.dll
Event: 1.733 Loaded shared library C:\Users\USUARIO\AppData\Local\Temp\lwjgl_USUARIO\3.3.3+5\x64\lwjgl_opengl.dll

Deoptimization events (20 events):
Event: 1.746 Thread 0x000001b6398ac4d0 DEOPT PACKING pc=0x000001b63f60a46d sp=0x0000006c508fd400
Event: 1.746 Thread 0x000001b6398ac4d0 DEOPT UNPACKING pc=0x000001b646ad4e42 sp=0x0000006c508fc898 mode 0
Event: 1.746 Thread 0x000001b6398ac4d0 DEOPT PACKING pc=0x000001b63f60a642 sp=0x0000006c508fd400
Event: 1.746 Thread 0x000001b6398ac4d0 DEOPT UNPACKING pc=0x000001b646ad4e42 sp=0x0000006c508fc898 mode 0
Event: 1.746 Thread 0x000001b6398ac4d0 DEOPT PACKING pc=0x000001b63f60a5c7 sp=0x0000006c508fd400
Event: 1.746 Thread 0x000001b6398ac4d0 DEOPT UNPACKING pc=0x000001b646ad4e42 sp=0x0000006c508fc898 mode 0
Event: 1.747 Thread 0x000001b6398ac4d0 DEOPT PACKING pc=0x000001b63f60a46d sp=0x0000006c508fd400
Event: 1.747 Thread 0x000001b6398ac4d0 DEOPT UNPACKING pc=0x000001b646ad4e42 sp=0x0000006c508fc898 mode 0
Event: 1.747 Thread 0x000001b6398ac4d0 DEOPT PACKING pc=0x000001b63f60a46d sp=0x0000006c508fd400
Event: 1.747 Thread 0x000001b6398ac4d0 DEOPT UNPACKING pc=0x000001b646ad4e42 sp=0x0000006c508fc898 mode 0
Event: 1.747 Thread 0x000001b6398ac4d0 DEOPT PACKING pc=0x000001b63f60a46d sp=0x0000006c508fd400
Event: 1.747 Thread 0x000001b6398ac4d0 DEOPT UNPACKING pc=0x000001b646ad4e42 sp=0x0000006c508fc898 mode 0
Event: 1.747 Thread 0x000001b6398ac4d0 DEOPT PACKING pc=0x000001b63f60a642 sp=0x0000006c508fd400
Event: 1.747 Thread 0x000001b6398ac4d0 DEOPT UNPACKING pc=0x000001b646ad4e42 sp=0x0000006c508fc898 mode 0
Event: 1.747 Thread 0x000001b6398ac4d0 DEOPT PACKING pc=0x000001b63f60a5c7 sp=0x0000006c508fd400
Event: 1.747 Thread 0x000001b6398ac4d0 DEOPT UNPACKING pc=0x000001b646ad4e42 sp=0x0000006c508fc898 mode 0
Event: 1.748 Thread 0x000001b6398ac4d0 DEOPT PACKING pc=0x000001b63f60a46d sp=0x0000006c508fd400
Event: 1.748 Thread 0x000001b6398ac4d0 DEOPT UNPACKING pc=0x000001b646ad4e42 sp=0x0000006c508fc898 mode 0
Event: 1.748 Thread 0x000001b6398ac4d0 DEOPT PACKING pc=0x000001b63f60a46d sp=0x0000006c508fd400
Event: 1.748 Thread 0x000001b6398ac4d0 DEOPT UNPACKING pc=0x000001b646ad4e42 sp=0x0000006c508fc898 mode 0

Classes loaded (20 events):
Event: 0.732 Loading class java/lang/IndexOutOfBoundsException
Event: 0.732 Loading class java/lang/IndexOutOfBoundsException done
Event: 0.733 Loading class java/nio/InvalidMarkException
Event: 0.733 Loading class java/nio/InvalidMarkException done
Event: 0.733 Loading class java/nio/BufferUnderflowException
Event: 0.733 Loading class java/nio/BufferUnderflowException done
Event: 0.753 Loading class java/util/function/BiPredicate
Event: 0.753 Loading class java/util/function/BiPredicate done
Event: 0.781 Loading class java/lang/NoSuchFieldError
Event: 0.782 Loading class java/lang/NoSuchFieldError done
Event: 0.815 Loading class jdk/internal/reflect/MethodHandleIntegerFieldAccessorImpl
Event: 0.815 Loading class jdk/internal/reflect/MethodHandleIntegerFieldAccessorImpl done
Event: 1.620 Loading class java/lang/invoke/DirectMethodHandle$Special
Event: 1.620 Loading class java/lang/invoke/DirectMethodHandle$Special done
Event: 1.662 Loading class java/nio/channels/spi/AbstractInterruptibleChannel$1
Event: 1.662 Loading class sun/nio/ch/Interruptible
Event: 1.662 Loading class sun/nio/ch/Interruptible done
Event: 1.662 Loading class java/nio/channels/spi/AbstractInterruptibleChannel$1 done
Event: 1.666 Loading class java/util/Spliterator
Event: 1.666 Loading class java/util/Spliterator done

Classes unloaded (0 events):
No events

Classes redefined (0 events):
No events

Internal exceptions (20 events):
Event: 0.686 Thread 0x000001b6398ac4d0 Exception <a 'java/lang/NoSuchMethodError'{0x0000000088b08e98}: 'int java.lang.invoke.DirectMethodHandle$Holder.invokeStaticInit(java.lang.Object, java.lang.Object, int, long)'> (0x0000000088b08e98) 
thrown [s\src\hotspot\share\interpreter\linkResolver.cpp, line 774]
Event: 0.687 Thread 0x000001b6398ac4d0 Exception <a 'java/lang/NoSuchMethodError'{0x0000000088b0dfa0}: 'java.lang.Object java.lang.invoke.DirectMethodHandle$Holder.newInvokeSpecial(java.lang.Object, java.lang.Object, int)'> (0x0000000088b0dfa0) 
thrown [s\src\hotspot\share\interpreter\linkResolver.cpp, line 774]
Event: 0.694 Thread 0x000001b6398ac4d0 Exception <a 'java/lang/NoSuchMethodError'{0x0000000088b1c4e0}: 'int java.lang.invoke.DirectMethodHandle$Holder.invokeStaticInit(java.lang.Object, java.lang.Object, long, long)'> (0x0000000088b1c4e0) 
thrown [s\src\hotspot\share\interpreter\linkResolver.cpp, line 774]
Event: 0.696 Thread 0x000001b6398ac4d0 Exception <a 'java/lang/NoSuchMethodError'{0x0000000088b21fa0}: 'java.lang.Object java.lang.invoke.DirectMethodHandle$Holder.newInvokeSpecial(java.lang.Object, java.lang.Object, long)'> (0x0000000088b21fa0) 
thrown [s\src\hotspot\share\interpreter\linkResolver.cpp, line 774]
Event: 0.698 Thread 0x000001b6398ac4d0 Exception <a 'java/lang/NoSuchMethodError'{0x0000000088b25e48}: 'java.lang.Object java.lang.invoke.Invokers$Holder.linkToTargetMethod(java.lang.Object, long, java.lang.Object)'> (0x0000000088b25e48) 
thrown [s\src\hotspot\share\interpreter\linkResolver.cpp, line 774]
Event: 0.701 Thread 0x000001b6398ac4d0 Exception <a 'java/lang/NoSuchMethodError'{0x0000000088b2d070}: 'int java.lang.invoke.DirectMethodHandle$Holder.invokeStaticInit(java.lang.Object, java.lang.Object, java.lang.Object, long)'> (0x0000000088b2d070) 
thrown [s\src\hotspot\share\interpreter\linkResolver.cpp, line 774]
Event: 0.781 Thread 0x000001b6398ac4d0 Exception <a 'sun/nio/fs/WindowsException'{0x0000000088bf8140}> (0x0000000088bf8140) 
thrown [s\src\hotspot\share\prims\jni.cpp, line 520]
Event: 0.781 Thread 0x000001b6398ac4d0 Exception <a 'sun/nio/fs/WindowsException'{0x0000000088bf84c0}> (0x0000000088bf84c0) 
thrown [s\src\hotspot\share\prims\jni.cpp, line 520]
Event: 0.788 Thread 0x000001b6398ac4d0 Implicit null exception at 0x000001b6470427f4 to 0x000001b647043148
Event: 0.815 Thread 0x000001b6398ac4d0 Exception <a 'java/lang/NoSuchMethodError'{0x0000000088a0e300}: 'int java.lang.invoke.Invokers$Holder.invokeExact_MT(java.lang.Object, java.lang.Object)'> (0x0000000088a0e300) 
thrown [s\src\hotspot\share\interpreter\linkResolver.cpp, line 774]
Event: 1.672 Thread 0x000001b6398ac4d0 Exception <a 'java/lang/NoSuchMethodError'{0x0000000088aaae50}: 'void java.lang.System.load(java.lang.String, java.lang.Class)'> (0x0000000088aaae50) 
thrown [s\src\hotspot\share\interpreter\linkResolver.cpp, line 774]
Event: 1.673 Thread 0x000001b6398ac4d0 Exception <a 'java/lang/NoSuchMethodError'{0x0000000088aad8a0}: 'void java.lang.System.loadLibrary(java.lang.String, java.lang.Class)'> (0x0000000088aad8a0) 
thrown [s\src\hotspot\share\interpreter\linkResolver.cpp, line 774]
Event: 1.683 Thread 0x000001b6398ac4d0 Exception <a 'sun/nio/fs/WindowsException'{0x0000000088abcb20}> (0x0000000088abcb20) 
thrown [s\src\hotspot\share\prims\jni.cpp, line 520]
Event: 1.683 Thread 0x000001b6398ac4d0 Exception <a 'sun/nio/fs/WindowsException'{0x0000000088abceb0}> (0x0000000088abceb0) 
thrown [s\src\hotspot\share\prims\jni.cpp, line 520]
Event: 1.722 Thread 0x000001b6398ac4d0 Exception <a 'java/lang/NoSuchMethodError'{0x0000000088afd9d8}: 'void java.lang.System.load(java.lang.String, java.lang.Class)'> (0x0000000088afd9d8) 
thrown [s\src\hotspot\share\interpreter\linkResolver.cpp, line 774]
Event: 1.723 Thread 0x000001b6398ac4d0 Exception <a 'java/lang/NoSuchMethodError'{0x000000008891cda8}: 'void java.lang.System.loadLibrary(java.lang.String, java.lang.Class)'> (0x000000008891cda8) 
thrown [s\src\hotspot\share\interpreter\linkResolver.cpp, line 774]
Event: 1.731 Thread 0x000001b6398ac4d0 Exception <a 'sun/nio/fs/WindowsException'{0x000000008892c230}> (0x000000008892c230) 
thrown [s\src\hotspot\share\prims\jni.cpp, line 520]
Event: 1.732 Thread 0x000001b6398ac4d0 Exception <a 'sun/nio/fs/WindowsException'{0x000000008892c5e8}> (0x000000008892c5e8) 
thrown [s\src\hotspot\share\prims\jni.cpp, line 520]
Event: 1.750 Thread 0x000001b6398ac4d0 Exception <a 'sun/nio/fs/WindowsException'{0x0000000088934be8}> (0x0000000088934be8) 
thrown [s\src\hotspot\share\prims\jni.cpp, line 520]
Event: 1.750 Thread 0x000001b6398ac4d0 Exception <a 'sun/nio/fs/WindowsException'{0x0000000088934ed8}> (0x0000000088934ed8) 
thrown [s\src\hotspot\share\prims\jni.cpp, line 520]

ZGC Phase Switch (0 events):
No events

VM Operations (4 events):
Event: 0.440 Executing VM operation: HandshakeAllThreads (Deoptimize)
Event: 0.440 Executing VM operation: HandshakeAllThreads (Deoptimize) done
Event: 1.450 Executing VM operation: Cleanup
Event: 1.451 Executing VM operation: Cleanup done

Events (13 events):
Event: 0.125 Thread 0x000001b6398ac4d0 Thread added: 0x000001b6398ac4d0
Event: 0.314 Thread 0x000001b6532653d0 Thread added: 0x000001b6532653d0
Event: 0.314 Thread 0x000001b6532afeb0 Thread added: 0x000001b6532afeb0
Event: 0.316 Thread 0x000001b6532c27c0 Thread added: 0x000001b6532c27c0
Event: 0.316 Thread 0x000001b6532b71a0 Thread added: 0x000001b6532b71a0
Event: 0.316 Thread 0x000001b6532b8160 Thread added: 0x000001b6532b8160
Event: 0.316 Thread 0x000001b65328e6c0 Thread added: 0x000001b65328e6c0
Event: 0.316 Thread 0x000001b65328abc0 Thread added: 0x000001b65328abc0
Event: 0.316 Thread 0x000001b653294110 Thread added: 0x000001b653294110
Event: 0.383 Thread 0x000001b65328fa70 Thread added: 0x000001b65328fa70
Event: 0.388 Thread 0x000001b65328e030 Thread added: 0x000001b65328e030
Event: 0.675 Thread 0x000001b6539b2650 Thread added: 0x000001b6539b2650
Event: 1.620 Thread 0x000001b6539b2650 Thread exited: 0x000001b6539b2650


Dynamic libraries:
0x00007ff73c180000 - 0x00007ff73c18e000 	C:\Users\USUARIO\.p2\pool\plugins\org.eclipse.justj.openjdk.hotspot.jre.full.win32.x86_64_22.0.1.v20240426-1149\jre\bin\javaw.exe
0x00007ff8b4450000 - 0x00007ff8b4648000 	C:\WINDOWS\SYSTEM32\ntdll.dll
0x00007ff8b3230000 - 0x00007ff8b32ed000 	C:\WINDOWS\System32\KERNEL32.DLL
0x00007ff8b2190000 - 0x00007ff8b2486000 	C:\WINDOWS\System32\KERNELBASE.dll
0x00007ff8b1e90000 - 0x00007ff8b1f90000 	C:\WINDOWS\System32\ucrtbase.dll
0x00007ff8af170000 - 0x00007ff8af187000 	C:\Users\USUARIO\.p2\pool\plugins\org.eclipse.justj.openjdk.hotspot.jre.full.win32.x86_64_22.0.1.v20240426-1149\jre\bin\jli.dll
0x00007ff8aecf0000 - 0x00007ff8aed0b000 	C:\Users\USUARIO\.p2\pool\plugins\org.eclipse.justj.openjdk.hotspot.jre.full.win32.x86_64_22.0.1.v20240426-1149\jre\bin\VCRUNTIME140.dll
0x00007ff8b2790000 - 0x00007ff8b292f000 	C:\WINDOWS\System32\USER32.dll
0x00007ff8a0420000 - 0x00007ff8a06ba000 	C:\WINDOWS\WinSxS\amd64_microsoft.windows.common-controls_6595b64144ccf1df_6.0.19041.4355_none_60b8b9eb71f62e16\COMCTL32.dll
0x00007ff8b1b10000 - 0x00007ff8b1b32000 	C:\WINDOWS\System32\win32u.dll
0x00007ff8b2490000 - 0x00007ff8b252e000 	C:\WINDOWS\System32\msvcrt.dll
0x00007ff8b4260000 - 0x00007ff8b428b000 	C:\WINDOWS\System32\GDI32.dll
0x00007ff8b2070000 - 0x00007ff8b2187000 	C:\WINDOWS\System32\gdi32full.dll
0x00007ff8b1b40000 - 0x00007ff8b1bdd000 	C:\WINDOWS\System32\msvcp_win.dll
0x00007ff8b32f0000 - 0x00007ff8b331f000 	C:\WINDOWS\System32\IMM32.DLL
0x00007ff8aece0000 - 0x00007ff8aecec000 	C:\Users\USUARIO\.p2\pool\plugins\org.eclipse.justj.openjdk.hotspot.jre.full.win32.x86_64_22.0.1.v20240426-1149\jre\bin\vcruntime140_1.dll
0x00007ff8a36a0000 - 0x00007ff8a372e000 	C:\Users\USUARIO\.p2\pool\plugins\org.eclipse.justj.openjdk.hotspot.jre.full.win32.x86_64_22.0.1.v20240426-1149\jre\bin\msvcp140.dll
0x00007ff863720000 - 0x00007ff8644e2000 	C:\Users\USUARIO\.p2\pool\plugins\org.eclipse.justj.openjdk.hotspot.jre.full.win32.x86_64_22.0.1.v20240426-1149\jre\bin\server\jvm.dll
0x00007ff8b3180000 - 0x00007ff8b3230000 	C:\WINDOWS\System32\ADVAPI32.dll
0x00007ff8b2530000 - 0x00007ff8b25d0000 	C:\WINDOWS\System32\sechost.dll
0x00007ff8b3ba0000 - 0x00007ff8b3cc3000 	C:\WINDOWS\System32\RPCRT4.dll
0x00007ff8b1e60000 - 0x00007ff8b1e87000 	C:\WINDOWS\System32\bcrypt.dll
0x00007ff8b3980000 - 0x00007ff8b39eb000 	C:\WINDOWS\System32\WS2_32.dll
0x00007ff8b1040000 - 0x00007ff8b108b000 	C:\WINDOWS\SYSTEM32\POWRPROF.dll
0x00007ff8a67f0000 - 0x00007ff8a6817000 	C:\WINDOWS\SYSTEM32\WINMM.dll
0x00007ff8a9e60000 - 0x00007ff8a9e6a000 	C:\WINDOWS\SYSTEM32\VERSION.dll
0x00007ff8b0f00000 - 0x00007ff8b0f12000 	C:\WINDOWS\SYSTEM32\UMPDC.dll
0x00007ff8af990000 - 0x00007ff8af9a2000 	C:\WINDOWS\SYSTEM32\kernel.appcore.dll
0x00007ff8aecc0000 - 0x00007ff8aecca000 	C:\Users\USUARIO\.p2\pool\plugins\org.eclipse.justj.openjdk.hotspot.jre.full.win32.x86_64_22.0.1.v20240426-1149\jre\bin\jimage.dll
0x00007ff8a3ca0000 - 0x00007ff8a3e84000 	C:\WINDOWS\SYSTEM32\DBGHELP.DLL
0x00007ff8949a0000 - 0x00007ff8949d4000 	C:\WINDOWS\SYSTEM32\dbgcore.DLL
0x00007ff8b1f90000 - 0x00007ff8b2012000 	C:\WINDOWS\System32\bcryptPrimitives.dll
0x00007ff8ae240000 - 0x00007ff8ae25e000 	C:\Users\USUARIO\.p2\pool\plugins\org.eclipse.justj.openjdk.hotspot.jre.full.win32.x86_64_22.0.1.v20240426-1149\jre\bin\java.dll
0x00007ff8b2a00000 - 0x00007ff8b316c000 	C:\WINDOWS\System32\SHELL32.dll
0x00007ff8b3a70000 - 0x00007ff8b3b9b000 	C:\WINDOWS\System32\ole32.dll
0x00007ff8b3ef0000 - 0x00007ff8b4243000 	C:\WINDOWS\System32\combase.dll
0x00007ff8ad9b0000 - 0x00007ff8ad9c7000 	C:\Users\USUARIO\.p2\pool\plugins\org.eclipse.justj.openjdk.hotspot.jre.full.win32.x86_64_22.0.1.v20240426-1149\jre\bin\zip.dll
0x00007ff8afb90000 - 0x00007ff8b032d000 	C:\WINDOWS\SYSTEM32\windows.storage.dll
0x00007ff8b1530000 - 0x00007ff8b155e000 	C:\WINDOWS\SYSTEM32\Wldp.dll
0x00007ff8b2930000 - 0x00007ff8b29fd000 	C:\WINDOWS\System32\OLEAUT32.dll
0x00007ff8b3790000 - 0x00007ff8b383d000 	C:\WINDOWS\System32\SHCORE.dll
0x00007ff8b3ce0000 - 0x00007ff8b3d35000 	C:\WINDOWS\System32\shlwapi.dll
0x00007ff8b1a40000 - 0x00007ff8b1a64000 	C:\WINDOWS\SYSTEM32\profapi.dll
0x00007ff8aecb0000 - 0x00007ff8aecc0000 	C:\Users\USUARIO\.p2\pool\plugins\org.eclipse.justj.openjdk.hotspot.jre.full.win32.x86_64_22.0.1.v20240426-1149\jre\bin\net.dll
0x00007ff8b1290000 - 0x00007ff8b12fa000 	C:\WINDOWS\system32\mswsock.dll
0x00007ff8ad970000 - 0x00007ff8ad986000 	C:\Users\USUARIO\.p2\pool\plugins\org.eclipse.justj.openjdk.hotspot.jre.full.win32.x86_64_22.0.1.v20240426-1149\jre\bin\nio.dll
0x00007ff8addb0000 - 0x00007ff8addc0000 	C:\Users\USUARIO\.p2\pool\plugins\org.eclipse.justj.openjdk.hotspot.jre.full.win32.x86_64_22.0.1.v20240426-1149\jre\bin\verify.dll
0x00007ff8a3620000 - 0x00007ff8a369b000 	C:\Users\USUARIO\AppData\Local\Temp\lwjgl_USUARIO\3.3.3+5\x64\lwjgl.dll
0x00007ff8a3590000 - 0x00007ff8a3612000 	C:\Users\USUARIO\AppData\Local\Temp\lwjgl_USUARIO\3.3.3+5\x64\glfw.dll
0x00007ff8ac0e0000 - 0x00007ff8ac125000 	C:\WINDOWS\SYSTEM32\dinput8.dll
0x00007ff8ac0c0000 - 0x00007ff8ac0d1000 	C:\WINDOWS\SYSTEM32\xinput1_4.dll
0x00007ff8b2020000 - 0x00007ff8b206e000 	C:\WINDOWS\System32\cfgmgr32.dll
0x00007ff8b1890000 - 0x00007ff8b18c3000 	C:\WINDOWS\SYSTEM32\DEVOBJ.dll
0x00007ff8af7b0000 - 0x00007ff8af7df000 	C:\WINDOWS\SYSTEM32\dwmapi.dll
0x00007ff8a3880000 - 0x00007ff8a39d2000 	C:\WINDOWS\SYSTEM32\inputhost.dll
0x00007ff8ae7a0000 - 0x00007ff8ae892000 	C:\WINDOWS\SYSTEM32\CoreMessaging.dll
0x00007ff8adc00000 - 0x00007ff8adcf6000 	C:\WINDOWS\SYSTEM32\PROPSYS.dll
0x00007ff8adaa0000 - 0x00007ff8adbf7000 	C:\WINDOWS\SYSTEM32\wintypes.dll
0x00007ff8ae260000 - 0x00007ff8ae5bb000 	C:\WINDOWS\SYSTEM32\CoreUIComponents.dll
0x00007ff8b0c60000 - 0x00007ff8b0c93000 	C:\WINDOWS\SYSTEM32\ntmarta.dll
0x00007ff8af4b0000 - 0x00007ff8af54e000 	C:\WINDOWS\system32\uxtheme.dll
0x00007ff8b4290000 - 0x00007ff8b43a4000 	C:\WINDOWS\System32\MSCTF.dll
0x00007ff88c340000 - 0x00007ff88c465000 	C:\WINDOWS\SYSTEM32\opengl32.dll
0x00007ff88dc10000 - 0x00007ff88dc3c000 	C:\WINDOWS\SYSTEM32\GLU32.dll
0x00007ff8b2660000 - 0x00007ff8b2709000 	C:\WINDOWS\System32\clbcatq.dll
0x00007ff8590a0000 - 0x00007ff85b685000 	C:\WINDOWS\System32\DriverStore\FileRepository\nvhmi.inf_amd64_fc58d2ea95538ff7\nvoglv64.dll
0x00007ff8b3320000 - 0x00007ff8b378e000 	C:\WINDOWS\System32\SETUPAPI.dll
0x00007ff8aba60000 - 0x00007ff8aba74000 	C:\WINDOWS\SYSTEM32\WTSAPI32.dll
0x00007ff8b16c0000 - 0x00007ff8b16d2000 	C:\WINDOWS\SYSTEM32\msasn1.dll
0x00007ff8a9e20000 - 0x00007ff8a9e51000 	C:\WINDOWS\SYSTEM32\cryptnet.dll
0x00007ff8b1d00000 - 0x00007ff8b1e5e000 	C:\WINDOWS\System32\CRYPT32.dll
0x00007ff8b14a0000 - 0x00007ff8b14ac000 	C:\WINDOWS\SYSTEM32\cryptbase.dll
0x00007ff8a9b00000 - 0x00007ff8a9c47000 	C:\WINDOWS\SYSTEM32\drvstore.dll
0x00007ff8b1c90000 - 0x00007ff8b1cf9000 	C:\WINDOWS\System32\WINTRUST.dll
0x00007ff8b2770000 - 0x00007ff8b278d000 	C:\WINDOWS\System32\imagehlp.dll
0x00007ff8b1480000 - 0x00007ff8b1498000 	C:\WINDOWS\SYSTEM32\CRYPTSP.dll
0x00007ff8b0b40000 - 0x00007ff8b0b74000 	C:\WINDOWS\system32\rsaenh.dll
0x00007ff884780000 - 0x00007ff8865af000 	C:\WINDOWS\System32\DriverStore\FileRepository\nvhmi.inf_amd64_fc58d2ea95538ff7\nvgpucomp64.dll
0x00007ff8a69c0000 - 0x00007ff8a69fb000 	C:\WINDOWS\SYSTEM32\dxcore.dll
0x00007ff864840000 - 0x00007ff864b10000 	C:\WINDOWS\system32\nvspcap64.dll
0x00007ff8b0800000 - 0x00007ff8b085b000 	C:\WINDOWS\SYSTEM32\WINSTA.dll
0x00007ff8b0390000 - 0x00007ff8b0482000 	C:\WINDOWS\system32\dxgi.dll
0x00007ff8acb30000 - 0x00007ff8acd93000 	C:\WINDOWS\system32\d3d11.dll
0x00007ff888220000 - 0x00007ff8882e1000 	C:\WINDOWS\System32\DriverStore\FileRepository\nvhmi.inf_amd64_fc58d2ea95538ff7\nvldumdx.dll
0x00007ff880bc0000 - 0x00007ff88477c000 	C:\WINDOWS\System32\DriverStore\FileRepository\nvhmi.inf_amd64_fc58d2ea95538ff7\nvwgf2umx.dll
0x00007ff8a2a00000 - 0x00007ff8a30e1000 	C:\WINDOWS\SYSTEM32\nvapi64.dll
0x00007ff8a39e0000 - 0x00007ff8a3ad9000 	C:\WINDOWS\SYSTEM32\textinputframework.dll
0x00007ff8a3500000 - 0x00007ff8a3582000 	C:\Users\USUARIO\AppData\Local\Temp\lwjgl_USUARIO\3.3.3+5\x64\lwjgl_stb.dll
0x00007ff89c7c0000 - 0x00007ff89c81e000 	C:\Users\USUARIO\AppData\Local\Temp\lwjgl_USUARIO\3.3.3+5\x64\lwjgl_opengl.dll

dbghelp: loaded successfully - version: 4.0.5 - missing functions: none
symbol engine: initialized successfully - sym options: 0x614 - pdb path: .;C:\Users\USUARIO\.p2\pool\plugins\org.eclipse.justj.openjdk.hotspot.jre.full.win32.x86_64_22.0.1.v20240426-1149\jre\bin;C:\WINDOWS\SYSTEM32;C:\WINDOWS\WinSxS\amd64_microsoft.windows.common-controls_6595b64144ccf1df_6.0.19041.4355_none_60b8b9eb71f62e16;C:\Users\USUARIO\.p2\pool\plugins\org.eclipse.justj.openjdk.hotspot.jre.full.win32.x86_64_22.0.1.v20240426-1149\jre\bin\server;C:\Users\USUARIO\AppData\Local\Temp\lwjgl_USUARIO\3.3.3+5\x64;C:\WINDOWS\System32\DriverStore\FileRepository\nvhmi.inf_amd64_fc58d2ea95538ff7

VM Arguments:
jvm_args: -Dfile.encoding=UTF-8 -Dstdout.encoding=UTF-8 -Dstderr.encoding=UTF-8 -XX:+ShowCodeDetailsInExceptionMessages 
java_command: Main3D
java_class_path (initial): C:\Users\USUARIO\Desktop\send-files-to-old-pc\Opengl08_Luz\target\classes;C:\Users\USUARIO\.m2\repository\org\lwjgl\lwjgl\3.3.3\lwjgl-3.3.3.jar;C:\Users\USUARIO\.m2\repository\org\lwjgl\lwjgl-assimp\3.3.3\lwjgl-assimp-3.3.3.jar;C:\Users\USUARIO\.m2\repository\org\lwjgl\lwjgl-glfw\3.3.3\lwjgl-glfw-3.3.3.jar;C:\Users\USUARIO\.m2\repository\org\lwjgl\lwjgl-openal\3.3.3\lwjgl-openal-3.3.3.jar;C:\Users\USUARIO\.m2\repository\org\lwjgl\lwjgl-opengl\3.3.3\lwjgl-opengl-3.3.3.jar;C:\Users\USUARIO\.m2\repository\org\lwjgl\lwjgl-stb\3.3.3\lwjgl-stb-3.3.3.jar;C:\Users\USUARIO\.m2\repository\org\lwjgl\lwjgl\3.3.3\lwjgl-3.3.3-natives-windows.jar;C:\Users\USUARIO\.m2\repository\org\lwjgl\lwjgl-assimp\3.3.3\lwjgl-assimp-3.3.3-natives-windows.jar;C:\Users\USUARIO\.m2\repository\org\lwjgl\lwjgl-glfw\3.3.3\lwjgl-glfw-3.3.3-natives-windows.jar;C:\Users\USUARIO\.m2\repository\org\lwjgl\lwjgl-openal\3.3.3\lwjgl-openal-3.3.3-natives-windows.jar;C:\Users\USUARIO\.m2\repository\org\lwjgl\lwjgl-opengl\3.3.3\lwjgl-opengl-3.3.3-natives-windows.jar;C:\Users\USUARIO\.m2\repository\org\lwjgl\lwjgl-stb\3.3.3\lwjgl-stb-3.3.3-natives-windows.jar;C:\Users\USUARIO\.m2\repository\org\lwjgl\lwjgl\lwjgl_util\2.9.1\lwjgl_util-2.9.1.jar;C:\Users\USUARIO\.m2\repository\org\lwjgl\lwjgl\lwjgl\2.9.1\lwjgl-2.9.1.jar;C:\Users\USUARIO\.m2\repository\org\lwjgl\lwjgl\lwjgl-platform\2.9.1\lwjgl-platform-2.9.1-natives-windows.jar;C:\Users\USUARIO\.m2\repository\org\lwjgl\lwjgl\lwjgl-platform\2.9.1\lwjgl-platform-2.9.1-natives-linux.jar;C:\Users\USUARIO\.m2\repository\org\lwjgl\lwjgl\lwjgl-platform\2.9.1\lwjgl-platform-2.9.1-natives-osx.jar;C:\Users\USUARIO\.m2\repository\net\java\jinput\jinput\2.0.5\jinput-2.0.5.jar;C:\Users\USUARIO\.m2\repository\net\java\jutils\jutils\1.0.0\jutils-1.0.0.jar;C:\Users\USUARIO\.m2\repository\net\java\jinput\jinput-platform\2.0.5\jinput-platform-2.0.5-natives-linux.jar;C:\Users\USUARIO\.m2\repository\net\java\jinput\jinput-platform\2.0.5\jinput-platform-2.0.5-natives-windows.jar;C:\Users\USUARIO\.m2\repository\net\java\jinput\jinput-platform\2.0.5\jinput-platform-2.0.5-natives-osx.jar
Launcher Type: SUN_STANDARD

[Global flags]
     intx CICompilerCount                          = 3                                         {product} {ergonomic}
     uint ConcGCThreads                            = 1                                         {product} {ergonomic}
     uint G1ConcRefinementThreads                  = 4                                         {product} {ergonomic}
   size_t G1HeapRegionSize                         = 1048576                                   {product} {ergonomic}
   size_t InitialHeapSize                          = 134217728                                 {product} {ergonomic}
   size_t MarkStackSize                            = 4194304                                   {product} {ergonomic}
   size_t MaxHeapSize                              = 2130706432                                {product} {ergonomic}
   size_t MaxNewSize                               = 1278214144                                {product} {ergonomic}
   size_t MinHeapDeltaBytes                        = 1048576                                   {product} {ergonomic}
   size_t MinHeapSize                              = 8388608                                   {product} {ergonomic}
    uintx NonNMethodCodeHeapSize                   = 5832780                                {pd product} {ergonomic}
    uintx NonProfiledCodeHeapSize                  = 122912730                              {pd product} {ergonomic}
    uintx ProfiledCodeHeapSize                     = 122912730                              {pd product} {ergonomic}
    uintx ReservedCodeCacheSize                    = 251658240                              {pd product} {ergonomic}
     bool SegmentedCodeCache                       = true                                      {product} {ergonomic}
     bool ShowCodeDetailsInExceptionMessages       = true                                   {manageable} {command line}
   size_t SoftMaxHeapSize                          = 2130706432                             {manageable} {ergonomic}
     bool UseCompressedOops                        = true                           {product lp64_product} {ergonomic}
     bool UseG1GC                                  = true                                      {product} {ergonomic}
     bool UseLargePagesIndividualAllocation        = false                                  {pd product} {ergonomic}

Logging:
Log output configuration:
 #0: stdout all=warning uptime,level,tags foldmultilines=false
 #1: stderr all=off uptime,level,tags foldmultilines=false

Environment Variables:
PATH=C:/Users/USUARIO/.p2/pool/plugins/org.eclipse.justj.openjdk.hotspot.jre.full.win32.x86_64_22.0.1.v20240426-1149/jre/bin/server;C:/Users/USUARIO/.p2/pool/plugins/org.eclipse.justj.openjdk.hotspot.jre.full.win32.x86_64_22.0.1.v20240426-1149/jre/bin;C:\WINDOWS\system32;C:\WINDOWS;C:\WINDOWS\System32\Wbem;C:\WINDOWS\System32\WindowsPowerShell\v1.0\;C:\WINDOWS\System32\OpenSSH\;C:\Program Files\NVIDIA Corporation\NVIDIA NvDLISR;C:\Program Files (x86)\NVIDIA Corporation\PhysX\Common;C:\Program Files\Git\cmd;C:\Users\USUARIO\AppData\Local\Microsoft\WindowsApps;;C:\Users\USUARIO\Desktop;
USERNAME=USUARIO
OS=Windows_NT
PROCESSOR_IDENTIFIER=Intel64 Family 6 Model 69 Stepping 1, GenuineIntel
TMP=C:\Users\USUARIO\AppData\Local\Temp
TEMP=C:\Users\USUARIO\AppData\Local\Temp




Periodic native trim disabled

---------------  S Y S T E M  ---------------

OS:
 Windows 10 , 64 bit Build 19041 (10.0.19041.3636)
OS uptime: 0 days 5:08 hours

CPU: total 4 (initial active 4) (2 cores per cpu, 2 threads per core) family 6 model 69 stepping 1 microcode 0x25, cx8, cmov, fxsr, ht, mmx, sse, sse2, sse3, ssse3, sse4.1, sse4.2, popcnt, lzcnt, tsc, tscinvbit, avx, avx2, aes, erms, clmul, bmi1, bmi2, fma, vzeroupper, clflush, rdtscp, f16c
Processor Information for all 4 processors :
  Max Mhz: 2401, Current Mhz: 2400, Mhz Limit: 2376

Memory: 4k page, system-wide physical 8122M (4271M free)
TotalPageFile size 9402M (AvailPageFile size 5051M)
current process WorkingSet (physical memory assigned to process): 99M, peak: 99M
current process commit charge ("private bytes"): 306M, peak: 306M

vm_info: OpenJDK 64-Bit Server VM (22.0.1+8) for windows-amd64 JRE (22.0.1+8), built on 2024-04-16T00:00:00Z by "admin" with MS VC++ 17.7 (VS2022)

END.
